{
  "stats": {
    "suites": 1,
    "tests": 4,
    "passes": 0,
    "pending": 0,
    "failures": 4,
    "start": "2022-07-16T16:58:42.339Z",
    "end": "2022-07-16T16:58:42.506Z",
    "duration": 167,
    "testsRegistered": 4,
    "passPercent": 0,
    "pendingPercent": 0,
    "other": 0,
    "hasOther": false,
    "skipped": 0,
    "hasSkipped": false
  },
  "results": [
    {
      "uuid": "60f6aa4f-fd6b-4be1-8cb7-d963ec208b29",
      "title": "",
      "fullFile": "cypress/integration/08.testCoverage90_spec.js",
      "file": "cypress/integration/08.testCoverage90_spec.js",
      "beforeHooks": [],
      "afterHooks": [],
      "tests": [],
      "suites": [
        {
          "uuid": "a9b59a30-ab03-4c4b-a2e7-5141f4e34f78",
          "title": "8 - Desenvolva testes para atingir 90% de cobertura total da aplicação",
          "fullFile": "",
          "file": "",
          "beforeHooks": [],
          "afterHooks": [],
          "tests": [
            {
              "title": "Cobertura de \"Statements\" total deverá ser maior ou igual a 90.",
              "fullTitle": "8 - Desenvolva testes para atingir 90% de cobertura total da aplicação Cobertura de \"Statements\" total deverá ser maior ou igual a 90.",
              "timedOut": null,
              "duration": 31,
              "state": "failed",
              "speed": null,
              "pass": false,
              "fail": true,
              "pending": false,
              "context": null,
              "code": "cy.task('getCoverage', (0, _getId.getId)()).its('total.statements.pct', {\n  timeout: 0\n}).should('be.gte', 90.00);",
              "err": {
                "message": "AssertionError: Timed out retrying after 0ms: expected 75.25 to be at least 90",
                "estack": "AssertionError: Timed out retrying after 0ms: expected 75.25 to be at least 90\n    at Context.eval (http://localhost:42837/__cypress/tests?p=cypress/integration/08.testCoverage90_spec.js:105:8)",
                "diff": "- 75.25\n+ 90\n"
              },
              "uuid": "29cce778-ea1f-4370-a3a0-858dd0146879",
              "parentUUID": "a9b59a30-ab03-4c4b-a2e7-5141f4e34f78",
              "isHook": false,
              "skipped": false
            },
            {
              "title": "Cobertura de \"Functions\" total deverá ser maior ou igual a 90.",
              "fullTitle": "8 - Desenvolva testes para atingir 90% de cobertura total da aplicação Cobertura de \"Functions\" total deverá ser maior ou igual a 90.",
              "timedOut": null,
              "duration": 18,
              "state": "failed",
              "speed": null,
              "pass": false,
              "fail": true,
              "pending": false,
              "context": null,
              "code": "cy.task('getCoverage', (0, _getId.getId)()).its('total.functions.pct', {\n  timeout: 0\n}).should('be.gte', 90.00);",
              "err": {
                "message": "AssertionError: Timed out retrying after 0ms: expected 66.66 to be at least 90",
                "estack": "AssertionError: Timed out retrying after 0ms: expected 66.66 to be at least 90\n    at Context.eval (http://localhost:42837/__cypress/tests?p=cypress/integration/08.testCoverage90_spec.js:110:8)",
                "diff": "- 66.66\n+ 90\n"
              },
              "uuid": "141a6e7f-08cd-430f-af7c-2ff19b2faba9",
              "parentUUID": "a9b59a30-ab03-4c4b-a2e7-5141f4e34f78",
              "isHook": false,
              "skipped": false
            },
            {
              "title": "Cobertura de \"Branches\" total deverá ser maior ou igual a 90.",
              "fullTitle": "8 - Desenvolva testes para atingir 90% de cobertura total da aplicação Cobertura de \"Branches\" total deverá ser maior ou igual a 90.",
              "timedOut": null,
              "duration": 14,
              "state": "failed",
              "speed": null,
              "pass": false,
              "fail": true,
              "pending": false,
              "context": null,
              "code": "cy.task('getCoverage', (0, _getId.getId)()).its('total.branches.pct', {\n  timeout: 0\n}).should('be.gte', 90.00);",
              "err": {
                "message": "AssertionError: Timed out retrying after 0ms: expected 80 to be at least 90",
                "estack": "AssertionError: Timed out retrying after 0ms: expected 80 to be at least 90\n    at Context.eval (http://localhost:42837/__cypress/tests?p=cypress/integration/08.testCoverage90_spec.js:115:8)",
                "diff": "- 80\n+ 90\n"
              },
              "uuid": "d08bf0c2-0cc2-495c-8637-58448c7ca9e7",
              "parentUUID": "a9b59a30-ab03-4c4b-a2e7-5141f4e34f78",
              "isHook": false,
              "skipped": false
            },
            {
              "title": "Cobertura de \"Lines\" total deverá ser maior ou igual a 90.",
              "fullTitle": "8 - Desenvolva testes para atingir 90% de cobertura total da aplicação Cobertura de \"Lines\" total deverá ser maior ou igual a 90.",
              "timedOut": null,
              "duration": 14,
              "state": "failed",
              "speed": null,
              "pass": false,
              "fail": true,
              "pending": false,
              "context": null,
              "code": "cy.task('getCoverage', (0, _getId.getId)()).its('total.lines.pct', {\n  timeout: 0\n}).should('be.gte', 90.00);",
              "err": {
                "message": "AssertionError: Timed out retrying after 0ms: expected 75.82 to be at least 90",
                "estack": "AssertionError: Timed out retrying after 0ms: expected 75.82 to be at least 90\n    at Context.eval (http://localhost:42837/__cypress/tests?p=cypress/integration/08.testCoverage90_spec.js:120:8)",
                "diff": "- 75.82\n+ 90\n"
              },
              "uuid": "27a2f008-135b-4e0d-8838-808560c2d76d",
              "parentUUID": "a9b59a30-ab03-4c4b-a2e7-5141f4e34f78",
              "isHook": false,
              "skipped": false
            }
          ],
          "suites": [],
          "passes": [],
          "failures": [
            "29cce778-ea1f-4370-a3a0-858dd0146879",
            "141a6e7f-08cd-430f-af7c-2ff19b2faba9",
            "d08bf0c2-0cc2-495c-8637-58448c7ca9e7",
            "27a2f008-135b-4e0d-8838-808560c2d76d"
          ],
          "pending": [],
          "skipped": [],
          "duration": 77,
          "root": false,
          "rootEmpty": false,
          "_timeout": 2000
        }
      ],
      "passes": [],
      "failures": [],
      "pending": [],
      "skipped": [],
      "duration": 0,
      "root": true,
      "rootEmpty": true,
      "_timeout": 2000
    }
  ],
  "meta": {
    "mocha": {
      "version": "7.0.1"
    },
    "mochawesome": {
      "options": {
        "quiet": false,
        "reportFilename": "mochawesome",
        "saveHtml": false,
        "saveJson": true,
        "consoleReporter": "spec",
        "useInlineDiffs": false,
        "code": true
      },
      "version": "7.1.3"
    },
    "marge": {
      "options": {
        "id": "default",
        "reportDir": "cypress/reports",
        "overwrite": false,
        "html": false,
        "json": true
      },
      "version": "6.2.0"
    }
  }
}