{
  "stats": {
    "suites": 1,
    "tests": 1,
    "passes": 0,
    "pending": 0,
    "failures": 1,
    "start": "2022-07-08T17:43:02.786Z",
    "end": "2022-07-08T17:43:03.438Z",
    "duration": 652,
    "testsRegistered": 9,
    "passPercent": 0,
    "pendingPercent": 0,
    "other": 0,
    "hasOther": false,
    "skipped": 8,
    "hasSkipped": true
  },
  "results": [
    {
      "uuid": "2ca7d262-1ce9-4c7a-a4df-155781451298",
      "title": "",
      "fullFile": "cypress/integration/03.starwarsNumericFilter_spec.js",
      "file": "cypress/integration/03.starwarsNumericFilter_spec.js",
      "beforeHooks": [],
      "afterHooks": [],
      "tests": [],
      "suites": [
        {
          "uuid": "77661398-dd8b-401d-93c6-4e9def2d8d43",
          "title": "3 - Crie um filtro para valores numéricos",
          "fullFile": "",
          "file": "",
          "beforeHooks": [],
          "afterHooks": [],
          "tests": [
            {
              "title": "Renderize o filtro de coluna",
              "fullTitle": "3 - Crie um filtro para valores numéricos Renderize o filtro de coluna",
              "timedOut": null,
              "duration": 564,
              "state": "failed",
              "speed": null,
              "pass": false,
              "fail": true,
              "pending": false,
              "context": null,
              "code": "const options = ['population', 'orbital_period', 'diameter', 'rotation_period', 'surface_water'];\ncy.getByTestId(_dataTestIds.COLUMN_FILTER).children().should('have.length', options.length).each(el => {\n  expect(el.text()).to.be.oneOf(options);\n});",
              "err": {
                "message": "CypressError: `cy.visit()` failed trying to load:\n\nhttp://localhost:3000/\n\nWe attempted to make an http request to this URL but the request failed without a response.\n\nWe received this error at the network level:\n\n  > Error: connect ECONNREFUSED 127.0.0.1:3000\n\nCommon situations why this would fail:\n  - you don't have internet access\n  - you forgot to run / boot your web server\n  - your web server isn't accessible\n  - you have weird network configuration settings on your computer\n\nBecause this error occurred during a `before each` hook we are skipping the remaining tests in the current suite: `3 - Crie um filtro para val...`",
                "estack": "CypressError: `cy.visit()` failed trying to load:\n\nhttp://localhost:3000/\n\nWe attempted to make an http request to this URL but the request failed without a response.\n\nWe received this error at the network level:\n\n  > Error: connect ECONNREFUSED 127.0.0.1:3000\n\nCommon situations why this would fail:\n  - you don't have internet access\n  - you forgot to run / boot your web server\n  - your web server isn't accessible\n  - you have weird network configuration settings on your computer\n\nBecause this error occurred during a `before each` hook we are skipping the remaining tests in the current suite: `3 - Crie um filtro para val...`\n    at http://localhost:33655/__cypress/runner/cypress_runner.js:163608:82\n    at visitFailedByErr (http://localhost:33655/__cypress/runner/cypress_runner.js:162912:12)\n    at http://localhost:33655/__cypress/runner/cypress_runner.js:163607:11\n    at tryCatcher (http://localhost:33655/__cypress/runner/cypress_runner.js:13022:23)\n    at Promise._settlePromiseFromHandler (http://localhost:33655/__cypress/runner/cypress_runner.js:10957:31)\n    at Promise._settlePromise (http://localhost:33655/__cypress/runner/cypress_runner.js:11014:18)\n    at Promise._settlePromise0 (http://localhost:33655/__cypress/runner/cypress_runner.js:11059:10)\n    at Promise._settlePromises (http://localhost:33655/__cypress/runner/cypress_runner.js:11135:18)\n    at _drainQueueStep (http://localhost:33655/__cypress/runner/cypress_runner.js:7729:12)\n    at _drainQueue (http://localhost:33655/__cypress/runner/cypress_runner.js:7722:9)\n    at Async.../../node_modules/bluebird/js/release/async.js.Async._drainQueues (http://localhost:33655/__cypress/runner/cypress_runner.js:7738:5)\n    at Async.drainQueues (http://localhost:33655/__cypress/runner/cypress_runner.js:7608:14)\nFrom Your Spec Code:\n    at Context.eval (http://localhost:33655/__cypress/tests?p=cypress/integration/03.starwarsNumericFilter_spec.js:125:8)\n\nFrom Node.js Internals:\n  Error: connect ECONNREFUSED 127.0.0.1:3000\n      at TCPConnectWrap.afterConnect [as oncomplete] (node:net:1161:16)\n  ",
                "diff": null
              },
              "uuid": "fa5a75b7-7009-4906-af48-3932943e76a5",
              "parentUUID": "77661398-dd8b-401d-93c6-4e9def2d8d43",
              "isHook": false,
              "skipped": false
            },
            {
              "title": "Renderize o filtro de comparação",
              "fullTitle": "3 - Crie um filtro para valores numéricos Renderize o filtro de comparação",
              "timedOut": null,
              "duration": 0,
              "state": "skipped",
              "speed": null,
              "pass": false,
              "fail": false,
              "pending": false,
              "context": null,
              "code": "const options = ['maior que', 'menor que', 'igual a'];\ncy.getByTestId(_dataTestIds.COMPARISON_FILTER).children().should('have.length', options.length).each(el => {\n  expect(el.text()).to.be.oneOf(options);\n});",
              "err": {},
              "uuid": "281751c2-c285-4e19-9bb0-88bd2ccecee7",
              "parentUUID": "77661398-dd8b-401d-93c6-4e9def2d8d43",
              "isHook": false,
              "skipped": true
            },
            {
              "title": "Renderize o campo para o valor do filtro",
              "fullTitle": "3 - Crie um filtro para valores numéricos Renderize o campo para o valor do filtro",
              "timedOut": null,
              "duration": 0,
              "state": "skipped",
              "speed": null,
              "pass": false,
              "fail": false,
              "pending": false,
              "context": null,
              "code": "cy.getByTestId(_dataTestIds.VALUE_FILTER).should('be.visible');",
              "err": {},
              "uuid": "b8a0d3d3-cb3a-42c7-976a-d5af4e78a8ac",
              "parentUUID": "77661398-dd8b-401d-93c6-4e9def2d8d43",
              "isHook": false,
              "skipped": true
            },
            {
              "title": "Renderize o botão para executar a filtragem",
              "fullTitle": "3 - Crie um filtro para valores numéricos Renderize o botão para executar a filtragem",
              "timedOut": null,
              "duration": 0,
              "state": "skipped",
              "speed": null,
              "pass": false,
              "fail": false,
              "pending": false,
              "context": null,
              "code": "cy.getByTestId(_dataTestIds.BUTTON_FILTER).should('be.visible');",
              "err": {},
              "uuid": "cab67e9f-9d30-40a7-a78d-5375bd68c04e",
              "parentUUID": "77661398-dd8b-401d-93c6-4e9def2d8d43",
              "isHook": false,
              "skipped": true
            },
            {
              "title": "Verifica valores iniciais de cada campo",
              "fullTitle": "3 - Crie um filtro para valores numéricos Verifica valores iniciais de cada campo",
              "timedOut": null,
              "duration": 0,
              "state": "skipped",
              "speed": null,
              "pass": false,
              "fail": false,
              "pending": false,
              "context": null,
              "code": "cy.getByTestId(_dataTestIds.COLUMN_FILTER).should('have.value', 'population');\ncy.getByTestId(_dataTestIds.COMPARISON_FILTER).should('have.value', 'maior que');\ncy.getByTestId(_dataTestIds.VALUE_FILTER).should('have.value', '0');",
              "err": {},
              "uuid": "4ef14695-8500-4af7-a0f0-3a88258ae838",
              "parentUUID": "77661398-dd8b-401d-93c6-4e9def2d8d43",
              "isHook": false,
              "skipped": true
            },
            {
              "title": "Filtre utilizando apenas o botão de filtrar",
              "fullTitle": "3 - Crie um filtro para valores numéricos Filtre utilizando apenas o botão de filtrar",
              "timedOut": null,
              "duration": 0,
              "state": "skipped",
              "speed": null,
              "pass": false,
              "fail": false,
              "pending": false,
              "context": null,
              "code": "const DEFAULT_FILTERED_ROWS = 9;\ncy.getByTestId(_dataTestIds.BUTTON_FILTER).click();\ncy.get('table tr').should('have.length', DEFAULT_FILTERED_ROWS);",
              "err": {},
              "uuid": "fe6e1eb0-8889-4134-bb22-3f89166c1973",
              "parentUUID": "77661398-dd8b-401d-93c6-4e9def2d8d43",
              "isHook": false,
              "skipped": true
            },
            {
              "title": "Filtre utilizando a comparação \"menor que\"",
              "fullTitle": "3 - Crie um filtro para valores numéricos Filtre utilizando a comparação \"menor que\"",
              "timedOut": null,
              "duration": 0,
              "state": "skipped",
              "speed": null,
              "pass": false,
              "fail": false,
              "pending": false,
              "context": null,
              "code": "const LESS_FILTERED_ROWS = 7;\ncy.addFilter('surface_water', 'menor que', '40');\ncy.get('table tr').should('have.length', LESS_FILTERED_ROWS);",
              "err": {},
              "uuid": "7b30f9f6-9c70-4cc4-9cde-bc3f8bef9a6a",
              "parentUUID": "77661398-dd8b-401d-93c6-4e9def2d8d43",
              "isHook": false,
              "skipped": true
            },
            {
              "title": "Filtre utilizando a comparação \"maior que\"",
              "fullTitle": "3 - Crie um filtro para valores numéricos Filtre utilizando a comparação \"maior que\"",
              "timedOut": null,
              "duration": 0,
              "state": "skipped",
              "speed": null,
              "pass": false,
              "fail": false,
              "pending": false,
              "context": null,
              "code": "const GREATER_FILTERED_ROWS = 8;\ncy.addFilter('diameter', 'maior que', '8900');\ncy.get('table tr').should('have.length', GREATER_FILTERED_ROWS);",
              "err": {},
              "uuid": "856b25c6-9d91-40af-9418-c32cd2b9a067",
              "parentUUID": "77661398-dd8b-401d-93c6-4e9def2d8d43",
              "isHook": false,
              "skipped": true
            },
            {
              "title": "Filtre utilizando a comparação \"igual a\"",
              "fullTitle": "3 - Crie um filtro para valores numéricos Filtre utilizando a comparação \"igual a\"",
              "timedOut": null,
              "duration": 0,
              "state": "skipped",
              "speed": null,
              "pass": false,
              "fail": false,
              "pending": false,
              "context": null,
              "code": "const EQUALS_FILTERED_ROWS = 2;\ncy.addFilter('population', 'igual a', '200000');\ncy.get('table tr').should('have.length', EQUALS_FILTERED_ROWS);",
              "err": {},
              "uuid": "c9cab9ff-f5f1-42f4-b991-9a3075466d95",
              "parentUUID": "77661398-dd8b-401d-93c6-4e9def2d8d43",
              "isHook": false,
              "skipped": true
            }
          ],
          "suites": [],
          "passes": [],
          "failures": [
            "fa5a75b7-7009-4906-af48-3932943e76a5"
          ],
          "pending": [],
          "skipped": [
            "281751c2-c285-4e19-9bb0-88bd2ccecee7",
            "b8a0d3d3-cb3a-42c7-976a-d5af4e78a8ac",
            "cab67e9f-9d30-40a7-a78d-5375bd68c04e",
            "4ef14695-8500-4af7-a0f0-3a88258ae838",
            "fe6e1eb0-8889-4134-bb22-3f89166c1973",
            "7b30f9f6-9c70-4cc4-9cde-bc3f8bef9a6a",
            "856b25c6-9d91-40af-9418-c32cd2b9a067",
            "c9cab9ff-f5f1-42f4-b991-9a3075466d95"
          ],
          "duration": 564,
          "root": false,
          "rootEmpty": false,
          "_timeout": 2000
        }
      ],
      "passes": [],
      "failures": [],
      "pending": [],
      "skipped": [],
      "duration": 0,
      "root": true,
      "rootEmpty": true,
      "_timeout": 2000
    }
  ],
  "meta": {
    "mocha": {
      "version": "7.0.1"
    },
    "mochawesome": {
      "options": {
        "quiet": false,
        "reportFilename": "mochawesome",
        "saveHtml": false,
        "saveJson": true,
        "consoleReporter": "spec",
        "useInlineDiffs": false,
        "code": true
      },
      "version": "7.1.3"
    },
    "marge": {
      "options": {
        "id": "default",
        "reportDir": "cypress/reports",
        "overwrite": false,
        "html": false,
        "json": true
      },
      "version": "6.2.0"
    }
  }
}