{
  "stats": {
    "suites": 1,
    "tests": 4,
    "passes": 0,
    "pending": 0,
    "failures": 4,
    "start": "2022-07-16T16:37:43.964Z",
    "end": "2022-07-16T16:37:44.195Z",
    "duration": 231,
    "testsRegistered": 4,
    "passPercent": 0,
    "pendingPercent": 0,
    "other": 0,
    "hasOther": false,
    "skipped": 0,
    "hasSkipped": false
  },
  "results": [
    {
      "uuid": "8db38a5a-4190-4d8e-975b-41a70ca8e295",
      "title": "",
      "fullFile": "cypress/integration/08.testCoverage90_spec.js",
      "file": "cypress/integration/08.testCoverage90_spec.js",
      "beforeHooks": [],
      "afterHooks": [],
      "tests": [],
      "suites": [
        {
          "uuid": "d8cc8658-6fac-49f1-8655-2d9e6f48b850",
          "title": "8 - Desenvolva testes para atingir 90% de cobertura total da aplicação",
          "fullFile": "",
          "file": "",
          "beforeHooks": [],
          "afterHooks": [],
          "tests": [
            {
              "title": "Cobertura de \"Statements\" total deverá ser maior ou igual a 90.",
              "fullTitle": "8 - Desenvolva testes para atingir 90% de cobertura total da aplicação Cobertura de \"Statements\" total deverá ser maior ou igual a 90.",
              "timedOut": null,
              "duration": 33,
              "state": "failed",
              "speed": null,
              "pass": false,
              "fail": true,
              "pending": false,
              "context": null,
              "code": "cy.task('getCoverage', (0, _getId.getId)()).its('total.statements.pct', {\n  timeout: 0\n}).should('be.gte', 90.00);",
              "err": {
                "message": "AssertionError: Timed out retrying after 0ms: expected 75.25 to be at least 90",
                "estack": "AssertionError: Timed out retrying after 0ms: expected 75.25 to be at least 90\n    at Context.eval (http://localhost:35325/__cypress/tests?p=cypress/integration/08.testCoverage90_spec.js:105:8)",
                "diff": "- 75.25\n+ 90\n"
              },
              "uuid": "36fac619-9a73-49ed-b89f-640102c88391",
              "parentUUID": "d8cc8658-6fac-49f1-8655-2d9e6f48b850",
              "isHook": false,
              "skipped": false
            },
            {
              "title": "Cobertura de \"Functions\" total deverá ser maior ou igual a 90.",
              "fullTitle": "8 - Desenvolva testes para atingir 90% de cobertura total da aplicação Cobertura de \"Functions\" total deverá ser maior ou igual a 90.",
              "timedOut": null,
              "duration": 25,
              "state": "failed",
              "speed": null,
              "pass": false,
              "fail": true,
              "pending": false,
              "context": null,
              "code": "cy.task('getCoverage', (0, _getId.getId)()).its('total.functions.pct', {\n  timeout: 0\n}).should('be.gte', 90.00);",
              "err": {
                "message": "AssertionError: Timed out retrying after 0ms: expected 66.66 to be at least 90",
                "estack": "AssertionError: Timed out retrying after 0ms: expected 66.66 to be at least 90\n    at Context.eval (http://localhost:35325/__cypress/tests?p=cypress/integration/08.testCoverage90_spec.js:110:8)",
                "diff": "- 66.66\n+ 90\n"
              },
              "uuid": "17f36138-30e8-41c3-acbd-e04899d6652e",
              "parentUUID": "d8cc8658-6fac-49f1-8655-2d9e6f48b850",
              "isHook": false,
              "skipped": false
            },
            {
              "title": "Cobertura de \"Branches\" total deverá ser maior ou igual a 90.",
              "fullTitle": "8 - Desenvolva testes para atingir 90% de cobertura total da aplicação Cobertura de \"Branches\" total deverá ser maior ou igual a 90.",
              "timedOut": null,
              "duration": 24,
              "state": "failed",
              "speed": null,
              "pass": false,
              "fail": true,
              "pending": false,
              "context": null,
              "code": "cy.task('getCoverage', (0, _getId.getId)()).its('total.branches.pct', {\n  timeout: 0\n}).should('be.gte', 90.00);",
              "err": {
                "message": "AssertionError: Timed out retrying after 0ms: expected 80 to be at least 90",
                "estack": "AssertionError: Timed out retrying after 0ms: expected 80 to be at least 90\n    at Context.eval (http://localhost:35325/__cypress/tests?p=cypress/integration/08.testCoverage90_spec.js:115:8)",
                "diff": "- 80\n+ 90\n"
              },
              "uuid": "134621e9-468c-4e2a-a619-e7166ee39234",
              "parentUUID": "d8cc8658-6fac-49f1-8655-2d9e6f48b850",
              "isHook": false,
              "skipped": false
            },
            {
              "title": "Cobertura de \"Lines\" total deverá ser maior ou igual a 90.",
              "fullTitle": "8 - Desenvolva testes para atingir 90% de cobertura total da aplicação Cobertura de \"Lines\" total deverá ser maior ou igual a 90.",
              "timedOut": null,
              "duration": 24,
              "state": "failed",
              "speed": null,
              "pass": false,
              "fail": true,
              "pending": false,
              "context": null,
              "code": "cy.task('getCoverage', (0, _getId.getId)()).its('total.lines.pct', {\n  timeout: 0\n}).should('be.gte', 90.00);",
              "err": {
                "message": "AssertionError: Timed out retrying after 0ms: expected 75.82 to be at least 90",
                "estack": "AssertionError: Timed out retrying after 0ms: expected 75.82 to be at least 90\n    at Context.eval (http://localhost:35325/__cypress/tests?p=cypress/integration/08.testCoverage90_spec.js:120:8)",
                "diff": "- 75.82\n+ 90\n"
              },
              "uuid": "f0f6eb5e-b047-47e6-93a5-666e8a32e172",
              "parentUUID": "d8cc8658-6fac-49f1-8655-2d9e6f48b850",
              "isHook": false,
              "skipped": false
            }
          ],
          "suites": [],
          "passes": [],
          "failures": [
            "36fac619-9a73-49ed-b89f-640102c88391",
            "17f36138-30e8-41c3-acbd-e04899d6652e",
            "134621e9-468c-4e2a-a619-e7166ee39234",
            "f0f6eb5e-b047-47e6-93a5-666e8a32e172"
          ],
          "pending": [],
          "skipped": [],
          "duration": 106,
          "root": false,
          "rootEmpty": false,
          "_timeout": 2000
        }
      ],
      "passes": [],
      "failures": [],
      "pending": [],
      "skipped": [],
      "duration": 0,
      "root": true,
      "rootEmpty": true,
      "_timeout": 2000
    }
  ],
  "meta": {
    "mocha": {
      "version": "7.0.1"
    },
    "mochawesome": {
      "options": {
        "quiet": false,
        "reportFilename": "mochawesome",
        "saveHtml": false,
        "saveJson": true,
        "consoleReporter": "spec",
        "useInlineDiffs": false,
        "code": true
      },
      "version": "7.1.3"
    },
    "marge": {
      "options": {
        "id": "default",
        "reportDir": "cypress/reports",
        "overwrite": false,
        "html": false,
        "json": true
      },
      "version": "6.2.0"
    }
  }
}