{
  "stats": {
    "suites": 1,
    "tests": 4,
    "passes": 4,
    "pending": 0,
    "failures": 0,
    "start": "2022-07-09T01:48:31.110Z",
    "end": "2022-07-09T01:52:25.130Z",
    "duration": 234020,
    "testsRegistered": 4,
    "passPercent": 100,
    "pendingPercent": 0,
    "other": 0,
    "hasOther": false,
    "skipped": 0,
    "hasSkipped": false
  },
  "results": [
    {
      "uuid": "32dead20-a9c2-4d68-b85d-96861a81ad39",
      "title": "",
      "fullFile": "cypress/integration/01.starwarsApi_spec.js",
      "file": "cypress/integration/01.starwarsApi_spec.js",
      "beforeHooks": [],
      "afterHooks": [],
      "tests": [],
      "suites": [
        {
          "uuid": "4a1c4dd5-a82b-4b31-a0ab-08237a359bbc",
          "title": "1 - Faça uma requisição para o endpoint `/planets` da API de Star Wars e preencha uma tabela com os dados retornados, com exceção dos da coluna `residents`",
          "fullFile": "",
          "file": "",
          "beforeHooks": [],
          "afterHooks": [],
          "tests": [
            {
              "title": "Realize uma requisição para a API",
              "fullTitle": "1 - Faça uma requisição para o endpoint `/planets` da API de Star Wars e preencha uma tabela com os dados retornados, com exceção dos da coluna `residents` Realize uma requisição para a API",
              "timedOut": null,
              "duration": 27137,
              "state": "passed",
              "speed": "slow",
              "pass": true,
              "fail": false,
              "pending": false,
              "context": null,
              "code": "cy.get('@mockFetch').should('be.called');",
              "err": {},
              "uuid": "1e8fdd7f-5dbf-4752-a0d3-3ddf9e080c2d",
              "parentUUID": "4a1c4dd5-a82b-4b31-a0ab-08237a359bbc",
              "isHook": false,
              "skipped": false
            },
            {
              "title": "Preencha a tabela com os dados retornados",
              "fullTitle": "1 - Faça uma requisição para o endpoint `/planets` da API de Star Wars e preencha uma tabela com os dados retornados, com exceção dos da coluna `residents` Preencha a tabela com os dados retornados",
              "timedOut": null,
              "duration": 133410,
              "state": "passed",
              "speed": "slow",
              "pass": true,
              "fail": false,
              "pending": false,
              "context": null,
              "code": "planets.forEach(planet => {\n  cy.contains(planet.name);\n  cy.contains(planet.rotation_period);\n  cy.contains(planet.orbital_period);\n  cy.contains(planet.diameter);\n  cy.contains(planet.climate);\n  cy.contains(planet.gravity);\n  cy.contains(planet.terrain);\n  cy.contains(planet.surface_water);\n  cy.contains(planet.population);\n});",
              "err": {},
              "uuid": "86c0870e-333e-4087-a8ff-15079f0a1f51",
              "parentUUID": "4a1c4dd5-a82b-4b31-a0ab-08237a359bbc",
              "isHook": false,
              "skipped": false
            },
            {
              "title": "Verifique se a tabela tem 13 colunas",
              "fullTitle": "1 - Faça uma requisição para o endpoint `/planets` da API de Star Wars e preencha uma tabela com os dados retornados, com exceção dos da coluna `residents` Verifique se a tabela tem 13 colunas",
              "timedOut": null,
              "duration": 8324,
              "state": "passed",
              "speed": "medium",
              "pass": true,
              "fail": false,
              "pending": false,
              "context": null,
              "code": "// a requisição (mock) retorna 14 chaves em cada planeta, mas a chave `residents` não deve ser exibida totalizando 13 colunas\ncy.get('table tr:first th').should('have.length', MAX_COLUMNS_COUNT);",
              "err": {},
              "uuid": "71118a84-ee43-4580-adfd-d88fdc019b65",
              "parentUUID": "4a1c4dd5-a82b-4b31-a0ab-08237a359bbc",
              "isHook": false,
              "skipped": false
            },
            {
              "title": "Verifique se a tabela tem uma linha para cada planeta retornado",
              "fullTitle": "1 - Faça uma requisição para o endpoint `/planets` da API de Star Wars e preencha uma tabela com os dados retornados, com exceção dos da coluna `residents` Verifique se a tabela tem uma linha para cada planeta retornado",
              "timedOut": null,
              "duration": 8859,
              "state": "passed",
              "speed": "medium",
              "pass": true,
              "fail": false,
              "pending": false,
              "context": null,
              "code": "// a requisição (mock) retorna 10 planetas, somando com mais um linha do header totalizando 11 linhas\ncy.get('table tr').should('have.length', planets.length + 1);",
              "err": {},
              "uuid": "3a8b29b4-8cf1-4294-a04c-a9cb6989e7f0",
              "parentUUID": "4a1c4dd5-a82b-4b31-a0ab-08237a359bbc",
              "isHook": false,
              "skipped": false
            }
          ],
          "suites": [],
          "passes": [
            "1e8fdd7f-5dbf-4752-a0d3-3ddf9e080c2d",
            "86c0870e-333e-4087-a8ff-15079f0a1f51",
            "71118a84-ee43-4580-adfd-d88fdc019b65",
            "3a8b29b4-8cf1-4294-a04c-a9cb6989e7f0"
          ],
          "failures": [],
          "pending": [],
          "skipped": [],
          "duration": 177730,
          "root": false,
          "rootEmpty": false,
          "_timeout": 2000
        }
      ],
      "passes": [],
      "failures": [],
      "pending": [],
      "skipped": [],
      "duration": 0,
      "root": true,
      "rootEmpty": true,
      "_timeout": 2000
    }
  ],
  "meta": {
    "mocha": {
      "version": "7.0.1"
    },
    "mochawesome": {
      "options": {
        "quiet": false,
        "reportFilename": "mochawesome",
        "saveHtml": false,
        "saveJson": true,
        "consoleReporter": "spec",
        "useInlineDiffs": false,
        "code": true
      },
      "version": "7.1.3"
    },
    "marge": {
      "options": {
        "id": "default",
        "reportDir": "cypress/reports",
        "overwrite": false,
        "html": false,
        "json": true
      },
      "version": "6.2.0"
    }
  }
}