{
  "stats": {
    "suites": 1,
    "tests": 9,
    "passes": 6,
    "pending": 0,
    "failures": 3,
    "start": "2022-07-09T01:52:34.913Z",
    "end": "2022-07-09T01:53:16.051Z",
    "duration": 41138,
    "testsRegistered": 9,
    "passPercent": 66.66666666666666,
    "pendingPercent": 0,
    "other": 0,
    "hasOther": false,
    "skipped": 0,
    "hasSkipped": false
  },
  "results": [
    {
      "uuid": "f732701f-4401-456f-9f85-13983bcd5036",
      "title": "",
      "fullFile": "cypress/integration/03.starwarsNumericFilter_spec.js",
      "file": "cypress/integration/03.starwarsNumericFilter_spec.js",
      "beforeHooks": [],
      "afterHooks": [],
      "tests": [],
      "suites": [
        {
          "uuid": "c5f55062-c495-4d6b-8ed8-a49fb1d1af06",
          "title": "3 - Crie um filtro para valores numéricos",
          "fullFile": "",
          "file": "",
          "beforeHooks": [],
          "afterHooks": [],
          "tests": [
            {
              "title": "Renderize o filtro de coluna",
              "fullTitle": "3 - Crie um filtro para valores numéricos Renderize o filtro de coluna",
              "timedOut": null,
              "duration": 355,
              "state": "passed",
              "speed": "fast",
              "pass": true,
              "fail": false,
              "pending": false,
              "context": null,
              "code": "const options = ['population', 'orbital_period', 'diameter', 'rotation_period', 'surface_water'];\ncy.getByTestId(_dataTestIds.COLUMN_FILTER).children().should('have.length', options.length).each(el => {\n  expect(el.text()).to.be.oneOf(options);\n});",
              "err": {},
              "uuid": "3cae49a3-4b86-419f-b277-d77e4e81a014",
              "parentUUID": "c5f55062-c495-4d6b-8ed8-a49fb1d1af06",
              "isHook": false,
              "skipped": false
            },
            {
              "title": "Renderize o filtro de comparação",
              "fullTitle": "3 - Crie um filtro para valores numéricos Renderize o filtro de comparação",
              "timedOut": null,
              "duration": 100,
              "state": "passed",
              "speed": "fast",
              "pass": true,
              "fail": false,
              "pending": false,
              "context": null,
              "code": "const options = ['maior que', 'menor que', 'igual a'];\ncy.getByTestId(_dataTestIds.COMPARISON_FILTER).children().should('have.length', options.length).each(el => {\n  expect(el.text()).to.be.oneOf(options);\n});",
              "err": {},
              "uuid": "20024b0c-ca1a-46fd-9527-44ac8ae37f47",
              "parentUUID": "c5f55062-c495-4d6b-8ed8-a49fb1d1af06",
              "isHook": false,
              "skipped": false
            },
            {
              "title": "Renderize o campo para o valor do filtro",
              "fullTitle": "3 - Crie um filtro para valores numéricos Renderize o campo para o valor do filtro",
              "timedOut": null,
              "duration": 71,
              "state": "passed",
              "speed": "fast",
              "pass": true,
              "fail": false,
              "pending": false,
              "context": null,
              "code": "cy.getByTestId(_dataTestIds.VALUE_FILTER).should('be.visible');",
              "err": {},
              "uuid": "d78ddefd-98b9-4808-afd2-4fbc3815e8a1",
              "parentUUID": "c5f55062-c495-4d6b-8ed8-a49fb1d1af06",
              "isHook": false,
              "skipped": false
            },
            {
              "title": "Renderize o botão para executar a filtragem",
              "fullTitle": "3 - Crie um filtro para valores numéricos Renderize o botão para executar a filtragem",
              "timedOut": null,
              "duration": 63,
              "state": "passed",
              "speed": "fast",
              "pass": true,
              "fail": false,
              "pending": false,
              "context": null,
              "code": "cy.getByTestId(_dataTestIds.BUTTON_FILTER).should('be.visible');",
              "err": {},
              "uuid": "feff5b83-b01e-40b9-a5b8-384f6b76d517",
              "parentUUID": "c5f55062-c495-4d6b-8ed8-a49fb1d1af06",
              "isHook": false,
              "skipped": false
            },
            {
              "title": "Verifica valores iniciais de cada campo",
              "fullTitle": "3 - Crie um filtro para valores numéricos Verifica valores iniciais de cada campo",
              "timedOut": null,
              "duration": 65,
              "state": "passed",
              "speed": "fast",
              "pass": true,
              "fail": false,
              "pending": false,
              "context": null,
              "code": "cy.getByTestId(_dataTestIds.COLUMN_FILTER).should('have.value', 'population');\ncy.getByTestId(_dataTestIds.COMPARISON_FILTER).should('have.value', 'maior que');\ncy.getByTestId(_dataTestIds.VALUE_FILTER).should('have.value', '0');",
              "err": {},
              "uuid": "a0af857c-4c94-4ca1-bdb9-1ea7bd4e34e4",
              "parentUUID": "c5f55062-c495-4d6b-8ed8-a49fb1d1af06",
              "isHook": false,
              "skipped": false
            },
            {
              "title": "Filtre utilizando apenas o botão de filtrar",
              "fullTitle": "3 - Crie um filtro para valores numéricos Filtre utilizando apenas o botão de filtrar",
              "timedOut": null,
              "duration": 187,
              "state": "passed",
              "speed": "fast",
              "pass": true,
              "fail": false,
              "pending": false,
              "context": null,
              "code": "const DEFAULT_FILTERED_ROWS = 9;\ncy.getByTestId(_dataTestIds.BUTTON_FILTER).click();\ncy.get('table tr').should('have.length', DEFAULT_FILTERED_ROWS);",
              "err": {},
              "uuid": "648c82d9-f744-4117-999f-20d989e44705",
              "parentUUID": "c5f55062-c495-4d6b-8ed8-a49fb1d1af06",
              "isHook": false,
              "skipped": false
            },
            {
              "title": "Filtre utilizando a comparação \"menor que\"",
              "fullTitle": "3 - Crie um filtro para valores numéricos Filtre utilizando a comparação \"menor que\"",
              "timedOut": null,
              "duration": 10855,
              "state": "failed",
              "speed": null,
              "pass": false,
              "fail": true,
              "pending": false,
              "context": null,
              "code": "const LESS_FILTERED_ROWS = 7;\ncy.addFilter('surface_water', 'menor que', '40');\ncy.get('table tr').should('have.length', LESS_FILTERED_ROWS);",
              "err": {
                "message": "AssertionError: Timed out retrying after 10000ms: Too many elements found. Found '10', expected '7'.",
                "estack": "AssertionError: Timed out retrying after 10000ms: Too many elements found. Found '10', expected '7'.\n    at Context.eval (http://localhost:3000/__cypress/tests?p=cypress/integration/03.starwarsNumericFilter_spec.js:163:24)",
                "diff": "- 10\n+ 7\n"
              },
              "uuid": "05d331b0-4ab9-4c8d-88df-b8f2ff524b12",
              "parentUUID": "c5f55062-c495-4d6b-8ed8-a49fb1d1af06",
              "isHook": false,
              "skipped": false
            },
            {
              "title": "Filtre utilizando a comparação \"maior que\"",
              "fullTitle": "3 - Crie um filtro para valores numéricos Filtre utilizando a comparação \"maior que\"",
              "timedOut": null,
              "duration": 12277,
              "state": "failed",
              "speed": null,
              "pass": false,
              "fail": true,
              "pending": false,
              "context": null,
              "code": "const GREATER_FILTERED_ROWS = 8;\ncy.addFilter('diameter', 'maior que', '8900');\ncy.get('table tr').should('have.length', GREATER_FILTERED_ROWS);",
              "err": {
                "message": "AssertionError: Timed out retrying after 10000ms: Not enough elements found. Found '2', expected '8'.",
                "estack": "AssertionError: Timed out retrying after 10000ms: Not enough elements found. Found '2', expected '8'.\n    at Context.eval (http://localhost:3000/__cypress/tests?p=cypress/integration/03.starwarsNumericFilter_spec.js:168:24)",
                "diff": "- 2\n+ 8\n"
              },
              "uuid": "cc23b09b-6100-4389-bb21-3a4d1b8c0440",
              "parentUUID": "c5f55062-c495-4d6b-8ed8-a49fb1d1af06",
              "isHook": false,
              "skipped": false
            },
            {
              "title": "Filtre utilizando a comparação \"igual a\"",
              "fullTitle": "3 - Crie um filtro para valores numéricos Filtre utilizando a comparação \"igual a\"",
              "timedOut": null,
              "duration": 15212,
              "state": "failed",
              "speed": null,
              "pass": false,
              "fail": true,
              "pending": false,
              "context": null,
              "code": "const EQUALS_FILTERED_ROWS = 2;\ncy.addFilter('population', 'igual a', '200000');\ncy.get('table tr').should('have.length', EQUALS_FILTERED_ROWS);",
              "err": {
                "message": "AssertionError: Timed out retrying after 10000ms: Not enough elements found. Found '1', expected '2'.",
                "estack": "AssertionError: Timed out retrying after 10000ms: Not enough elements found. Found '1', expected '2'.\n    at Context.eval (http://localhost:3000/__cypress/tests?p=cypress/integration/03.starwarsNumericFilter_spec.js:173:24)",
                "diff": "- 1\n+ 2\n"
              },
              "uuid": "3455538b-e4e5-4a98-bb13-f1473fba9320",
              "parentUUID": "c5f55062-c495-4d6b-8ed8-a49fb1d1af06",
              "isHook": false,
              "skipped": false
            }
          ],
          "suites": [],
          "passes": [
            "3cae49a3-4b86-419f-b277-d77e4e81a014",
            "20024b0c-ca1a-46fd-9527-44ac8ae37f47",
            "d78ddefd-98b9-4808-afd2-4fbc3815e8a1",
            "feff5b83-b01e-40b9-a5b8-384f6b76d517",
            "a0af857c-4c94-4ca1-bdb9-1ea7bd4e34e4",
            "648c82d9-f744-4117-999f-20d989e44705"
          ],
          "failures": [
            "05d331b0-4ab9-4c8d-88df-b8f2ff524b12",
            "cc23b09b-6100-4389-bb21-3a4d1b8c0440",
            "3455538b-e4e5-4a98-bb13-f1473fba9320"
          ],
          "pending": [],
          "skipped": [],
          "duration": 39185,
          "root": false,
          "rootEmpty": false,
          "_timeout": 2000
        }
      ],
      "passes": [],
      "failures": [],
      "pending": [],
      "skipped": [],
      "duration": 0,
      "root": true,
      "rootEmpty": true,
      "_timeout": 2000
    }
  ],
  "meta": {
    "mocha": {
      "version": "7.0.1"
    },
    "mochawesome": {
      "options": {
        "quiet": false,
        "reportFilename": "mochawesome",
        "saveHtml": false,
        "saveJson": true,
        "consoleReporter": "spec",
        "useInlineDiffs": false,
        "code": true
      },
      "version": "7.1.3"
    },
    "marge": {
      "options": {
        "id": "default",
        "reportDir": "cypress/reports",
        "overwrite": false,
        "html": false,
        "json": true
      },
      "version": "6.2.0"
    }
  }
}