{
  "stats": {
    "suites": 1,
    "tests": 3,
    "passes": 3,
    "pending": 0,
    "failures": 0,
    "start": "2022-07-16T16:37:37.433Z",
    "end": "2022-07-16T16:37:43.235Z",
    "duration": 5802,
    "testsRegistered": 3,
    "passPercent": 100,
    "pendingPercent": 0,
    "other": 0,
    "hasOther": false,
    "skipped": 0,
    "hasSkipped": false
  },
  "results": [
    {
      "uuid": "0ab5d271-cfc2-4055-9f08-64ae5c578a0a",
      "title": "",
      "fullFile": "cypress/integration/07.deleteFilters_spec.js",
      "file": "cypress/integration/07.deleteFilters_spec.js",
      "beforeHooks": [],
      "afterHooks": [],
      "tests": [],
      "suites": [
        {
          "uuid": "53d3e104-1742-4432-813e-bd0b2f7b2007",
          "title": "7 - Apague um filtro de valor numérico ao clicar no ícone de X de um dos filtros e apague todas filtragens numéricas simultaneamente ao clicar em outro botão de Remover todas filtragens",
          "fullFile": "",
          "file": "",
          "beforeHooks": [],
          "afterHooks": [],
          "tests": [
            {
              "title": "Adicione um filtro e verifique se a tabela foi atualizada com as informações filtradas, depois remova o filtro e verifique se os valores da tabela voltaram ao original",
              "fullTitle": "7 - Apague um filtro de valor numérico ao clicar no ícone de X de um dos filtros e apague todas filtragens numéricas simultaneamente ao clicar em outro botão de Remover todas filtragens Adicione um filtro e verifique se a tabela foi atualizada com as informações filtradas, depois remova o filtro e verifique se os valores da tabela voltaram ao original",
              "timedOut": null,
              "duration": 1067,
              "state": "passed",
              "speed": "fast",
              "pass": true,
              "fail": false,
              "pending": false,
              "context": null,
              "code": "cy.get('table tr').should('have.length', TOTAL_ROWS_COUNT);\ncy.addFilter('diameter', 'maior que', '8900');\ncy.get('table tr').should('have.length', FILTERED_ROWS_COUNT);\nremoveFilter(DIAMETER_FILTER_INDEX);\ncy.get('table tr').should('have.length', TOTAL_ROWS_COUNT);",
              "err": {},
              "uuid": "78aa9496-a188-4d41-9f59-4f689f28788d",
              "parentUUID": "53d3e104-1742-4432-813e-bd0b2f7b2007",
              "isHook": false,
              "skipped": false
            },
            {
              "title": "Adicione dois filtros e verifique se a tabela foi atualizada com as informações filtradas, depois remova os filtros e verifique se os valores da tabela voltaram ao original",
              "fullTitle": "7 - Apague um filtro de valor numérico ao clicar no ícone de X de um dos filtros e apague todas filtragens numéricas simultaneamente ao clicar em outro botão de Remover todas filtragens Adicione dois filtros e verifique se a tabela foi atualizada com as informações filtradas, depois remova os filtros e verifique se os valores da tabela voltaram ao original",
              "timedOut": null,
              "duration": 1770,
              "state": "passed",
              "speed": "fast",
              "pass": true,
              "fail": false,
              "pending": false,
              "context": null,
              "code": "cy.get('table tr').should('have.length', TOTAL_ROWS_COUNT);\ncy.addFilter('diameter', 'maior que', '8900');\ncy.addFilter('population', 'menor que', '1000000');\ncy.get('table tr').should('have.length', DOUBLE_FILTERED);\nremoveFilter(POPULATION_FILTER_INDEX);\ncy.get('table tr').should('have.length', FILTERED_ROWS_COUNT);\nremoveFilter(DIAMETER_FILTER_INDEX);\ncy.get('table tr').should('have.length', TOTAL_ROWS_COUNT);",
              "err": {},
              "uuid": "961e29d3-fe52-455d-a6b9-71b9b45f0b56",
              "parentUUID": "53d3e104-1742-4432-813e-bd0b2f7b2007",
              "isHook": false,
              "skipped": false
            },
            {
              "title": "Adicione três filtros e clique no botão Remover Filtragens, todos os filtros deverão ser removidos",
              "fullTitle": "7 - Apague um filtro de valor numérico ao clicar no ícone de X de um dos filtros e apague todas filtragens numéricas simultaneamente ao clicar em outro botão de Remover todas filtragens Adicione três filtros e clique no botão Remover Filtragens, todos os filtros deverão ser removidos",
              "timedOut": null,
              "duration": 2279,
              "state": "passed",
              "speed": "fast",
              "pass": true,
              "fail": false,
              "pending": false,
              "context": null,
              "code": "cy.get('table tr').should('have.length', TOTAL_ROWS_COUNT);\ncy.addFilter('diameter', 'maior que', '8900');\ncy.addFilter('population', 'menor que', '1000000');\ncy.addFilter('rotation_period', 'igual a', '23');\ncy.get('table tr').should('have.length', TRIPLE_FILTERED);\ncy.getByTestId(_dataTestIds.BUTTON_REMOVE_FILTERS).click();\ncy.get('table tr').should('have.length', TOTAL_ROWS_COUNT);",
              "err": {},
              "uuid": "8913374d-2a85-4b45-b9b3-42ca6d634cd2",
              "parentUUID": "53d3e104-1742-4432-813e-bd0b2f7b2007",
              "isHook": false,
              "skipped": false
            }
          ],
          "suites": [],
          "passes": [
            "78aa9496-a188-4d41-9f59-4f689f28788d",
            "961e29d3-fe52-455d-a6b9-71b9b45f0b56",
            "8913374d-2a85-4b45-b9b3-42ca6d634cd2"
          ],
          "failures": [],
          "pending": [],
          "skipped": [],
          "duration": 5116,
          "root": false,
          "rootEmpty": false,
          "_timeout": 2000
        }
      ],
      "passes": [],
      "failures": [],
      "pending": [],
      "skipped": [],
      "duration": 0,
      "root": true,
      "rootEmpty": true,
      "_timeout": 2000
    }
  ],
  "meta": {
    "mocha": {
      "version": "7.0.1"
    },
    "mochawesome": {
      "options": {
        "quiet": false,
        "reportFilename": "mochawesome",
        "saveHtml": false,
        "saveJson": true,
        "consoleReporter": "spec",
        "useInlineDiffs": false,
        "code": true
      },
      "version": "7.1.3"
    },
    "marge": {
      "options": {
        "id": "default",
        "reportDir": "cypress/reports",
        "overwrite": false,
        "html": false,
        "json": true
      },
      "version": "6.2.0"
    }
  }
}