{
  "stats": {
    "suites": 1,
    "tests": 4,
    "passes": 4,
    "pending": 0,
    "failures": 0,
    "start": "2022-07-16T16:37:30.228Z",
    "end": "2022-07-16T16:37:33.936Z",
    "duration": 3708,
    "testsRegistered": 4,
    "passPercent": 100,
    "pendingPercent": 0,
    "other": 0,
    "hasOther": false,
    "skipped": 0,
    "hasSkipped": false
  },
  "results": [
    {
      "uuid": "b4686532-21d4-4e8e-b4fe-72c91a4aad5b",
      "title": "",
      "fullFile": "cypress/integration/05.testCoverage50_spec.js",
      "file": "cypress/integration/05.testCoverage50_spec.js",
      "beforeHooks": [],
      "afterHooks": [],
      "tests": [],
      "suites": [
        {
          "uuid": "4754109b-03ae-42d7-97d4-f318adb00f31",
          "title": "5 - Desenvolva testes para atingir 50% de cobertura total da aplicação",
          "fullFile": "",
          "file": "",
          "beforeHooks": [],
          "afterHooks": [],
          "tests": [
            {
              "title": "Cobertura de \"Statements\" total deverá ser maior ou igual a 50.",
              "fullTitle": "5 - Desenvolva testes para atingir 50% de cobertura total da aplicação Cobertura de \"Statements\" total deverá ser maior ou igual a 50.",
              "timedOut": null,
              "duration": 3626,
              "state": "passed",
              "speed": "fast",
              "pass": true,
              "fail": false,
              "pending": false,
              "context": null,
              "code": "cy.task('getCoverage', (0, _getId.getId)()).its('total.statements.pct', {\n  timeout: 0\n}).should('be.gte', 50.00);",
              "err": {},
              "uuid": "02251f98-7438-4d6d-a6bd-7854522ea800",
              "parentUUID": "4754109b-03ae-42d7-97d4-f318adb00f31",
              "isHook": false,
              "skipped": false
            },
            {
              "title": "Cobertura de \"Functions\" total deverá ser maior ou igual a 50.",
              "fullTitle": "5 - Desenvolva testes para atingir 50% de cobertura total da aplicação Cobertura de \"Functions\" total deverá ser maior ou igual a 50.",
              "timedOut": null,
              "duration": 23,
              "state": "passed",
              "speed": "fast",
              "pass": true,
              "fail": false,
              "pending": false,
              "context": null,
              "code": "cy.task('getCoverage', (0, _getId.getId)()).its('total.functions.pct', {\n  timeout: 0\n}).should('be.gte', 50.00);",
              "err": {},
              "uuid": "33eab924-bfaf-4149-9724-f159d0f3b7e1",
              "parentUUID": "4754109b-03ae-42d7-97d4-f318adb00f31",
              "isHook": false,
              "skipped": false
            },
            {
              "title": "Cobertura de \"Branches\" total deverá ser maior ou igual a 50.",
              "fullTitle": "5 - Desenvolva testes para atingir 50% de cobertura total da aplicação Cobertura de \"Branches\" total deverá ser maior ou igual a 50.",
              "timedOut": null,
              "duration": 15,
              "state": "passed",
              "speed": "fast",
              "pass": true,
              "fail": false,
              "pending": false,
              "context": null,
              "code": "cy.task('getCoverage', (0, _getId.getId)()).its('total.branches.pct', {\n  timeout: 0\n}).should('be.gte', 50.00);",
              "err": {},
              "uuid": "b0e5a290-d5c5-41a6-a3f7-9cc13f4056c1",
              "parentUUID": "4754109b-03ae-42d7-97d4-f318adb00f31",
              "isHook": false,
              "skipped": false
            },
            {
              "title": "Cobertura de \"Lines\" total deverá ser maior ou igual a 50.",
              "fullTitle": "5 - Desenvolva testes para atingir 50% de cobertura total da aplicação Cobertura de \"Lines\" total deverá ser maior ou igual a 50.",
              "timedOut": null,
              "duration": 18,
              "state": "passed",
              "speed": "fast",
              "pass": true,
              "fail": false,
              "pending": false,
              "context": null,
              "code": "cy.task('getCoverage', (0, _getId.getId)()).its('total.lines.pct', {\n  timeout: 0\n}).should('be.gte', 50.00);",
              "err": {},
              "uuid": "9ee6c18e-2309-45c0-b4ed-0b9978ab3f0d",
              "parentUUID": "4754109b-03ae-42d7-97d4-f318adb00f31",
              "isHook": false,
              "skipped": false
            }
          ],
          "suites": [],
          "passes": [
            "02251f98-7438-4d6d-a6bd-7854522ea800",
            "33eab924-bfaf-4149-9724-f159d0f3b7e1",
            "b0e5a290-d5c5-41a6-a3f7-9cc13f4056c1",
            "9ee6c18e-2309-45c0-b4ed-0b9978ab3f0d"
          ],
          "failures": [],
          "pending": [],
          "skipped": [],
          "duration": 3682,
          "root": false,
          "rootEmpty": false,
          "_timeout": 2000
        }
      ],
      "passes": [],
      "failures": [],
      "pending": [],
      "skipped": [],
      "duration": 0,
      "root": true,
      "rootEmpty": true,
      "_timeout": 2000
    }
  ],
  "meta": {
    "mocha": {
      "version": "7.0.1"
    },
    "mochawesome": {
      "options": {
        "quiet": false,
        "reportFilename": "mochawesome",
        "saveHtml": false,
        "saveJson": true,
        "consoleReporter": "spec",
        "useInlineDiffs": false,
        "code": true
      },
      "version": "7.1.3"
    },
    "marge": {
      "options": {
        "id": "default",
        "reportDir": "cypress/reports",
        "overwrite": false,
        "html": false,
        "json": true
      },
      "version": "6.2.0"
    }
  }
}