{
  "stats": {
    "suites": 1,
    "tests": 4,
    "passes": 4,
    "pending": 0,
    "failures": 0,
    "start": "2022-07-08T21:32:36.935Z",
    "end": "2022-07-08T21:32:38.421Z",
    "duration": 1486,
    "testsRegistered": 4,
    "passPercent": 100,
    "pendingPercent": 0,
    "other": 0,
    "hasOther": false,
    "skipped": 0,
    "hasSkipped": false
  },
  "results": [
    {
      "uuid": "b2e4f5ba-714f-4866-a0f9-348e0af7b023",
      "title": "",
      "fullFile": "cypress/integration/01.starwarsApi_spec.js",
      "file": "cypress/integration/01.starwarsApi_spec.js",
      "beforeHooks": [],
      "afterHooks": [],
      "tests": [],
      "suites": [
        {
          "uuid": "1fe8641b-bdfa-4dd2-86c8-55712b623a85",
          "title": "1 - Faça uma requisição para o endpoint `/planets` da API de Star Wars e preencha uma tabela com os dados retornados, com exceção dos da coluna `residents`",
          "fullFile": "",
          "file": "",
          "beforeHooks": [],
          "afterHooks": [],
          "tests": [
            {
              "title": "Realize uma requisição para a API",
              "fullTitle": "1 - Faça uma requisição para o endpoint `/planets` da API de Star Wars e preencha uma tabela com os dados retornados, com exceção dos da coluna `residents` Realize uma requisição para a API",
              "timedOut": null,
              "duration": 288,
              "state": "passed",
              "speed": "fast",
              "pass": true,
              "fail": false,
              "pending": false,
              "context": null,
              "code": "cy.get('@mockFetch').should('be.called');",
              "err": {},
              "uuid": "10f77246-2a4a-486e-8ae5-0b3d29eff2ef",
              "parentUUID": "1fe8641b-bdfa-4dd2-86c8-55712b623a85",
              "isHook": false,
              "skipped": false
            },
            {
              "title": "Preencha a tabela com os dados retornados",
              "fullTitle": "1 - Faça uma requisição para o endpoint `/planets` da API de Star Wars e preencha uma tabela com os dados retornados, com exceção dos da coluna `residents` Preencha a tabela com os dados retornados",
              "timedOut": null,
              "duration": 315,
              "state": "passed",
              "speed": "fast",
              "pass": true,
              "fail": false,
              "pending": false,
              "context": null,
              "code": "planets.forEach(planet => {\n  cy.contains(planet.name);\n  cy.contains(planet.rotation_period);\n  cy.contains(planet.orbital_period);\n  cy.contains(planet.diameter);\n  cy.contains(planet.climate);\n  cy.contains(planet.gravity);\n  cy.contains(planet.terrain);\n  cy.contains(planet.surface_water);\n  cy.contains(planet.population);\n});",
              "err": {},
              "uuid": "70381ef0-983f-4e6c-b404-be4b5390a217",
              "parentUUID": "1fe8641b-bdfa-4dd2-86c8-55712b623a85",
              "isHook": false,
              "skipped": false
            },
            {
              "title": "Verifique se a tabela tem 13 colunas",
              "fullTitle": "1 - Faça uma requisição para o endpoint `/planets` da API de Star Wars e preencha uma tabela com os dados retornados, com exceção dos da coluna `residents` Verifique se a tabela tem 13 colunas",
              "timedOut": null,
              "duration": 74,
              "state": "passed",
              "speed": "fast",
              "pass": true,
              "fail": false,
              "pending": false,
              "context": null,
              "code": "// a requisição (mock) retorna 14 chaves em cada planeta, mas a chave `residents` não deve ser exibida totalizando 13 colunas\ncy.get('table tr:first th').should('have.length', MAX_COLUMNS_COUNT);",
              "err": {},
              "uuid": "54bf723c-8bdd-417a-87a7-b183116f72cb",
              "parentUUID": "1fe8641b-bdfa-4dd2-86c8-55712b623a85",
              "isHook": false,
              "skipped": false
            },
            {
              "title": "Verifique se a tabela tem uma linha para cada planeta retornado",
              "fullTitle": "1 - Faça uma requisição para o endpoint `/planets` da API de Star Wars e preencha uma tabela com os dados retornados, com exceção dos da coluna `residents` Verifique se a tabela tem uma linha para cada planeta retornado",
              "timedOut": null,
              "duration": 90,
              "state": "passed",
              "speed": "fast",
              "pass": true,
              "fail": false,
              "pending": false,
              "context": null,
              "code": "// a requisição (mock) retorna 10 planetas, somando com mais um linha do header totalizando 11 linhas\ncy.get('table tr').should('have.length', planets.length + 1);",
              "err": {},
              "uuid": "6d1ad4dd-07f1-48f7-8d89-846f0c031f41",
              "parentUUID": "1fe8641b-bdfa-4dd2-86c8-55712b623a85",
              "isHook": false,
              "skipped": false
            }
          ],
          "suites": [],
          "passes": [
            "10f77246-2a4a-486e-8ae5-0b3d29eff2ef",
            "70381ef0-983f-4e6c-b404-be4b5390a217",
            "54bf723c-8bdd-417a-87a7-b183116f72cb",
            "6d1ad4dd-07f1-48f7-8d89-846f0c031f41"
          ],
          "failures": [],
          "pending": [],
          "skipped": [],
          "duration": 767,
          "root": false,
          "rootEmpty": false,
          "_timeout": 2000
        }
      ],
      "passes": [],
      "failures": [],
      "pending": [],
      "skipped": [],
      "duration": 0,
      "root": true,
      "rootEmpty": true,
      "_timeout": 2000
    }
  ],
  "meta": {
    "mocha": {
      "version": "7.0.1"
    },
    "mochawesome": {
      "options": {
        "quiet": false,
        "reportFilename": "mochawesome",
        "saveHtml": false,
        "saveJson": true,
        "consoleReporter": "spec",
        "useInlineDiffs": false,
        "code": true
      },
      "version": "7.1.3"
    },
    "marge": {
      "options": {
        "id": "default",
        "reportDir": "cypress/reports",
        "overwrite": false,
        "html": false,
        "json": true
      },
      "version": "6.2.0"
    }
  }
}