<?xml version="1.0" encoding="UTF-8"?>
<coverage generated="1657399989707" clover="3.2.0">
  <project timestamp="1657399989707" name="All files">
    <metrics statements="75" coveredstatements="58" conditionals="8" coveredconditionals="7" methods="35" coveredmethods="26" elements="118" coveredelements="91" complexity="0" loc="75" ncloc="75" packages="4" files="8" classes="8"/>
    <package name="src">
      <metrics statements="2" coveredstatements="2" conditionals="0" coveredconditionals="0" methods="1" coveredmethods="1"/>
      <file name="App.css" path="/home/luciano/projetos/projeto-19-Star-Wars-Planets-Search/sd-021-a-project-starwars-planets-search/src/App.css">
        <metrics statements="1" coveredstatements="1" conditionals="0" coveredconditionals="0" methods="0" coveredmethods="0"/>
        <line num="1" count="1" type="stmt"/>
      </file>
      <file name="App.js" path="/home/luciano/projetos/projeto-19-Star-Wars-Planets-Search/sd-021-a-project-starwars-planets-search/src/App.js">
        <metrics statements="1" coveredstatements="1" conditionals="0" coveredconditionals="0" methods="1" coveredmethods="1"/>
        <line num="8" count="4" type="stmt"/>
      </file>
    </package>
    <package name="src.Components">
      <metrics statements="23" coveredstatements="16" conditionals="0" coveredconditionals="0" methods="20" coveredmethods="16"/>
      <file name="FetchApi.js" path="/home/luciano/projetos/projeto-19-Star-Wars-Planets-Search/sd-021-a-project-starwars-planets-search/src/Components/FetchApi.js">
        <metrics statements="4" coveredstatements="2" conditionals="0" coveredconditionals="0" methods="2" coveredmethods="1"/>
        <line num="2" count="4" type="stmt"/>
        <line num="4" count="4" type="stmt"/>
        <line num="5" count="0" type="stmt"/>
        <line num="7" count="0" type="stmt"/>
      </file>
      <file name="Filters.js" path="/home/luciano/projetos/projeto-19-Star-Wars-Planets-Search/sd-021-a-project-starwars-planets-search/src/Components/Filters.js">
        <metrics statements="15" coveredstatements="12" conditionals="0" coveredconditionals="0" methods="15" coveredmethods="14"/>
        <line num="13" count="44" type="stmt"/>
        <line num="14" count="44" type="stmt"/>
        <line num="16" count="44" type="stmt"/>
        <line num="25" count="4" type="stmt"/>
        <line num="41" count="9" type="stmt"/>
        <line num="52" count="196" type="stmt"/>
        <line num="67" count="7" type="stmt"/>
        <line num="92" count="0" type="stmt"/>
        <line num="93" count="0" type="stmt"/>
        <line num="94" count="0" type="stmt"/>
        <line num="99" count="4" type="stmt"/>
        <line num="115" count="4" type="stmt"/>
        <line num="122" count="4" type="stmt"/>
        <line num="140" count="28" type="stmt"/>
        <line num="141" count="28" type="stmt"/>
      </file>
      <file name="Table.js" path="/home/luciano/projetos/projeto-19-Star-Wars-Planets-Search/sd-021-a-project-starwars-planets-search/src/Components/Table.js">
        <metrics statements="4" coveredstatements="2" conditionals="0" coveredconditionals="0" methods="3" coveredmethods="1"/>
        <line num="9" count="44" type="stmt"/>
        <line num="14" count="44" type="stmt"/>
        <line num="35" count="0" type="stmt"/>
        <line num="47" count="0" type="stmt"/>
      </file>
    </package>
    <package name="src.Context">
      <metrics statements="49" coveredstatements="39" conditionals="8" coveredconditionals="7" methods="13" coveredmethods="8"/>
      <file name="Context.js" path="/home/luciano/projetos/projeto-19-Star-Wars-Planets-Search/sd-021-a-project-starwars-planets-search/src/Context/Context.js">
        <metrics statements="1" coveredstatements="1" conditionals="0" coveredconditionals="0" methods="0" coveredmethods="0"/>
        <line num="3" count="1" type="stmt"/>
      </file>
      <file name="ContextProvider.js" path="/home/luciano/projetos/projeto-19-Star-Wars-Planets-Search/sd-021-a-project-starwars-planets-search/src/Context/ContextProvider.js">
        <metrics statements="48" coveredstatements="38" conditionals="8" coveredconditionals="7" methods="13" coveredmethods="8"/>
        <line num="7" count="44" type="stmt"/>
        <line num="8" count="44" type="stmt"/>
        <line num="9" count="44" type="stmt"/>
        <line num="15" count="44" type="stmt"/>
        <line num="22" count="44" type="stmt"/>
        <line num="32" count="44" type="stmt"/>
        <line num="54" count="44" type="stmt"/>
        <line num="55" count="4" type="stmt"/>
        <line num="61" count="0" type="stmt"/>
        <line num="62" count="0" type="stmt"/>
        <line num="63" count="0" type="stmt"/>
        <line num="64" count="0" type="stmt"/>
        <line num="70" count="44" type="stmt"/>
        <line num="71" count="8" type="stmt"/>
        <line num="72" count="8" type="cond" truecount="2" falsecount="0"/>
        <line num="73" count="3" type="stmt"/>
        <line num="74" count="0" type="stmt"/>
        <line num="76" count="0" type="stmt"/>
        <line num="79" count="3" type="stmt"/>
        <line num="81" count="5" type="stmt"/>
        <line num="85" count="44" type="stmt"/>
        <line num="86" count="28" type="stmt"/>
        <line num="87" count="28" type="cond" truecount="2" falsecount="0"/>
        <line num="88" count="13" type="stmt"/>
        <line num="89" count="13" type="stmt"/>
        <line num="93" count="13" type="stmt"/>
        <line num="94" count="28" type="stmt"/>
        <line num="95" count="28" type="cond" truecount="3" falsecount="1"/>
        <line num="97" count="13" type="stmt"/>
        <line num="98" count="0" type="stmt"/>
        <line num="100" count="13" type="stmt"/>
        <line num="102" count="6" type="stmt"/>
        <line num="103" count="0" type="stmt"/>
        <line num="105" count="6" type="stmt"/>
        <line num="107" count="9" type="stmt"/>
        <line num="108" count="0" type="stmt"/>
        <line num="110" count="9" type="stmt"/>
        <line num="112" count="0" type="stmt"/>
        <line num="115" count="28" type="stmt"/>
        <line num="116" count="118" type="stmt"/>
        <line num="120" count="13" type="stmt"/>
        <line num="125" count="13" type="stmt"/>
        <line num="130" count="15" type="stmt"/>
        <line num="131" count="15" type="stmt"/>
        <line num="138" count="44" type="stmt"/>
        <line num="150" count="44" type="stmt"/>
        <line num="159" count="1" type="stmt"/>
        <line num="163" count="1" type="stmt"/>
      </file>
    </package>
    <package name="src.pages">
      <metrics statements="1" coveredstatements="1" conditionals="0" coveredconditionals="0" methods="1" coveredmethods="1"/>
      <file name="MainPage.js" path="/home/luciano/projetos/projeto-19-Star-Wars-Planets-Search/sd-021-a-project-starwars-planets-search/src/pages/MainPage.js">
        <metrics statements="1" coveredstatements="1" conditionals="0" coveredconditionals="0" methods="1" coveredmethods="1"/>
        <line num="6" count="4" type="stmt"/>
      </file>
    </package>
  </project>
</coverage>
