{"/home/luciano/projetos/projeto-19-Star-Wars-Planets-Search/sd-021-a-project-starwars-planets-search/src/App.css": {"path":"/home/luciano/projetos/projeto-19-Star-Wars-Planets-Search/sd-021-a-project-starwars-planets-search/src/App.css","statementMap":{"0":{"start":{"line":1,"column":0},"end":{"line":1,"column":20}}},"fnMap":{},"branchMap":{},"s":{"0":1},"f":{},"b":{},"inputSourceMap":null,"_coverageSchema":"1a1c01bbd47fc00a2c39e90264f33305004495a9","hash":"1e629572fc0620a0b88176367183456f71ebff9b"}
,"/home/luciano/projetos/projeto-19-Star-Wars-Planets-Search/sd-021-a-project-starwars-planets-search/src/App.js": {"path":"/home/luciano/projetos/projeto-19-Star-Wars-Planets-Search/sd-021-a-project-starwars-planets-search/src/App.js","statementMap":{"0":{"start":{"line":8,"column":2},"end":{"line":12,"column":4}}},"fnMap":{"0":{"name":"App","decl":{"start":{"line":7,"column":9},"end":{"line":7,"column":12}},"loc":{"start":{"line":7,"column":15},"end":{"line":13,"column":1}},"line":7}},"branchMap":{},"s":{"0":4},"f":{"0":4},"b":{},"_coverageSchema":"1a1c01bbd47fc00a2c39e90264f33305004495a9","hash":"aa2fc5237bb3e5500b71756530415c78c365f64b"}
,"/home/luciano/projetos/projeto-19-Star-Wars-Planets-Search/sd-021-a-project-starwars-planets-search/src/Components/FetchApi.js": {"path":"/home/luciano/projetos/projeto-19-Star-Wars-Planets-Search/sd-021-a-project-starwars-planets-search/src/Components/FetchApi.js","statementMap":{"0":{"start":{"line":2,"column":2},"end":{"line":8,"column":3}},"1":{"start":{"line":4,"column":17},"end":{"line":4,"column":69}},"2":{"start":{"line":4,"column":53},"end":{"line":4,"column":68}},"3":{"start":{"line":5,"column":4},"end":{"line":5,"column":16}},"4":{"start":{"line":7,"column":4},"end":{"line":7,"column":46}}},"fnMap":{"0":{"name":"FetchApi","decl":{"start":{"line":1,"column":15},"end":{"line":1,"column":23}},"loc":{"start":{"line":1,"column":29},"end":{"line":9,"column":1}},"line":1},"1":{"name":"(anonymous_1)","decl":{"start":{"line":4,"column":39},"end":{"line":4,"column":40}},"loc":{"start":{"line":4,"column":53},"end":{"line":4,"column":68}},"line":4}},"branchMap":{},"s":{"0":4,"1":4,"2":0,"3":0,"4":0},"f":{"0":4,"1":0},"b":{},"_coverageSchema":"1a1c01bbd47fc00a2c39e90264f33305004495a9","hash":"a462e264daf5fe33cfd17229731c53b6abab0217"}
,"/home/luciano/projetos/projeto-19-Star-Wars-Planets-Search/sd-021-a-project-starwars-planets-search/src/Components/Filters.js": {"path":"/home/luciano/projetos/projeto-19-Star-Wars-Planets-Search/sd-021-a-project-starwars-planets-search/src/Components/Filters.js","statementMap":{"0":{"start":{"line":13,"column":6},"end":{"line":13,"column":25}},"1":{"start":{"line":14,"column":40},"end":{"line":14,"column":55}},"2":{"start":{"line":16,"column":2},"end":{"line":151,"column":4}},"3":{"start":{"line":25,"column":12},"end":{"line":28,"column":16}},"4":{"start":{"line":25,"column":48},"end":{"line":28,"column":13}},"5":{"start":{"line":41,"column":14},"end":{"line":47,"column":18}},"6":{"start":{"line":41,"column":55},"end":{"line":47,"column":15}},"7":{"start":{"line":52,"column":16},"end":{"line":52,"column":58}},"8":{"start":{"line":67,"column":14},"end":{"line":73,"column":18}},"9":{"start":{"line":67,"column":55},"end":{"line":73,"column":15}},"10":{"start":{"line":92,"column":14},"end":{"line":92,"column":48}},"11":{"start":{"line":93,"column":14},"end":{"line":93,"column":35}},"12":{"start":{"line":94,"column":14},"end":{"line":94,"column":48}},"13":{"start":{"line":99,"column":14},"end":{"line":105,"column":18}},"14":{"start":{"line":99,"column":55},"end":{"line":105,"column":15}},"15":{"start":{"line":115,"column":12},"end":{"line":121,"column":16}},"16":{"start":{"line":115,"column":53},"end":{"line":121,"column":13}},"17":{"start":{"line":122,"column":12},"end":{"line":131,"column":16}},"18":{"start":{"line":122,"column":53},"end":{"line":131,"column":13}},"19":{"start":{"line":140,"column":66},"end":{"line":140,"column":72}},"20":{"start":{"line":141,"column":10},"end":{"line":147,"column":12}}},"fnMap":{"0":{"name":"Filters","decl":{"start":{"line":4,"column":9},"end":{"line":4,"column":16}},"loc":{"start":{"line":4,"column":19},"end":{"line":152,"column":1}},"line":4},"1":{"name":"(anonymous_1)","decl":{"start":{"line":24,"column":21},"end":{"line":24,"column":22}},"loc":{"start":{"line":24,"column":48},"end":{"line":29,"column":11}},"line":24},"2":{"name":"(anonymous_2)","decl":{"start":{"line":25,"column":32},"end":{"line":25,"column":33}},"loc":{"start":{"line":25,"column":48},"end":{"line":28,"column":13}},"line":25},"3":{"name":"(anonymous_3)","decl":{"start":{"line":40,"column":23},"end":{"line":40,"column":24}},"loc":{"start":{"line":40,"column":50},"end":{"line":48,"column":13}},"line":40},"4":{"name":"(anonymous_4)","decl":{"start":{"line":41,"column":39},"end":{"line":41,"column":40}},"loc":{"start":{"line":41,"column":55},"end":{"line":47,"column":15}},"line":41},"5":{"name":"(anonymous_5)","decl":{"start":{"line":51,"column":46},"end":{"line":51,"column":47}},"loc":{"start":{"line":52,"column":16},"end":{"line":52,"column":58}},"line":52},"6":{"name":"(anonymous_6)","decl":{"start":{"line":66,"column":23},"end":{"line":66,"column":24}},"loc":{"start":{"line":66,"column":50},"end":{"line":74,"column":13}},"line":66},"7":{"name":"(anonymous_7)","decl":{"start":{"line":67,"column":39},"end":{"line":67,"column":40}},"loc":{"start":{"line":67,"column":55},"end":{"line":73,"column":15}},"line":67},"8":{"name":"(anonymous_8)","decl":{"start":{"line":91,"column":22},"end":{"line":91,"column":23}},"loc":{"start":{"line":91,"column":28},"end":{"line":95,"column":13}},"line":91},"9":{"name":"(anonymous_9)","decl":{"start":{"line":98,"column":23},"end":{"line":98,"column":24}},"loc":{"start":{"line":98,"column":50},"end":{"line":106,"column":13}},"line":98},"10":{"name":"(anonymous_10)","decl":{"start":{"line":99,"column":39},"end":{"line":99,"column":40}},"loc":{"start":{"line":99,"column":55},"end":{"line":105,"column":15}},"line":99},"11":{"name":"(anonymous_11)","decl":{"start":{"line":114,"column":20},"end":{"line":114,"column":21}},"loc":{"start":{"line":114,"column":26},"end":{"line":133,"column":11}},"line":114},"12":{"name":"(anonymous_12)","decl":{"start":{"line":115,"column":37},"end":{"line":115,"column":38}},"loc":{"start":{"line":115,"column":53},"end":{"line":121,"column":13}},"line":115},"13":{"name":"(anonymous_13)","decl":{"start":{"line":122,"column":37},"end":{"line":122,"column":38}},"loc":{"start":{"line":122,"column":53},"end":{"line":131,"column":13}},"line":122},"14":{"name":"(anonymous_14)","decl":{"start":{"line":139,"column":35},"end":{"line":139,"column":36}},"loc":{"start":{"line":139,"column":50},"end":{"line":148,"column":9}},"line":139}},"branchMap":{},"s":{"0":44,"1":44,"2":44,"3":4,"4":4,"5":9,"6":9,"7":196,"8":7,"9":7,"10":0,"11":0,"12":0,"13":4,"14":4,"15":4,"16":4,"17":4,"18":4,"19":28,"20":28},"f":{"0":44,"1":4,"2":4,"3":9,"4":9,"5":196,"6":7,"7":7,"8":0,"9":4,"10":4,"11":4,"12":4,"13":4,"14":28},"b":{},"_coverageSchema":"1a1c01bbd47fc00a2c39e90264f33305004495a9","hash":"1d490b030dc8c523b971e990f79ae63d61bc656d"}
,"/home/luciano/projetos/projeto-19-Star-Wars-Planets-Search/sd-021-a-project-starwars-planets-search/src/Components/Table.js": {"path":"/home/luciano/projetos/projeto-19-Star-Wars-Planets-Search/sd-021-a-project-starwars-planets-search/src/Components/Table.js","statementMap":{"0":{"start":{"line":9,"column":6},"end":{"line":9,"column":25}},"1":{"start":{"line":14,"column":2},"end":{"line":61,"column":4}},"2":{"start":{"line":35,"column":10},"end":{"line":57,"column":15}},"3":{"start":{"line":47,"column":16},"end":{"line":49,"column":23}}},"fnMap":{"0":{"name":"Table","decl":{"start":{"line":4,"column":9},"end":{"line":4,"column":14}},"loc":{"start":{"line":4,"column":17},"end":{"line":62,"column":1}},"line":4},"1":{"name":"(anonymous_1)","decl":{"start":{"line":34,"column":29},"end":{"line":34,"column":30}},"loc":{"start":{"line":35,"column":10},"end":{"line":57,"column":15}},"line":35},"2":{"name":"(anonymous_2)","decl":{"start":{"line":46,"column":32},"end":{"line":46,"column":33}},"loc":{"start":{"line":47,"column":16},"end":{"line":49,"column":23}},"line":47}},"branchMap":{},"s":{"0":44,"1":44,"2":0,"3":0},"f":{"0":44,"1":0,"2":0},"b":{},"_coverageSchema":"1a1c01bbd47fc00a2c39e90264f33305004495a9","hash":"34b82366e5d0e3b34aac8a170548d7c4d993980c"}
,"/home/luciano/projetos/projeto-19-Star-Wars-Planets-Search/sd-021-a-project-starwars-planets-search/src/Context/Context.js": {"path":"/home/luciano/projetos/projeto-19-Star-Wars-Planets-Search/sd-021-a-project-starwars-planets-search/src/Context/Context.js","statementMap":{"0":{"start":{"line":3,"column":16},"end":{"line":3,"column":31}}},"fnMap":{},"branchMap":{},"s":{"0":1},"f":{},"b":{},"_coverageSchema":"1a1c01bbd47fc00a2c39e90264f33305004495a9","hash":"264991845f07e3427068b4936b07f9541eecae93"}
,"/home/luciano/projetos/projeto-19-Star-Wars-Planets-Search/sd-021-a-project-starwars-planets-search/src/Context/ContextProvider.js": {"path":"/home/luciano/projetos/projeto-19-Star-Wars-Planets-Search/sd-021-a-project-starwars-planets-search/src/Context/ContextProvider.js","statementMap":{"0":{"start":{"line":7,"column":32},"end":{"line":7,"column":44}},"1":{"start":{"line":8,"column":48},"end":{"line":8,"column":60}},"2":{"start":{"line":9,"column":50},"end":{"line":13,"column":4}},"3":{"start":{"line":15,"column":56},"end":{"line":21,"column":4}},"4":{"start":{"line":22,"column":52},"end":{"line":30,"column":4}},"5":{"start":{"line":32,"column":64},"end":{"line":41,"column":4}},"6":{"start":{"line":54,"column":2},"end":{"line":67,"column":9}},"7":{"start":{"line":55,"column":4},"end":{"line":65,"column":7}},"8":{"start":{"line":61,"column":26},"end":{"line":61,"column":30}},"9":{"start":{"line":62,"column":21},"end":{"line":62,"column":28}},"10":{"start":{"line":63,"column":6},"end":{"line":63,"column":25}},"11":{"start":{"line":64,"column":6},"end":{"line":64,"column":33}},"12":{"start":{"line":70,"column":2},"end":{"line":83,"column":34}},"13":{"start":{"line":71,"column":29},"end":{"line":71,"column":45}},"14":{"start":{"line":72,"column":4},"end":{"line":82,"column":5}},"15":{"start":{"line":73,"column":36},"end":{"line":77,"column":8}},"16":{"start":{"line":74,"column":27},"end":{"line":74,"column":52}},"17":{"start":{"line":76,"column":8},"end":{"line":76,"column":54}},"18":{"start":{"line":79,"column":6},"end":{"line":79,"column":48}},"19":{"start":{"line":81,"column":6},"end":{"line":81,"column":34}},"20":{"start":{"line":85,"column":2},"end":{"line":136,"column":64}},"21":{"start":{"line":86,"column":38},"end":{"line":86,"column":63}},"22":{"start":{"line":87,"column":4},"end":{"line":135,"column":5}},"23":{"start":{"line":88,"column":36},"end":{"line":88,"column":43}},"24":{"start":{"line":89,"column":40},"end":{"line":89,"column":68}},"25":{"start":{"line":93,"column":6},"end":{"line":118,"column":9}},"26":{"start":{"line":94,"column":64},"end":{"line":94,"column":71}},"27":{"start":{"line":95,"column":8},"end":{"line":113,"column":9}},"28":{"start":{"line":97,"column":10},"end":{"line":99,"column":12}},"29":{"start":{"line":98,"column":24},"end":{"line":98,"column":58}},"30":{"start":{"line":100,"column":10},"end":{"line":100,"column":16}},"31":{"start":{"line":102,"column":10},"end":{"line":104,"column":12}},"32":{"start":{"line":103,"column":24},"end":{"line":103,"column":58}},"33":{"start":{"line":105,"column":10},"end":{"line":105,"column":16}},"34":{"start":{"line":107,"column":10},"end":{"line":109,"column":12}},"35":{"start":{"line":108,"column":24},"end":{"line":108,"column":68}},"36":{"start":{"line":110,"column":10},"end":{"line":110,"column":16}},"37":{"start":{"line":112,"column":10},"end":{"line":112,"column":16}},"38":{"start":{"line":115,"column":8},"end":{"line":117,"column":10}},"39":{"start":{"line":116,"column":27},"end":{"line":116,"column":55}},"40":{"start":{"line":120,"column":6},"end":{"line":123,"column":10}},"41":{"start":{"line":120,"column":43},"end":{"line":123,"column":7}},"42":{"start":{"line":125,"column":6},"end":{"line":125,"column":50}},"43":{"start":{"line":130,"column":6},"end":{"line":130,"column":34}},"44":{"start":{"line":131,"column":6},"end":{"line":134,"column":10}},"45":{"start":{"line":131,"column":43},"end":{"line":134,"column":7}},"46":{"start":{"line":138,"column":23},"end":{"line":148,"column":3}},"47":{"start":{"line":150,"column":2},"end":{"line":156,"column":4}},"48":{"start":{"line":159,"column":0},"end":{"line":161,"column":2}},"49":{"start":{"line":163,"column":0},"end":{"line":165,"column":2}}},"fnMap":{"0":{"name":"ContextProvider","decl":{"start":{"line":6,"column":9},"end":{"line":6,"column":24}},"loc":{"start":{"line":6,"column":39},"end":{"line":157,"column":1}},"line":6},"1":{"name":"(anonymous_1)","decl":{"start":{"line":54,"column":12},"end":{"line":54,"column":13}},"loc":{"start":{"line":54,"column":18},"end":{"line":67,"column":3}},"line":54},"2":{"name":"(anonymous_2)","decl":{"start":{"line":55,"column":68},"end":{"line":55,"column":69}},"loc":{"start":{"line":55,"column":78},"end":{"line":65,"column":5}},"line":55},"3":{"name":"(anonymous_3)","decl":{"start":{"line":70,"column":12},"end":{"line":70,"column":13}},"loc":{"start":{"line":70,"column":18},"end":{"line":83,"column":3}},"line":70},"4":{"name":"(anonymous_4)","decl":{"start":{"line":73,"column":51},"end":{"line":73,"column":52}},"loc":{"start":{"line":73,"column":63},"end":{"line":77,"column":7}},"line":73},"5":{"name":"(anonymous_5)","decl":{"start":{"line":85,"column":12},"end":{"line":85,"column":13}},"loc":{"start":{"line":85,"column":18},"end":{"line":136,"column":3}},"line":85},"6":{"name":"(anonymous_6)","decl":{"start":{"line":93,"column":36},"end":{"line":93,"column":37}},"loc":{"start":{"line":93,"column":49},"end":{"line":118,"column":7}},"line":93},"7":{"name":"(anonymous_7)","decl":{"start":{"line":98,"column":12},"end":{"line":98,"column":13}},"loc":{"start":{"line":98,"column":24},"end":{"line":98,"column":58}},"line":98},"8":{"name":"(anonymous_8)","decl":{"start":{"line":103,"column":12},"end":{"line":103,"column":13}},"loc":{"start":{"line":103,"column":24},"end":{"line":103,"column":58}},"line":103},"9":{"name":"(anonymous_9)","decl":{"start":{"line":108,"column":12},"end":{"line":108,"column":13}},"loc":{"start":{"line":108,"column":24},"end":{"line":108,"column":68}},"line":108},"10":{"name":"(anonymous_10)","decl":{"start":{"line":116,"column":10},"end":{"line":116,"column":11}},"loc":{"start":{"line":116,"column":27},"end":{"line":116,"column":55}},"line":116},"11":{"name":"(anonymous_11)","decl":{"start":{"line":120,"column":27},"end":{"line":120,"column":28}},"loc":{"start":{"line":120,"column":43},"end":{"line":123,"column":7}},"line":120},"12":{"name":"(anonymous_12)","decl":{"start":{"line":131,"column":27},"end":{"line":131,"column":28}},"loc":{"start":{"line":131,"column":43},"end":{"line":134,"column":7}},"line":131}},"branchMap":{"0":{"loc":{"start":{"line":72,"column":4},"end":{"line":82,"column":5}},"type":"if","locations":[{"start":{"line":72,"column":4},"end":{"line":82,"column":5}},{"start":{"line":80,"column":11},"end":{"line":82,"column":5}}],"line":72},"1":{"loc":{"start":{"line":87,"column":4},"end":{"line":135,"column":5}},"type":"if","locations":[{"start":{"line":87,"column":4},"end":{"line":135,"column":5}},{"start":{"line":129,"column":11},"end":{"line":135,"column":5}}],"line":87},"2":{"loc":{"start":{"line":95,"column":8},"end":{"line":113,"column":9}},"type":"switch","locations":[{"start":{"line":96,"column":8},"end":{"line":100,"column":16}},{"start":{"line":101,"column":8},"end":{"line":105,"column":16}},{"start":{"line":106,"column":8},"end":{"line":110,"column":16}},{"start":{"line":111,"column":8},"end":{"line":112,"column":16}}],"line":95}},"s":{"0":44,"1":44,"2":44,"3":44,"4":44,"5":44,"6":44,"7":4,"8":0,"9":0,"10":0,"11":0,"12":44,"13":8,"14":8,"15":3,"16":0,"17":0,"18":3,"19":5,"20":44,"21":28,"22":28,"23":13,"24":13,"25":13,"26":28,"27":28,"28":13,"29":0,"30":13,"31":6,"32":0,"33":6,"34":9,"35":0,"36":9,"37":0,"38":28,"39":118,"40":13,"41":12,"42":13,"43":15,"44":15,"45":15,"46":44,"47":44,"48":1,"49":1},"f":{"0":44,"1":4,"2":0,"3":8,"4":0,"5":28,"6":28,"7":0,"8":0,"9":0,"10":118,"11":12,"12":15},"b":{"0":[3,5],"1":[13,15],"2":[13,6,9,0]},"_coverageSchema":"1a1c01bbd47fc00a2c39e90264f33305004495a9","hash":"96b7a0b5a28b9bc994d5b797f06013cb7ef399b2"}
,"/home/luciano/projetos/projeto-19-Star-Wars-Planets-Search/sd-021-a-project-starwars-planets-search/src/pages/MainPage.js": {"path":"/home/luciano/projetos/projeto-19-Star-Wars-Planets-Search/sd-021-a-project-starwars-planets-search/src/pages/MainPage.js","statementMap":{"0":{"start":{"line":6,"column":2},"end":{"line":11,"column":4}}},"fnMap":{"0":{"name":"MainPage","decl":{"start":{"line":5,"column":9},"end":{"line":5,"column":17}},"loc":{"start":{"line":5,"column":20},"end":{"line":12,"column":1}},"line":5}},"branchMap":{},"s":{"0":4},"f":{"0":4},"b":{},"_coverageSchema":"1a1c01bbd47fc00a2c39e90264f33305004495a9","hash":"efdbb8dcddbbdc66800699cc5a1a7c85c9ce1943"}
}
