{"total": {"lines":{"total":91,"covered":69,"skipped":0,"pct":75.82},"statements":{"total":97,"covered":73,"skipped":0,"pct":75.25},"functions":{"total":39,"covered":26,"skipped":0,"pct":66.66},"branches":{"total":10,"covered":8,"skipped":0,"pct":80},"branchesTrue":{"total":0,"covered":0,"skipped":0,"pct":100}}
,"/home/luciano/projetos/projeto-19-Star-Wars-Planets-Search/sd-021-a-project-starwars-planets-search/src/App.css": {"lines":{"total":1,"covered":1,"skipped":0,"pct":100},"functions":{"total":0,"covered":0,"skipped":0,"pct":100},"statements":{"total":1,"covered":1,"skipped":0,"pct":100},"branches":{"total":0,"covered":0,"skipped":0,"pct":100}}
,"/home/luciano/projetos/projeto-19-Star-Wars-Planets-Search/sd-021-a-project-starwars-planets-search/src/App.js": {"lines":{"total":1,"covered":1,"skipped":0,"pct":100},"functions":{"total":1,"covered":1,"skipped":0,"pct":100},"statements":{"total":1,"covered":1,"skipped":0,"pct":100},"branches":{"total":0,"covered":0,"skipped":0,"pct":100}}
,"/home/luciano/projetos/projeto-19-Star-Wars-Planets-Search/sd-021-a-project-starwars-planets-search/src/Components/Filters.js": {"lines":{"total":17,"covered":15,"skipped":0,"pct":88.23},"functions":{"total":13,"covered":11,"skipped":0,"pct":84.61},"statements":{"total":20,"covered":18,"skipped":0,"pct":90},"branches":{"total":0,"covered":0,"skipped":0,"pct":100}}
,"/home/luciano/projetos/projeto-19-Star-Wars-Planets-Search/sd-021-a-project-starwars-planets-search/src/Components/PlanetsAPI.js": {"lines":{"total":4,"covered":2,"skipped":0,"pct":50},"functions":{"total":2,"covered":1,"skipped":0,"pct":50},"statements":{"total":5,"covered":2,"skipped":0,"pct":40},"branches":{"total":0,"covered":0,"skipped":0,"pct":100}}
,"/home/luciano/projetos/projeto-19-Star-Wars-Planets-Search/sd-021-a-project-starwars-planets-search/src/Components/Table.js": {"lines":{"total":4,"covered":2,"skipped":0,"pct":50},"functions":{"total":3,"covered":1,"skipped":0,"pct":33.33},"statements":{"total":4,"covered":2,"skipped":0,"pct":50},"branches":{"total":0,"covered":0,"skipped":0,"pct":100}}
,"/home/luciano/projetos/projeto-19-Star-Wars-Planets-Search/sd-021-a-project-starwars-planets-search/src/Context/Context.js": {"lines":{"total":1,"covered":1,"skipped":0,"pct":100},"functions":{"total":0,"covered":0,"skipped":0,"pct":100},"statements":{"total":1,"covered":1,"skipped":0,"pct":100},"branches":{"total":0,"covered":0,"skipped":0,"pct":100}}
,"/home/luciano/projetos/projeto-19-Star-Wars-Planets-Search/sd-021-a-project-starwars-planets-search/src/Context/ContextProvider.js": {"lines":{"total":62,"covered":46,"skipped":0,"pct":74.19},"functions":{"total":19,"covered":11,"skipped":0,"pct":57.89},"statements":{"total":64,"covered":47,"skipped":0,"pct":73.43},"branches":{"total":10,"covered":8,"skipped":0,"pct":80}}
,"/home/luciano/projetos/projeto-19-Star-Wars-Planets-Search/sd-021-a-project-starwars-planets-search/src/pages/MainPage.js": {"lines":{"total":1,"covered":1,"skipped":0,"pct":100},"functions":{"total":1,"covered":1,"skipped":0,"pct":100},"statements":{"total":1,"covered":1,"skipped":0,"pct":100},"branches":{"total":0,"covered":0,"skipped":0,"pct":100}}
}
