TN:
SF:src/App.css
FNF:0
FNH:0
DA:1,1
LF:1
LH:1
BRF:0
BRH:0
end_of_record
TN:
SF:src/App.js
FN:7,App
FNF:1
FNH:1
FNDA:4,App
DA:8,4
LF:1
LH:1
BRF:0
BRH:0
end_of_record
TN:
SF:src/Components/FetchApi.js
FN:1,FetchApi
FN:4,(anonymous_1)
FNF:2
FNH:1
FNDA:4,FetchApi
FNDA:0,(anonymous_1)
DA:2,4
DA:4,4
DA:5,0
DA:7,0
LF:4
LH:2
BRF:0
BRH:0
end_of_record
TN:
SF:src/Components/Filters.js
FN:4,Filters
FN:24,(anonymous_1)
FN:25,(anonymous_2)
FN:40,(anonymous_3)
FN:41,(anonymous_4)
FN:51,(anonymous_5)
FN:66,(anonymous_6)
FN:67,(anonymous_7)
FN:91,(anonymous_8)
FN:98,(anonymous_9)
FN:99,(anonymous_10)
FN:114,(anonymous_11)
FN:115,(anonymous_12)
FN:122,(anonymous_13)
FN:139,(anonymous_14)
FNF:15
FNH:14
FNDA:44,Filters
FNDA:4,(anonymous_1)
FNDA:4,(anonymous_2)
FNDA:9,(anonymous_3)
FNDA:9,(anonymous_4)
FNDA:196,(anonymous_5)
FNDA:7,(anonymous_6)
FNDA:7,(anonymous_7)
FNDA:0,(anonymous_8)
FNDA:4,(anonymous_9)
FNDA:4,(anonymous_10)
FNDA:4,(anonymous_11)
FNDA:4,(anonymous_12)
FNDA:4,(anonymous_13)
FNDA:28,(anonymous_14)
DA:13,44
DA:14,44
DA:16,44
DA:25,4
DA:41,9
DA:52,196
DA:67,7
DA:92,0
DA:93,0
DA:94,0
DA:99,4
DA:115,4
DA:122,4
DA:140,28
DA:141,28
LF:15
LH:12
BRF:0
BRH:0
end_of_record
TN:
SF:src/Components/Table.js
FN:4,Table
FN:34,(anonymous_1)
FN:46,(anonymous_2)
FNF:3
FNH:1
FNDA:44,Table
FNDA:0,(anonymous_1)
FNDA:0,(anonymous_2)
DA:9,44
DA:14,44
DA:35,0
DA:47,0
LF:4
LH:2
BRF:0
BRH:0
end_of_record
TN:
SF:src/Context/Context.js
FNF:0
FNH:0
DA:3,1
LF:1
LH:1
BRF:0
BRH:0
end_of_record
TN:
SF:src/Context/ContextProvider.js
FN:6,ContextProvider
FN:54,(anonymous_1)
FN:55,(anonymous_2)
FN:70,(anonymous_3)
FN:73,(anonymous_4)
FN:85,(anonymous_5)
FN:93,(anonymous_6)
FN:98,(anonymous_7)
FN:103,(anonymous_8)
FN:108,(anonymous_9)
FN:116,(anonymous_10)
FN:120,(anonymous_11)
FN:131,(anonymous_12)
FNF:13
FNH:8
FNDA:44,ContextProvider
FNDA:4,(anonymous_1)
FNDA:0,(anonymous_2)
FNDA:8,(anonymous_3)
FNDA:0,(anonymous_4)
FNDA:28,(anonymous_5)
FNDA:28,(anonymous_6)
FNDA:0,(anonymous_7)
FNDA:0,(anonymous_8)
FNDA:0,(anonymous_9)
FNDA:118,(anonymous_10)
FNDA:12,(anonymous_11)
FNDA:15,(anonymous_12)
DA:7,44
DA:8,44
DA:9,44
DA:15,44
DA:22,44
DA:32,44
DA:54,44
DA:55,4
DA:61,0
DA:62,0
DA:63,0
DA:64,0
DA:70,44
DA:71,8
DA:72,8
DA:73,3
DA:74,0
DA:76,0
DA:79,3
DA:81,5
DA:85,44
DA:86,28
DA:87,28
DA:88,13
DA:89,13
DA:93,13
DA:94,28
DA:95,28
DA:97,13
DA:98,0
DA:100,13
DA:102,6
DA:103,0
DA:105,6
DA:107,9
DA:108,0
DA:110,9
DA:112,0
DA:115,28
DA:116,118
DA:120,13
DA:125,13
DA:130,15
DA:131,15
DA:138,44
DA:150,44
DA:159,1
DA:163,1
LF:48
LH:38
BRDA:72,0,0,3
BRDA:72,0,1,5
BRDA:87,1,0,13
BRDA:87,1,1,15
BRDA:95,2,0,13
BRDA:95,2,1,6
BRDA:95,2,2,9
BRDA:95,2,3,0
BRF:8
BRH:7
end_of_record
TN:
SF:src/pages/MainPage.js
FN:5,MainPage
FNF:1
FNH:1
FNDA:4,MainPage
DA:6,4
LF:1
LH:1
BRF:0
BRH:0
end_of_record
