<?xml version="1.0" encoding="UTF-8"?>
<coverage generated="1658336263242" clover="3.2.0">
  <project timestamp="1658336263242" name="All files">
    <metrics statements="281" coveredstatements="211" conditionals="112" coveredconditionals="76" methods="130" coveredmethods="92" elements="523" coveredelements="379" complexity="0" loc="281" ncloc="281" packages="13" files="19" classes="19"/>
    <package name="src">
      <metrics statements="1" coveredstatements="1" conditionals="0" coveredconditionals="0" methods="1" coveredmethods="1"/>
      <file name="App.js" path="/home/luciano/projetos/projeto-20-App-de-Receitas/sd-021-a-project-recipes-app/src/App.js">
        <metrics statements="1" coveredstatements="1" conditionals="0" coveredconditionals="0" methods="1" coveredmethods="1"/>
        <line num="6" count="26" type="stmt"/>
      </file>
    </package>
    <package name="src.components">
      <metrics statements="76" coveredstatements="76" conditionals="31" coveredconditionals="31" methods="26" coveredmethods="26"/>
      <file name="CategoryBar.jsx" path="/home/luciano/projetos/projeto-20-App-de-Receitas/sd-021-a-project-recipes-app/src/components/CategoryBar.jsx">
        <metrics statements="27" coveredstatements="27" conditionals="8" coveredconditionals="8" methods="9" coveredmethods="9"/>
        <line num="8" count="142" type="stmt"/>
        <line num="9" count="140" type="stmt"/>
        <line num="10" count="140" type="stmt"/>
        <line num="13" count="140" type="stmt"/>
        <line num="14" count="140" type="cond" truecount="2" falsecount="0"/>
        <line num="16" count="140" type="stmt"/>
        <line num="17" count="24" type="stmt"/>
        <line num="18" count="24" type="stmt"/>
        <line num="19" count="13" type="stmt"/>
        <line num="20" count="13" type="stmt"/>
        <line num="22" count="24" type="stmt"/>
        <line num="25" count="140" type="stmt"/>
        <line num="26" count="3" type="stmt"/>
        <line num="27" count="3" type="stmt"/>
        <line num="33" count="140" type="stmt"/>
        <line num="34" count="3" type="stmt"/>
        <line num="35" count="3" type="stmt"/>
        <line num="41" count="140" type="stmt"/>
        <line num="47" count="2" type="stmt"/>
        <line num="48" count="2" type="stmt"/>
        <line num="55" count="108" type="stmt"/>
        <line num="61" count="4" type="cond" truecount="2" falsecount="0"/>
        <line num="62" count="1" type="stmt"/>
        <line num="63" count="1" type="stmt"/>
        <line num="65" count="3" type="stmt"/>
        <line num="66" count="3" type="stmt"/>
        <line num="78" count="6" type="stmt"/>
      </file>
      <file name="Footer.jsx" path="/home/luciano/projetos/projeto-20-App-de-Receitas/sd-021-a-project-recipes-app/src/components/Footer.jsx">
        <metrics statements="5" coveredstatements="5" conditionals="0" coveredconditionals="0" methods="3" coveredmethods="3"/>
        <line num="8" count="26" type="stmt"/>
        <line num="9" count="26" type="stmt"/>
        <line num="17" count="2" type="stmt"/>
        <line num="25" count="1" type="stmt"/>
        <line num="34" count="6" type="stmt"/>
      </file>
      <file name="Header.jsx" path="/home/luciano/projetos/projeto-20-App-de-Receitas/sd-021-a-project-recipes-app/src/components/Header.jsx">
        <metrics statements="10" coveredstatements="10" conditionals="4" coveredconditionals="4" methods="4" coveredmethods="4"/>
        <line num="11" count="28" type="stmt"/>
        <line num="13" count="26" type="stmt"/>
        <line num="14" count="26" type="stmt"/>
        <line num="15" count="26" type="stmt"/>
        <line num="16" count="26" type="stmt"/>
        <line num="17" count="26" type="stmt"/>
        <line num="20" count="26" type="stmt"/>
        <line num="25" count="1" type="stmt"/>
        <line num="26" count="2" type="stmt"/>
        <line num="44" count="6" type="stmt"/>
      </file>
      <file name="SearchBar.jsx" path="/home/luciano/projetos/projeto-20-App-de-Receitas/sd-021-a-project-recipes-app/src/components/SearchBar.jsx">
        <metrics statements="34" coveredstatements="34" conditionals="19" coveredconditionals="19" methods="10" coveredmethods="10"/>
        <line num="11" count="134" type="stmt"/>
        <line num="12" count="132" type="stmt"/>
        <line num="18" count="132" type="stmt"/>
        <line num="19" count="132" type="stmt"/>
        <line num="20" count="132" type="stmt"/>
        <line num="21" count="132" type="stmt"/>
        <line num="26" count="132" type="stmt"/>
        <line num="27" count="24" type="stmt"/>
        <line num="28" count="24" type="stmt"/>
        <line num="30" count="12" type="stmt"/>
        <line num="33" count="24" type="stmt"/>
        <line num="36" count="132" type="stmt"/>
        <line num="37" count="65" type="stmt"/>
        <line num="40" count="132" type="stmt"/>
        <line num="41" count="7" type="cond" truecount="3" falsecount="0"/>
        <line num="43" count="2" type="stmt"/>
        <line num="45" count="4" type="stmt"/>
        <line num="47" count="1" type="stmt"/>
        <line num="51" count="132" type="stmt"/>
        <line num="52" count="7" type="stmt"/>
        <line num="53" count="7" type="cond" truecount="2" falsecount="0"/>
        <line num="54" count="2" type="stmt"/>
        <line num="56" count="7" type="cond" truecount="2" falsecount="0"/>
        <line num="57" count="7" type="cond" truecount="2" falsecount="0"/>
        <line num="58" count="7" type="stmt"/>
        <line num="64" count="132" type="stmt"/>
        <line num="65" count="14" type="stmt"/>
        <line num="68" count="132" type="stmt"/>
        <line num="73" count="10" type="stmt"/>
        <line num="134" count="8" type="stmt"/>
        <line num="135" count="8" type="cond" truecount="4" falsecount="0"/>
        <line num="136" count="1" type="stmt"/>
        <line num="138" count="7" type="stmt"/>
        <line num="157" count="6" type="stmt"/>
      </file>
    </package>
    <package name="src.pages.details">
      <metrics statements="47" coveredstatements="25" conditionals="30" coveredconditionals="15" methods="11" coveredmethods="7"/>
      <file name="RecipeDetails.js" path="/home/luciano/projetos/projeto-20-App-de-Receitas/sd-021-a-project-recipes-app/src/pages/details/RecipeDetails.js">
        <metrics statements="47" coveredstatements="25" conditionals="30" coveredconditionals="15" methods="11" coveredmethods="7"/>
        <line num="10" count="6" type="stmt"/>
        <line num="13" count="6" type="stmt"/>
        <line num="14" count="6" type="stmt"/>
        <line num="15" count="6" type="stmt"/>
        <line num="16" count="6" type="stmt"/>
        <line num="17" count="6" type="stmt"/>
        <line num="24" count="6" type="stmt"/>
        <line num="26" count="6" type="stmt"/>
        <line num="27" count="18" type="stmt"/>
        <line num="28" count="6" type="cond" truecount="2" falsecount="0"/>
        <line num="30" count="6" type="stmt"/>
        <line num="31" count="2" type="stmt"/>
        <line num="33" count="2" type="cond" truecount="1" falsecount="1"/>
        <line num="34" count="0" type="stmt"/>
        <line num="35" count="0" type="cond" truecount="0" falsecount="2"/>
        <line num="36" count="0" type="stmt"/>
        <line num="41" count="6" type="stmt"/>
        <line num="42" count="2" type="stmt"/>
        <line num="43" count="2" type="stmt"/>
        <line num="44" count="2" type="stmt"/>
        <line num="46" count="2" type="stmt"/>
        <line num="47" count="2" type="stmt"/>
        <line num="49" count="2" type="stmt"/>
        <line num="52" count="2" type="stmt"/>
        <line num="53" count="2" type="stmt"/>
        <line num="80" count="0" type="cond" truecount="0" falsecount="2"/>
        <line num="81" count="0" type="cond" truecount="0" falsecount="2"/>
        <line num="82" count="0" type="stmt"/>
        <line num="83" count="0" type="stmt"/>
        <line num="84" count="0" type="stmt"/>
        <line num="85" count="0" type="stmt"/>
        <line num="87" count="0" type="stmt"/>
        <line num="89" count="0" type="cond" truecount="0" falsecount="2"/>
        <line num="90" count="0" type="stmt"/>
        <line num="94" count="0" type="cond" truecount="0" falsecount="2"/>
        <line num="95" count="0" type="stmt"/>
        <line num="98" count="0" type="cond" truecount="0" falsecount="2"/>
        <line num="99" count="0" type="stmt"/>
        <line num="100" count="0" type="stmt"/>
        <line num="104" count="0" type="stmt"/>
        <line num="108" count="0" type="stmt"/>
        <line num="111" count="0" type="cond" truecount="0" falsecount="2"/>
        <line num="115" count="0" type="stmt"/>
        <line num="116" count="0" type="stmt"/>
        <line num="119" count="6" type="stmt"/>
        <line num="165" count="34" type="stmt"/>
        <line num="197" count="6" type="stmt"/>
      </file>
    </package>
    <package name="src.pages.details.components">
      <metrics statements="9" coveredstatements="9" conditionals="6" coveredconditionals="6" methods="5" coveredmethods="5"/>
      <file name="Carousel.js" path="/home/luciano/projetos/projeto-20-App-de-Receitas/sd-021-a-project-recipes-app/src/pages/details/components/Carousel.js">
        <metrics statements="9" coveredstatements="9" conditionals="6" coveredconditionals="6" methods="5" coveredmethods="5"/>
        <line num="5" count="10" type="stmt"/>
        <line num="7" count="10" type="stmt"/>
        <line num="8" count="4" type="stmt"/>
        <line num="9" count="4" type="stmt"/>
        <line num="10" count="4" type="stmt"/>
        <line num="12" count="4" type="stmt"/>
        <line num="15" count="10" type="stmt"/>
        <line num="30" count="2" type="stmt"/>
        <line num="56" count="6" type="stmt"/>
      </file>
    </package>
    <package name="src.pages.home">
      <metrics statements="4" coveredstatements="4" conditionals="2" coveredconditionals="2" methods="1" coveredmethods="1"/>
      <file name="Recipes.js" path="/home/luciano/projetos/projeto-20-App-de-Receitas/sd-021-a-project-recipes-app/src/pages/home/Recipes.js">
        <metrics statements="4" coveredstatements="4" conditionals="2" coveredconditionals="2" methods="1" coveredmethods="1"/>
        <line num="7" count="26" type="stmt"/>
        <line num="8" count="24" type="stmt"/>
        <line num="9" count="24" type="stmt"/>
        <line num="23" count="6" type="stmt"/>
      </file>
    </package>
    <package name="src.pages.home.components">
      <metrics statements="6" coveredstatements="6" conditionals="10" coveredconditionals="5" methods="2" coveredmethods="2"/>
      <file name="RecipeCards.js" path="/home/luciano/projetos/projeto-20-App-de-Receitas/sd-021-a-project-recipes-app/src/pages/home/components/RecipeCards.js">
        <metrics statements="6" coveredstatements="6" conditionals="10" coveredconditionals="5" methods="2" coveredmethods="2"/>
        <line num="7" count="43" type="stmt"/>
        <line num="8" count="43" type="stmt"/>
        <line num="9" count="43" type="stmt"/>
        <line num="10" count="43" type="stmt"/>
        <line num="14" count="144" type="stmt"/>
        <line num="47" count="6" type="stmt"/>
      </file>
    </package>
    <package name="src.pages.login">
      <metrics statements="16" coveredstatements="16" conditionals="2" coveredconditionals="2" methods="5" coveredmethods="5"/>
      <file name="Login.js" path="/home/luciano/projetos/projeto-20-App-de-Receitas/sd-021-a-project-recipes-app/src/pages/login/Login.js">
        <metrics statements="16" coveredstatements="16" conditionals="2" coveredconditionals="2" methods="5" coveredmethods="5"/>
        <line num="5" count="129" type="stmt"/>
        <line num="6" count="129" type="stmt"/>
        <line num="8" count="129" type="stmt"/>
        <line num="9" count="129" type="stmt"/>
        <line num="10" count="129" type="stmt"/>
        <line num="11" count="129" type="cond" truecount="2" falsecount="0"/>
        <line num="13" count="129" type="stmt"/>
        <line num="16" count="129" type="stmt"/>
        <line num="17" count="2" type="stmt"/>
        <line num="18" count="2" type="stmt"/>
        <line num="19" count="2" type="stmt"/>
        <line num="20" count="2" type="stmt"/>
        <line num="23" count="129" type="stmt"/>
        <line num="24" count="105" type="stmt"/>
        <line num="27" count="129" type="stmt"/>
        <line num="61" count="6" type="stmt"/>
      </file>
    </package>
    <package name="src.pages.notFound">
      <metrics statements="1" coveredstatements="1" conditionals="0" coveredconditionals="0" methods="1" coveredmethods="1"/>
      <file name="index.js" path="/home/luciano/projetos/projeto-20-App-de-Receitas/sd-021-a-project-recipes-app/src/pages/notFound/index.js">
        <metrics statements="1" coveredstatements="1" conditionals="0" coveredconditionals="0" methods="1" coveredmethods="1"/>
        <line num="4" count="1" type="stmt"/>
      </file>
    </package>
    <package name="src.pages.profile">
      <metrics statements="3" coveredstatements="3" conditionals="0" coveredconditionals="0" methods="1" coveredmethods="1"/>
      <file name="Profile.jsx" path="/home/luciano/projetos/projeto-20-App-de-Receitas/sd-021-a-project-recipes-app/src/pages/profile/Profile.jsx">
        <metrics statements="3" coveredstatements="3" conditionals="0" coveredconditionals="0" methods="1" coveredmethods="1"/>
        <line num="7" count="2" type="stmt"/>
        <line num="8" count="2" type="stmt"/>
        <line num="23" count="6" type="stmt"/>
      </file>
    </package>
    <package name="src.pages.progress">
      <metrics statements="17" coveredstatements="0" conditionals="14" coveredconditionals="0" methods="4" coveredmethods="0"/>
      <file name="Progress.jsx" path="/home/luciano/projetos/projeto-20-App-de-Receitas/sd-021-a-project-recipes-app/src/pages/progress/Progress.jsx">
        <metrics statements="17" coveredstatements="0" conditionals="14" coveredconditionals="0" methods="4" coveredmethods="0"/>
        <line num="8" count="0" type="stmt"/>
        <line num="9" count="0" type="stmt"/>
        <line num="10" count="0" type="stmt"/>
        <line num="11" count="0" type="stmt"/>
        <line num="12" count="0" type="cond" truecount="0" falsecount="2"/>
        <line num="13" count="0" type="stmt"/>
        <line num="16" count="0" type="stmt"/>
        <line num="18" count="0" type="stmt"/>
        <line num="19" count="0" type="stmt"/>
        <line num="20" count="0" type="stmt"/>
        <line num="21" count="0" type="cond" truecount="0" falsecount="2"/>
        <line num="22" count="0" type="stmt"/>
        <line num="24" count="0" type="stmt"/>
        <line num="27" count="0" type="stmt"/>
        <line num="30" count="0" type="cond" truecount="0" falsecount="2"/>
        <line num="31" count="0" type="stmt"/>
        <line num="34" count="0" type="stmt"/>
      </file>
    </package>
    <package name="src.services">
      <metrics statements="60" coveredstatements="29" conditionals="2" coveredconditionals="0" methods="57" coveredmethods="27"/>
      <file name="drinkAPI.js" path="/home/luciano/projetos/projeto-20-App-de-Receitas/sd-021-a-project-recipes-app/src/services/drinkAPI.js">
        <metrics statements="32" coveredstatements="10" conditionals="2" coveredconditionals="0" methods="30" coveredmethods="9"/>
        <line num="7" count="6" type="stmt"/>
        <line num="8" count="4" type="stmt"/>
        <line num="9" count="4" type="stmt"/>
        <line num="13" count="0" type="stmt"/>
        <line num="14" count="0" type="stmt"/>
        <line num="15" count="0" type="stmt"/>
        <line num="19" count="0" type="stmt"/>
        <line num="20" count="0" type="stmt"/>
        <line num="21" count="0" type="stmt"/>
        <line num="25" count="1" type="stmt"/>
        <line num="26" count="1" type="stmt"/>
        <line num="27" count="1" type="stmt"/>
        <line num="31" count="0" type="stmt"/>
        <line num="32" count="0" type="stmt"/>
        <line num="33" count="0" type="stmt"/>
        <line num="37" count="0" type="stmt"/>
        <line num="38" count="0" type="stmt"/>
        <line num="39" count="0" type="stmt"/>
        <line num="43" count="0" type="stmt"/>
        <line num="44" count="0" type="stmt"/>
        <line num="45" count="0" type="stmt"/>
        <line num="49" count="0" type="cond" truecount="0" falsecount="2"/>
        <line num="52" count="0" type="stmt"/>
        <line num="53" count="0" type="stmt"/>
        <line num="54" count="0" type="stmt"/>
        <line num="58" count="0" type="stmt"/>
        <line num="59" count="0" type="stmt"/>
        <line num="60" count="0" type="stmt"/>
        <line num="64" count="4" type="stmt"/>
        <line num="65" count="2" type="stmt"/>
        <line num="66" count="2" type="stmt"/>
        <line num="69" count="6" type="stmt"/>
      </file>
      <file name="mealAPI.js" path="/home/luciano/projetos/projeto-20-App-de-Receitas/sd-021-a-project-recipes-app/src/services/mealAPI.js">
        <metrics statements="28" coveredstatements="19" conditionals="0" coveredconditionals="0" methods="27" coveredmethods="18"/>
        <line num="7" count="27" type="stmt"/>
        <line num="8" count="17" type="stmt"/>
        <line num="9" count="17" type="stmt"/>
        <line num="13" count="1" type="stmt"/>
        <line num="14" count="1" type="stmt"/>
        <line num="15" count="1" type="stmt"/>
        <line num="19" count="1" type="stmt"/>
        <line num="20" count="1" type="stmt"/>
        <line num="21" count="1" type="stmt"/>
        <line num="25" count="0" type="stmt"/>
        <line num="26" count="0" type="stmt"/>
        <line num="27" count="0" type="stmt"/>
        <line num="31" count="20" type="stmt"/>
        <line num="32" count="11" type="stmt"/>
        <line num="33" count="11" type="stmt"/>
        <line num="37" count="0" type="stmt"/>
        <line num="38" count="0" type="stmt"/>
        <line num="39" count="0" type="stmt"/>
        <line num="43" count="2" type="stmt"/>
        <line num="44" count="2" type="stmt"/>
        <line num="45" count="2" type="stmt"/>
        <line num="49" count="0" type="stmt"/>
        <line num="50" count="0" type="stmt"/>
        <line num="51" count="0" type="stmt"/>
        <line num="55" count="3" type="stmt"/>
        <line num="56" count="3" type="stmt"/>
        <line num="57" count="3" type="stmt"/>
        <line num="60" count="6" type="stmt"/>
      </file>
    </package>
    <package name="src.services.helpers">
      <metrics statements="34" coveredstatements="34" conditionals="15" coveredconditionals="15" methods="14" coveredmethods="14"/>
      <file name="formatCategory.js" path="/home/luciano/projetos/projeto-20-App-de-Receitas/sd-021-a-project-recipes-app/src/services/helpers/formatCategory.js">
        <metrics statements="11" coveredstatements="11" conditionals="4" coveredconditionals="4" methods="4" coveredmethods="4"/>
        <line num="2" count="1138" type="stmt"/>
        <line num="3" count="1138" type="stmt"/>
        <line num="4" count="1138" type="cond" truecount="2" falsecount="0"/>
        <line num="5" count="1078" type="stmt"/>
        <line num="7" count="60" type="stmt"/>
        <line num="11" count="15" type="cond" truecount="2" falsecount="0"/>
        <line num="12" count="11" type="stmt"/>
        <line num="13" count="108" type="stmt"/>
        <line num="14" count="1138" type="stmt"/>
        <line num="15" count="1138" type="stmt"/>
        <line num="16" count="1138" type="stmt"/>
      </file>
      <file name="mealFormat.js" path="/home/luciano/projetos/projeto-20-App-de-Receitas/sd-021-a-project-recipes-app/src/services/helpers/mealFormat.js">
        <metrics statements="23" coveredstatements="23" conditionals="11" coveredconditionals="11" methods="10" coveredmethods="10"/>
        <line num="2" count="2333" type="stmt"/>
        <line num="3" count="2333" type="stmt"/>
        <line num="4" count="2333" type="cond" truecount="2" falsecount="0"/>
        <line num="5" count="1957" type="stmt"/>
        <line num="7" count="376" type="stmt"/>
        <line num="11" count="27" type="cond" truecount="2" falsecount="0"/>
        <line num="12" count="23" type="stmt"/>
        <line num="13" count="237" type="stmt"/>
        <line num="14" count="7603" type="stmt"/>
        <line num="15" count="2635" type="stmt"/>
        <line num="16" count="237" type="stmt"/>
        <line num="17" count="7603" type="stmt"/>
        <line num="18" count="2635" type="stmt"/>
        <line num="19" count="237" type="stmt"/>
        <line num="20" count="2635" type="stmt"/>
        <line num="24" count="2635" type="cond" truecount="5" falsecount="0"/>
        <line num="25" count="2635" type="stmt"/>
        <line num="27" count="237" type="stmt"/>
        <line num="29" count="7603" type="cond" truecount="2" falsecount="0"/>
        <line num="31" count="2333" type="stmt"/>
        <line num="32" count="2333" type="stmt"/>
        <line num="33" count="2333" type="stmt"/>
        <line num="35" count="237" type="stmt"/>
      </file>
    </package>
    <package name="src.store">
      <metrics statements="7" coveredstatements="7" conditionals="0" coveredconditionals="0" methods="2" coveredmethods="2"/>
      <file name="index.js" path="/home/luciano/projetos/projeto-20-App-de-Receitas/sd-021-a-project-recipes-app/src/store/index.js">
        <metrics statements="6" coveredstatements="6" conditionals="0" coveredconditionals="0" methods="2" coveredmethods="2"/>
        <line num="5" count="6" type="stmt"/>
        <line num="8" count="47" type="stmt"/>
        <line num="10" count="47" type="stmt"/>
        <line num="11" count="25" type="stmt"/>
        <line num="14" count="47" type="stmt"/>
        <line num="21" count="6" type="stmt"/>
      </file>
      <file name="initialContext.js" path="/home/luciano/projetos/projeto-20-App-de-Receitas/sd-021-a-project-recipes-app/src/store/initialContext.js">
        <metrics statements="1" coveredstatements="1" conditionals="0" coveredconditionals="0" methods="0" coveredmethods="0"/>
        <line num="1" count="6" type="stmt"/>
      </file>
    </package>
  </project>
</coverage>
