{"total": {"lines":{"total":473,"covered":305,"skipped":0,"pct":64.48},"statements":{"total":486,"covered":314,"skipped":0,"pct":64.6},"functions":{"total":188,"covered":107,"skipped":0,"pct":56.91},"branches":{"total":212,"covered":115,"skipped":0,"pct":54.24},"branchesTrue":{"total":0,"covered":0,"skipped":0,"pct":100}}
,"/home/luciano/projetos/projeto-20-App-de-Receitas/sd-021-a-project-recipes-app/src/App.js": {"lines":{"total":1,"covered":1,"skipped":0,"pct":100},"functions":{"total":1,"covered":1,"skipped":0,"pct":100},"statements":{"total":1,"covered":1,"skipped":0,"pct":100},"branches":{"total":0,"covered":0,"skipped":0,"pct":100}}
,"/home/luciano/projetos/projeto-20-App-de-Receitas/sd-021-a-project-recipes-app/src/components/CategoryBar.jsx": {"lines":{"total":27,"covered":27,"skipped":0,"pct":100},"functions":{"total":9,"covered":9,"skipped":0,"pct":100},"statements":{"total":27,"covered":27,"skipped":0,"pct":100},"branches":{"total":8,"covered":8,"skipped":0,"pct":100}}
,"/home/luciano/projetos/projeto-20-App-de-Receitas/sd-021-a-project-recipes-app/src/components/Footer.jsx": {"lines":{"total":5,"covered":5,"skipped":0,"pct":100},"functions":{"total":3,"covered":3,"skipped":0,"pct":100},"statements":{"total":5,"covered":5,"skipped":0,"pct":100},"branches":{"total":0,"covered":0,"skipped":0,"pct":100}}
,"/home/luciano/projetos/projeto-20-App-de-Receitas/sd-021-a-project-recipes-app/src/components/Header.jsx": {"lines":{"total":6,"covered":6,"skipped":0,"pct":100},"functions":{"total":3,"covered":3,"skipped":0,"pct":100},"statements":{"total":6,"covered":6,"skipped":0,"pct":100},"branches":{"total":4,"covered":4,"skipped":0,"pct":100}}
,"/home/luciano/projetos/projeto-20-App-de-Receitas/sd-021-a-project-recipes-app/src/components/SearchBar.jsx": {"lines":{"total":34,"covered":34,"skipped":0,"pct":100},"functions":{"total":10,"covered":10,"skipped":0,"pct":100},"statements":{"total":35,"covered":35,"skipped":0,"pct":100},"branches":{"total":19,"covered":19,"skipped":0,"pct":100}}
,"/home/luciano/projetos/projeto-20-App-de-Receitas/sd-021-a-project-recipes-app/src/components/RecipeCardComponents/FilterButtonAll.jsx": {"lines":{"total":5,"covered":1,"skipped":0,"pct":20},"functions":{"total":3,"covered":0,"skipped":0,"pct":0},"statements":{"total":5,"covered":1,"skipped":0,"pct":20},"branches":{"total":0,"covered":0,"skipped":0,"pct":100}}
,"/home/luciano/projetos/projeto-20-App-de-Receitas/sd-021-a-project-recipes-app/src/components/RecipeCardComponents/FilterButtonType.jsx": {"lines":{"total":6,"covered":1,"skipped":0,"pct":16.66},"functions":{"total":4,"covered":0,"skipped":0,"pct":0},"statements":{"total":7,"covered":1,"skipped":0,"pct":14.28},"branches":{"total":0,"covered":0,"skipped":0,"pct":100}}
,"/home/luciano/projetos/projeto-20-App-de-Receitas/sd-021-a-project-recipes-app/src/components/RecipeCardComponents/RecipeCardAttrbiute.jsx": {"lines":{"total":4,"covered":1,"skipped":0,"pct":25},"functions":{"total":1,"covered":0,"skipped":0,"pct":0},"statements":{"total":4,"covered":1,"skipped":0,"pct":25},"branches":{"total":0,"covered":0,"skipped":0,"pct":100}}
,"/home/luciano/projetos/projeto-20-App-de-Receitas/sd-021-a-project-recipes-app/src/components/RecipeCardComponents/RecipeCardFavoriteButton.jsx": {"lines":{"total":10,"covered":2,"skipped":0,"pct":20},"functions":{"total":4,"covered":0,"skipped":0,"pct":0},"statements":{"total":10,"covered":2,"skipped":0,"pct":20},"branches":{"total":2,"covered":0,"skipped":0,"pct":0}}
,"/home/luciano/projetos/projeto-20-App-de-Receitas/sd-021-a-project-recipes-app/src/components/RecipeCardComponents/RecipeCardGoToButton.jsx": {"lines":{"total":5,"covered":1,"skipped":0,"pct":20},"functions":{"total":2,"covered":0,"skipped":0,"pct":0},"statements":{"total":5,"covered":1,"skipped":0,"pct":20},"branches":{"total":0,"covered":0,"skipped":0,"pct":100}}
,"/home/luciano/projetos/projeto-20-App-de-Receitas/sd-021-a-project-recipes-app/src/components/RecipeCardComponents/RecipeCardImg.jsx": {"lines":{"total":5,"covered":1,"skipped":0,"pct":20},"functions":{"total":2,"covered":0,"skipped":0,"pct":0},"statements":{"total":5,"covered":1,"skipped":0,"pct":20},"branches":{"total":0,"covered":0,"skipped":0,"pct":100}}
,"/home/luciano/projetos/projeto-20-App-de-Receitas/sd-021-a-project-recipes-app/src/components/RecipeCardComponents/RecipeCardShareButton.jsx": {"lines":{"total":24,"covered":5,"skipped":0,"pct":20.83},"functions":{"total":9,"covered":0,"skipped":0,"pct":0},"statements":{"total":25,"covered":5,"skipped":0,"pct":20},"branches":{"total":4,"covered":0,"skipped":0,"pct":0}}
,"/home/luciano/projetos/projeto-20-App-de-Receitas/sd-021-a-project-recipes-app/src/components/helpers/createTitle.js": {"lines":{"total":4,"covered":4,"skipped":0,"pct":100},"functions":{"total":1,"covered":1,"skipped":0,"pct":100},"statements":{"total":4,"covered":4,"skipped":0,"pct":100},"branches":{"total":0,"covered":0,"skipped":0,"pct":100}}
,"/home/luciano/projetos/projeto-20-App-de-Receitas/sd-021-a-project-recipes-app/src/components/helpers/getFavorites.js": {"lines":{"total":4,"covered":1,"skipped":0,"pct":25},"functions":{"total":1,"covered":0,"skipped":0,"pct":0},"statements":{"total":4,"covered":1,"skipped":0,"pct":25},"branches":{"total":2,"covered":0,"skipped":0,"pct":0}}
,"/home/luciano/projetos/projeto-20-App-de-Receitas/sd-021-a-project-recipes-app/src/components/helpers/readsfavorite.js": {"lines":{"total":16,"covered":7,"skipped":0,"pct":43.75},"functions":{"total":5,"covered":1,"skipped":0,"pct":20},"statements":{"total":16,"covered":7,"skipped":0,"pct":43.75},"branches":{"total":18,"covered":2,"skipped":0,"pct":11.11}}
,"/home/luciano/projetos/projeto-20-App-de-Receitas/sd-021-a-project-recipes-app/src/pages/DoneRecipes/DoneRecipes.jsx": {"lines":{"total":10,"covered":0,"skipped":0,"pct":0},"functions":{"total":4,"covered":0,"skipped":0,"pct":0},"statements":{"total":10,"covered":0,"skipped":0,"pct":0},"branches":{"total":6,"covered":0,"skipped":0,"pct":0}}
,"/home/luciano/projetos/projeto-20-App-de-Receitas/sd-021-a-project-recipes-app/src/pages/details/RecipeDetails.js": {"lines":{"total":69,"covered":35,"skipped":0,"pct":50.72},"functions":{"total":14,"covered":8,"skipped":0,"pct":57.14},"statements":{"total":71,"covered":36,"skipped":0,"pct":50.7},"branches":{"total":50,"covered":22,"skipped":0,"pct":44}}
,"/home/luciano/projetos/projeto-20-App-de-Receitas/sd-021-a-project-recipes-app/src/pages/details/components/Carousel.js": {"lines":{"total":9,"covered":9,"skipped":0,"pct":100},"functions":{"total":5,"covered":5,"skipped":0,"pct":100},"statements":{"total":10,"covered":10,"skipped":0,"pct":100},"branches":{"total":6,"covered":6,"skipped":0,"pct":100}}
,"/home/luciano/projetos/projeto-20-App-de-Receitas/sd-021-a-project-recipes-app/src/pages/favorite/FavoriteRecipes.js": {"lines":{"total":6,"covered":0,"skipped":0,"pct":0},"functions":{"total":2,"covered":0,"skipped":0,"pct":0},"statements":{"total":6,"covered":0,"skipped":0,"pct":0},"branches":{"total":6,"covered":0,"skipped":0,"pct":0}}
,"/home/luciano/projetos/projeto-20-App-de-Receitas/sd-021-a-project-recipes-app/src/pages/home/Recipes.js": {"lines":{"total":4,"covered":4,"skipped":0,"pct":100},"functions":{"total":1,"covered":1,"skipped":0,"pct":100},"statements":{"total":4,"covered":4,"skipped":0,"pct":100},"branches":{"total":2,"covered":2,"skipped":0,"pct":100}}
,"/home/luciano/projetos/projeto-20-App-de-Receitas/sd-021-a-project-recipes-app/src/pages/home/components/RecipeCards.js": {"lines":{"total":6,"covered":6,"skipped":0,"pct":100},"functions":{"total":2,"covered":2,"skipped":0,"pct":100},"statements":{"total":6,"covered":6,"skipped":0,"pct":100},"branches":{"total":10,"covered":5,"skipped":0,"pct":50}}
,"/home/luciano/projetos/projeto-20-App-de-Receitas/sd-021-a-project-recipes-app/src/pages/login/Login.js": {"lines":{"total":16,"covered":16,"skipped":0,"pct":100},"functions":{"total":5,"covered":5,"skipped":0,"pct":100},"statements":{"total":17,"covered":17,"skipped":0,"pct":100},"branches":{"total":2,"covered":2,"skipped":0,"pct":100}}
,"/home/luciano/projetos/projeto-20-App-de-Receitas/sd-021-a-project-recipes-app/src/pages/notFound/index.js": {"lines":{"total":1,"covered":1,"skipped":0,"pct":100},"functions":{"total":1,"covered":1,"skipped":0,"pct":100},"statements":{"total":1,"covered":1,"skipped":0,"pct":100},"branches":{"total":0,"covered":0,"skipped":0,"pct":100}}
,"/home/luciano/projetos/projeto-20-App-de-Receitas/sd-021-a-project-recipes-app/src/pages/profile/Profile.jsx": {"lines":{"total":12,"covered":8,"skipped":0,"pct":66.66},"functions":{"total":5,"covered":2,"skipped":0,"pct":40},"statements":{"total":12,"covered":8,"skipped":0,"pct":66.66},"branches":{"total":0,"covered":0,"skipped":0,"pct":100}}
,"/home/luciano/projetos/projeto-20-App-de-Receitas/sd-021-a-project-recipes-app/src/pages/progress/IngredientsList.jsx": {"lines":{"total":5,"covered":5,"skipped":0,"pct":100},"functions":{"total":2,"covered":2,"skipped":0,"pct":100},"statements":{"total":5,"covered":5,"skipped":0,"pct":100},"branches":{"total":2,"covered":2,"skipped":0,"pct":100}}
,"/home/luciano/projetos/projeto-20-App-de-Receitas/sd-021-a-project-recipes-app/src/pages/progress/Progress.jsx": {"lines":{"total":44,"covered":32,"skipped":0,"pct":72.72},"functions":{"total":10,"covered":6,"skipped":0,"pct":60},"statements":{"total":46,"covered":33,"skipped":0,"pct":71.73},"branches":{"total":30,"covered":23,"skipped":0,"pct":76.66}}
,"/home/luciano/projetos/projeto-20-App-de-Receitas/sd-021-a-project-recipes-app/src/pages/progress/addDoneRecipe.js": {"lines":{"total":12,"covered":2,"skipped":0,"pct":16.66},"functions":{"total":2,"covered":0,"skipped":0,"pct":0},"statements":{"total":12,"covered":2,"skipped":0,"pct":16.66},"branches":{"total":18,"covered":0,"skipped":0,"pct":0}}
,"/home/luciano/projetos/projeto-20-App-de-Receitas/sd-021-a-project-recipes-app/src/pages/progress/getProgress.js": {"lines":{"total":22,"covered":20,"skipped":0,"pct":90.9},"functions":{"total":4,"covered":4,"skipped":0,"pct":100},"statements":{"total":23,"covered":21,"skipped":0,"pct":91.3},"branches":{"total":6,"covered":5,"skipped":0,"pct":83.33}}
,"/home/luciano/projetos/projeto-20-App-de-Receitas/sd-021-a-project-recipes-app/src/services/drinkAPI.js": {"lines":{"total":32,"covered":10,"skipped":0,"pct":31.25},"functions":{"total":30,"covered":9,"skipped":0,"pct":30},"statements":{"total":32,"covered":10,"skipped":0,"pct":31.25},"branches":{"total":2,"covered":0,"skipped":0,"pct":0}}
,"/home/luciano/projetos/projeto-20-App-de-Receitas/sd-021-a-project-recipes-app/src/services/mealAPI.js": {"lines":{"total":28,"covered":19,"skipped":0,"pct":67.85},"functions":{"total":27,"covered":18,"skipped":0,"pct":66.66},"statements":{"total":28,"covered":19,"skipped":0,"pct":67.85},"branches":{"total":0,"covered":0,"skipped":0,"pct":100}}
,"/home/luciano/projetos/projeto-20-App-de-Receitas/sd-021-a-project-recipes-app/src/services/helpers/formatCategory.js": {"lines":{"total":11,"covered":11,"skipped":0,"pct":100},"functions":{"total":4,"covered":4,"skipped":0,"pct":100},"statements":{"total":12,"covered":12,"skipped":0,"pct":100},"branches":{"total":4,"covered":4,"skipped":0,"pct":100}}
,"/home/luciano/projetos/projeto-20-App-de-Receitas/sd-021-a-project-recipes-app/src/services/helpers/mealFormat.js": {"lines":{"total":23,"covered":23,"skipped":0,"pct":100},"functions":{"total":10,"covered":10,"skipped":0,"pct":100},"statements":{"total":25,"covered":25,"skipped":0,"pct":100},"branches":{"total":11,"covered":11,"skipped":0,"pct":100}}
,"/home/luciano/projetos/projeto-20-App-de-Receitas/sd-021-a-project-recipes-app/src/store/index.js": {"lines":{"total":6,"covered":6,"skipped":0,"pct":100},"functions":{"total":2,"covered":2,"skipped":0,"pct":100},"statements":{"total":6,"covered":6,"skipped":0,"pct":100},"branches":{"total":0,"covered":0,"skipped":0,"pct":100}}
,"/home/luciano/projetos/projeto-20-App-de-Receitas/sd-021-a-project-recipes-app/src/store/initialContext.js": {"lines":{"total":1,"covered":1,"skipped":0,"pct":100},"functions":{"total":0,"covered":0,"skipped":0,"pct":100},"statements":{"total":1,"covered":1,"skipped":0,"pct":100},"branches":{"total":0,"covered":0,"skipped":0,"pct":100}}
}
