{"/home/luciano/projetos/projeto-20-App-de-Receitas/sd-021-a-project-recipes-app/src/App.js": {"path":"/home/luciano/projetos/projeto-20-App-de-Receitas/sd-021-a-project-recipes-app/src/App.js","statementMap":{"0":{"start":{"line":6,"column":2},"end":{"line":10,"column":4}}},"fnMap":{"0":{"name":"App","decl":{"start":{"line":5,"column":9},"end":{"line":5,"column":12}},"loc":{"start":{"line":5,"column":15},"end":{"line":11,"column":1}},"line":5}},"branchMap":{},"s":{"0":26},"f":{"0":26},"b":{},"_coverageSchema":"1a1c01bbd47fc00a2c39e90264f33305004495a9","hash":"7eb4a1a47c40ef277519c0c7b4e068c6b8713dbf"}
,"/home/luciano/projetos/projeto-20-App-de-Receitas/sd-021-a-project-recipes-app/src/components/CategoryBar.jsx": {"path":"/home/luciano/projetos/projeto-20-App-de-Receitas/sd-021-a-project-recipes-app/src/components/CategoryBar.jsx","statementMap":{"0":{"start":{"line":8,"column":45},"end":{"line":8,"column":50}},"1":{"start":{"line":9,"column":28},"end":{"line":9,"column":50}},"2":{"start":{"line":10,"column":44},"end":{"line":12,"column":4}},"3":{"start":{"line":13,"column":25},"end":{"line":13,"column":38}},"4":{"start":{"line":14,"column":18},"end":{"line":14,"column":62}},"5":{"start":{"line":16,"column":2},"end":{"line":23,"column":9}},"6":{"start":{"line":17,"column":27},"end":{"line":21,"column":5}},"7":{"start":{"line":18,"column":27},"end":{"line":19,"column":42}},"8":{"start":{"line":19,"column":23},"end":{"line":19,"column":41}},"9":{"start":{"line":20,"column":6},"end":{"line":20,"column":71}},"10":{"start":{"line":22,"column":4},"end":{"line":22,"column":21}},"11":{"start":{"line":25,"column":25},"end":{"line":31,"column":3}},"12":{"start":{"line":26,"column":17},"end":{"line":26,"column":54}},"13":{"start":{"line":27,"column":4},"end":{"line":30,"column":7}},"14":{"start":{"line":33,"column":20},"end":{"line":39,"column":3}},"15":{"start":{"line":34,"column":17},"end":{"line":34,"column":39}},"16":{"start":{"line":35,"column":4},"end":{"line":38,"column":7}},"17":{"start":{"line":41,"column":2},"end":{"line":75,"column":4}},"18":{"start":{"line":47,"column":10},"end":{"line":47,"column":24}},"19":{"start":{"line":48,"column":10},"end":{"line":48,"column":22}},"20":{"start":{"line":55,"column":10},"end":{"line":71,"column":19}},"21":{"start":{"line":61,"column":14},"end":{"line":67,"column":15}},"22":{"start":{"line":62,"column":16},"end":{"line":62,"column":30}},"23":{"start":{"line":63,"column":16},"end":{"line":63,"column":28}},"24":{"start":{"line":65,"column":16},"end":{"line":65,"column":42}},"25":{"start":{"line":66,"column":16},"end":{"line":66,"column":34}},"26":{"start":{"line":78,"column":0},"end":{"line":82,"column":2}}},"fnMap":{"0":{"name":"CategoryBar","decl":{"start":{"line":7,"column":24},"end":{"line":7,"column":35}},"loc":{"start":{"line":7,"column":43},"end":{"line":76,"column":1}},"line":7},"1":{"name":"(anonymous_1)","decl":{"start":{"line":16,"column":12},"end":{"line":16,"column":13}},"loc":{"start":{"line":16,"column":18},"end":{"line":23,"column":3}},"line":16},"2":{"name":"(anonymous_2)","decl":{"start":{"line":17,"column":27},"end":{"line":17,"column":28}},"loc":{"start":{"line":17,"column":39},"end":{"line":21,"column":5}},"line":17},"3":{"name":"(anonymous_3)","decl":{"start":{"line":19,"column":14},"end":{"line":19,"column":15}},"loc":{"start":{"line":19,"column":23},"end":{"line":19,"column":41}},"line":19},"4":{"name":"(anonymous_4)","decl":{"start":{"line":25,"column":25},"end":{"line":25,"column":26}},"loc":{"start":{"line":25,"column":58},"end":{"line":31,"column":3}},"line":25},"5":{"name":"(anonymous_5)","decl":{"start":{"line":33,"column":20},"end":{"line":33,"column":21}},"loc":{"start":{"line":33,"column":32},"end":{"line":39,"column":3}},"line":33},"6":{"name":"(anonymous_6)","decl":{"start":{"line":46,"column":18},"end":{"line":46,"column":19}},"loc":{"start":{"line":46,"column":24},"end":{"line":49,"column":9}},"line":46},"7":{"name":"(anonymous_7)","decl":{"start":{"line":54,"column":23},"end":{"line":54,"column":24}},"loc":{"start":{"line":55,"column":10},"end":{"line":71,"column":19}},"line":55},"8":{"name":"(anonymous_8)","decl":{"start":{"line":60,"column":22},"end":{"line":60,"column":23}},"loc":{"start":{"line":60,"column":29},"end":{"line":68,"column":13}},"line":60}},"branchMap":{"0":{"loc":{"start":{"line":14,"column":18},"end":{"line":14,"column":62}},"type":"cond-expr","locations":[{"start":{"line":14,"column":44},"end":{"line":14,"column":51}},{"start":{"line":14,"column":54},"end":{"line":14,"column":62}}],"line":14},"1":{"loc":{"start":{"line":29,"column":12},"end":{"line":29,"column":62}},"type":"cond-expr","locations":[{"start":{"line":29,"column":35},"end":{"line":29,"column":55}},{"start":{"line":29,"column":58},"end":{"line":29,"column":62}}],"line":29},"2":{"loc":{"start":{"line":37,"column":12},"end":{"line":37,"column":62}},"type":"cond-expr","locations":[{"start":{"line":37,"column":35},"end":{"line":37,"column":55}},{"start":{"line":37,"column":58},"end":{"line":37,"column":62}}],"line":37},"3":{"loc":{"start":{"line":61,"column":14},"end":{"line":67,"column":15}},"type":"if","locations":[{"start":{"line":61,"column":14},"end":{"line":67,"column":15}},{"start":{"line":64,"column":21},"end":{"line":67,"column":15}}],"line":61}},"s":{"0":142,"1":140,"2":140,"3":140,"4":140,"5":140,"6":24,"7":24,"8":13,"9":13,"10":24,"11":140,"12":3,"13":3,"14":140,"15":3,"16":3,"17":140,"18":2,"19":2,"20":108,"21":4,"22":1,"23":1,"24":3,"25":3,"26":6},"f":{"0":142,"1":24,"2":24,"3":13,"4":3,"5":3,"6":2,"7":108,"8":4},"b":{"0":[132,8],"1":[2,1],"2":[2,1],"3":[1,3]},"_coverageSchema":"1a1c01bbd47fc00a2c39e90264f33305004495a9","hash":"64de569b351eed11f1e181b69e41561e1c1f1646"}
,"/home/luciano/projetos/projeto-20-App-de-Receitas/sd-021-a-project-recipes-app/src/components/Footer.jsx": {"path":"/home/luciano/projetos/projeto-20-App-de-Receitas/sd-021-a-project-recipes-app/src/components/Footer.jsx","statementMap":{"0":{"start":{"line":8,"column":18},"end":{"line":8,"column":30}},"1":{"start":{"line":9,"column":2},"end":{"line":31,"column":4}},"2":{"start":{"line":17,"column":24},"end":{"line":17,"column":47}},"3":{"start":{"line":25,"column":24},"end":{"line":25,"column":46}},"4":{"start":{"line":34,"column":0},"end":{"line":36,"column":2}}},"fnMap":{"0":{"name":"Footer","decl":{"start":{"line":7,"column":24},"end":{"line":7,"column":30}},"loc":{"start":{"line":7,"column":33},"end":{"line":32,"column":1}},"line":7},"1":{"name":"(anonymous_1)","decl":{"start":{"line":17,"column":18},"end":{"line":17,"column":19}},"loc":{"start":{"line":17,"column":24},"end":{"line":17,"column":47}},"line":17},"2":{"name":"(anonymous_2)","decl":{"start":{"line":25,"column":18},"end":{"line":25,"column":19}},"loc":{"start":{"line":25,"column":24},"end":{"line":25,"column":46}},"line":25}},"branchMap":{},"s":{"0":26,"1":26,"2":2,"3":1,"4":6},"f":{"0":26,"1":2,"2":1},"b":{},"_coverageSchema":"1a1c01bbd47fc00a2c39e90264f33305004495a9","hash":"dfd38140b8079431f780c0a3d2ae00034d51b655"}
,"/home/luciano/projetos/projeto-20-App-de-Receitas/sd-021-a-project-recipes-app/src/components/Header.jsx": {"path":"/home/luciano/projetos/projeto-20-App-de-Receitas/sd-021-a-project-recipes-app/src/components/Header.jsx","statementMap":{"0":{"start":{"line":11,"column":6},"end":{"line":11,"column":11}},"1":{"start":{"line":13,"column":37},"end":{"line":13,"column":44}},"2":{"start":{"line":14,"column":22},"end":{"line":18,"column":3}},"3":{"start":{"line":15,"column":18},"end":{"line":15,"column":47}},"4":{"start":{"line":16,"column":4},"end":{"line":16,"column":38}},"5":{"start":{"line":17,"column":4},"end":{"line":17,"column":17}},"6":{"start":{"line":20,"column":2},"end":{"line":41,"column":4}},"7":{"start":{"line":25,"column":18},"end":{"line":25,"column":40}},"8":{"start":{"line":26,"column":18},"end":{"line":26,"column":42}},"9":{"start":{"line":44,"column":0},"end":{"line":53,"column":2}}},"fnMap":{"0":{"name":"Header","decl":{"start":{"line":6,"column":24},"end":{"line":6,"column":30}},"loc":{"start":{"line":6,"column":38},"end":{"line":42,"column":1}},"line":6},"1":{"name":"(anonymous_1)","decl":{"start":{"line":14,"column":22},"end":{"line":14,"column":23}},"loc":{"start":{"line":14,"column":33},"end":{"line":18,"column":3}},"line":14},"2":{"name":"(anonymous_2)","decl":{"start":{"line":25,"column":12},"end":{"line":25,"column":13}},"loc":{"start":{"line":25,"column":18},"end":{"line":25,"column":40}},"line":25},"3":{"name":"(anonymous_3)","decl":{"start":{"line":26,"column":12},"end":{"line":26,"column":13}},"loc":{"start":{"line":26,"column":18},"end":{"line":26,"column":42}},"line":26}},"branchMap":{"0":{"loc":{"start":{"line":24,"column":18},"end":{"line":26,"column":42}},"type":"cond-expr","locations":[{"start":{"line":25,"column":12},"end":{"line":25,"column":40}},{"start":{"line":26,"column":12},"end":{"line":26,"column":42}}],"line":24},"1":{"loc":{"start":{"line":35,"column":8},"end":{"line":39,"column":8}},"type":"binary-expr","locations":[{"start":{"line":35,"column":8},"end":{"line":35,"column":19}},{"start":{"line":35,"column":23},"end":{"line":39,"column":8}}],"line":35}},"s":{"0":28,"1":26,"2":26,"3":26,"4":26,"5":26,"6":26,"7":1,"8":2,"9":6},"f":{"0":28,"1":26,"2":1,"3":2},"b":{"0":[2,24],"1":[26,24]},"_coverageSchema":"1a1c01bbd47fc00a2c39e90264f33305004495a9","hash":"7300530deb94a76570e2d321b6a29a63c98c5aef"}
,"/home/luciano/projetos/projeto-20-App-de-Receitas/sd-021-a-project-recipes-app/src/components/SearchBar.jsx": {"path":"/home/luciano/projetos/projeto-20-App-de-Receitas/sd-021-a-project-recipes-app/src/components/SearchBar.jsx","statementMap":{"0":{"start":{"line":11,"column":28},"end":{"line":11,"column":50}},"1":{"start":{"line":12,"column":40},"end":{"line":17,"column":4}},"2":{"start":{"line":18,"column":58},"end":{"line":18,"column":69}},"3":{"start":{"line":19,"column":18},"end":{"line":19,"column":30}},"4":{"start":{"line":20,"column":26},"end":{"line":20,"column":31}},"5":{"start":{"line":21,"column":20},"end":{"line":24,"column":3}},"6":{"start":{"line":26,"column":2},"end":{"line":34,"column":9}},"7":{"start":{"line":27,"column":22},"end":{"line":32,"column":5}},"8":{"start":{"line":28,"column":6},"end":{"line":31,"column":9}},"9":{"start":{"line":30,"column":66},"end":{"line":30,"column":85}},"10":{"start":{"line":33,"column":4},"end":{"line":33,"column":16}},"11":{"start":{"line":36,"column":23},"end":{"line":38,"column":3}},"12":{"start":{"line":37,"column":4},"end":{"line":37,"column":54}},"13":{"start":{"line":40,"column":22},"end":{"line":49,"column":3}},"14":{"start":{"line":41,"column":4},"end":{"line":48,"column":5}},"15":{"start":{"line":43,"column":6},"end":{"line":43,"column":68}},"16":{"start":{"line":45,"column":6},"end":{"line":45,"column":54}},"17":{"start":{"line":47,"column":6},"end":{"line":47,"column":61}},"18":{"start":{"line":51,"column":23},"end":{"line":62,"column":3}},"19":{"start":{"line":52,"column":17},"end":{"line":52,"column":36}},"20":{"start":{"line":53,"column":4},"end":{"line":55,"column":5}},"21":{"start":{"line":54,"column":6},"end":{"line":54,"column":78}},"22":{"start":{"line":56,"column":21},"end":{"line":56,"column":63}},"23":{"start":{"line":57,"column":4},"end":{"line":57,"column":87}},"24":{"start":{"line":57,"column":27},"end":{"line":57,"column":87}},"25":{"start":{"line":58,"column":4},"end":{"line":61,"column":7}},"26":{"start":{"line":64,"column":20},"end":{"line":66,"column":3}},"27":{"start":{"line":65,"column":4},"end":{"line":65,"column":63}},"28":{"start":{"line":68,"column":2},"end":{"line":154,"column":4}},"29":{"start":{"line":73,"column":26},"end":{"line":73,"column":85}},"30":{"start":{"line":134,"column":14},"end":{"line":134,"column":28}},"31":{"start":{"line":135,"column":14},"end":{"line":139,"column":15}},"32":{"start":{"line":136,"column":16},"end":{"line":136,"column":77}},"33":{"start":{"line":138,"column":16},"end":{"line":138,"column":31}},"34":{"start":{"line":157,"column":0},"end":{"line":159,"column":2}}},"fnMap":{"0":{"name":"SearchBar","decl":{"start":{"line":10,"column":24},"end":{"line":10,"column":33}},"loc":{"start":{"line":10,"column":41},"end":{"line":155,"column":1}},"line":10},"1":{"name":"(anonymous_1)","decl":{"start":{"line":26,"column":12},"end":{"line":26,"column":13}},"loc":{"start":{"line":26,"column":18},"end":{"line":34,"column":3}},"line":26},"2":{"name":"(anonymous_2)","decl":{"start":{"line":27,"column":22},"end":{"line":27,"column":23}},"loc":{"start":{"line":27,"column":34},"end":{"line":32,"column":5}},"line":27},"3":{"name":"(anonymous_3)","decl":{"start":{"line":30,"column":57},"end":{"line":30,"column":58}},"loc":{"start":{"line":30,"column":66},"end":{"line":30,"column":85}},"line":30},"4":{"name":"(anonymous_4)","decl":{"start":{"line":36,"column":23},"end":{"line":36,"column":24}},"loc":{"start":{"line":36,"column":56},"end":{"line":38,"column":3}},"line":36},"5":{"name":"(anonymous_5)","decl":{"start":{"line":40,"column":22},"end":{"line":40,"column":23}},"loc":{"start":{"line":40,"column":28},"end":{"line":49,"column":3}},"line":40},"6":{"name":"(anonymous_6)","decl":{"start":{"line":51,"column":23},"end":{"line":51,"column":24}},"loc":{"start":{"line":51,"column":35},"end":{"line":62,"column":3}},"line":51},"7":{"name":"(anonymous_7)","decl":{"start":{"line":64,"column":20},"end":{"line":64,"column":21}},"loc":{"start":{"line":64,"column":40},"end":{"line":66,"column":3}},"line":64},"8":{"name":"(anonymous_8)","decl":{"start":{"line":73,"column":20},"end":{"line":73,"column":21}},"loc":{"start":{"line":73,"column":26},"end":{"line":73,"column":85}},"line":73},"9":{"name":"(anonymous_9)","decl":{"start":{"line":133,"column":22},"end":{"line":133,"column":23}},"loc":{"start":{"line":133,"column":28},"end":{"line":140,"column":13}},"line":133}},"branchMap":{"0":{"loc":{"start":{"line":41,"column":4},"end":{"line":48,"column":5}},"type":"switch","locations":[{"start":{"line":42,"column":4},"end":{"line":43,"column":68}},{"start":{"line":44,"column":4},"end":{"line":45,"column":54}},{"start":{"line":46,"column":4},"end":{"line":47,"column":61}}],"line":41},"1":{"loc":{"start":{"line":53,"column":4},"end":{"line":55,"column":5}},"type":"if","locations":[{"start":{"line":53,"column":4},"end":{"line":55,"column":5}},{"start":{},"end":{}}],"line":53},"2":{"loc":{"start":{"line":56,"column":21},"end":{"line":56,"column":63}},"type":"cond-expr","locations":[{"start":{"line":56,"column":47},"end":{"line":56,"column":53}},{"start":{"line":56,"column":56},"end":{"line":56,"column":63}}],"line":56},"3":{"loc":{"start":{"line":57,"column":4},"end":{"line":57,"column":87}},"type":"if","locations":[{"start":{"line":57,"column":4},"end":{"line":57,"column":87}},{"start":{},"end":{}}],"line":57},"4":{"loc":{"start":{"line":60,"column":12},"end":{"line":60,"column":62}},"type":"cond-expr","locations":[{"start":{"line":60,"column":35},"end":{"line":60,"column":55}},{"start":{"line":60,"column":58},"end":{"line":60,"column":62}}],"line":60},"5":{"loc":{"start":{"line":81,"column":10},"end":{"line":90,"column":9}},"type":"binary-expr","locations":[{"start":{"line":81,"column":10},"end":{"line":81,"column":20}},{"start":{"line":82,"column":10},"end":{"line":89,"column":12}}],"line":81},"6":{"loc":{"start":{"line":92,"column":7},"end":{"line":145,"column":7}},"type":"binary-expr","locations":[{"start":{"line":92,"column":7},"end":{"line":92,"column":17}},{"start":{"line":93,"column":8},"end":{"line":144,"column":14}}],"line":92},"7":{"loc":{"start":{"line":135,"column":14},"end":{"line":139,"column":15}},"type":"if","locations":[{"start":{"line":135,"column":14},"end":{"line":139,"column":15}},{"start":{"line":137,"column":21},"end":{"line":139,"column":15}}],"line":135},"8":{"loc":{"start":{"line":135,"column":18},"end":{"line":135,"column":69}},"type":"binary-expr","locations":[{"start":{"line":135,"column":18},"end":{"line":135,"column":40}},{"start":{"line":135,"column":44},"end":{"line":135,"column":69}}],"line":135}},"s":{"0":134,"1":132,"2":132,"3":132,"4":132,"5":132,"6":132,"7":24,"8":24,"9":12,"10":24,"11":132,"12":65,"13":132,"14":7,"15":2,"16":4,"17":1,"18":132,"19":7,"20":7,"21":2,"22":7,"23":7,"24":2,"25":7,"26":132,"27":14,"28":132,"29":10,"30":8,"31":8,"32":1,"33":7,"34":6},"f":{"0":134,"1":24,"2":24,"3":12,"4":65,"5":7,"6":7,"7":14,"8":10,"9":8},"b":{"0":[2,4,1],"1":[2,5],"2":[6,1],"3":[2,5],"4":[1,6],"5":[132,94],"6":[132,94],"7":[1,7],"8":[8,7]},"_coverageSchema":"1a1c01bbd47fc00a2c39e90264f33305004495a9","hash":"f13d366aa201e6b3d771fd32499878dacb3b992c"}
,"/home/luciano/projetos/projeto-20-App-de-Receitas/sd-021-a-project-recipes-app/src/pages/details/RecipeDetails.js": {"path":"/home/luciano/projetos/projeto-20-App-de-Receitas/sd-021-a-project-recipes-app/src/pages/details/RecipeDetails.js","statementMap":{"0":{"start":{"line":10,"column":13},"end":{"line":10,"column":38}},"1":{"start":{"line":13,"column":46},"end":{"line":13,"column":58}},"2":{"start":{"line":14,"column":40},"end":{"line":14,"column":64}},"3":{"start":{"line":15,"column":34},"end":{"line":15,"column":58}},"4":{"start":{"line":16,"column":38},"end":{"line":16,"column":52}},"5":{"start":{"line":17,"column":38},"end":{"line":23,"column":4}},"6":{"start":{"line":24,"column":40},"end":{"line":24,"column":45}},"7":{"start":{"line":26,"column":37},"end":{"line":26,"column":49}},"8":{"start":{"line":27,"column":15},"end":{"line":27,"column":57}},"9":{"start":{"line":27,"column":52},"end":{"line":27,"column":56}},"10":{"start":{"line":28,"column":18},"end":{"line":28,"column":58}},"11":{"start":{"line":30,"column":2},"end":{"line":39,"column":8}},"12":{"start":{"line":31,"column":28},"end":{"line":31,"column":79}},"13":{"start":{"line":33,"column":4},"end":{"line":38,"column":5}},"14":{"start":{"line":34,"column":21},"end":{"line":34,"column":71}},"15":{"start":{"line":34,"column":54},"end":{"line":34,"column":70}},"16":{"start":{"line":35,"column":6},"end":{"line":37,"column":7}},"17":{"start":{"line":36,"column":8},"end":{"line":36,"column":36}},"18":{"start":{"line":41,"column":2},"end":{"line":54,"column":9}},"19":{"start":{"line":42,"column":22},"end":{"line":45,"column":5}},"20":{"start":{"line":43,"column":21},"end":{"line":43,"column":46}},"21":{"start":{"line":44,"column":6},"end":{"line":44,"column":28}},"22":{"start":{"line":46,"column":22},"end":{"line":51,"column":5}},"23":{"start":{"line":47,"column":21},"end":{"line":47,"column":43}},"24":{"start":{"line":49,"column":6},"end":{"line":49,"column":32}},"25":{"start":{"line":52,"column":4},"end":{"line":52,"column":16}},"26":{"start":{"line":53,"column":4},"end":{"line":53,"column":16}},"27":{"start":{"line":80,"column":18},"end":{"line":80,"column":63}},"28":{"start":{"line":81,"column":17},"end":{"line":81,"column":52}},"29":{"start":{"line":82,"column":27},"end":{"line":82,"column":47}},"30":{"start":{"line":83,"column":21},"end":{"line":83,"column":40}},"31":{"start":{"line":84,"column":24},"end":{"line":84,"column":39}},"32":{"start":{"line":85,"column":17},"end":{"line":85,"column":32}},"33":{"start":{"line":87,"column":28},"end":{"line":87,"column":79}},"34":{"start":{"line":89,"column":4},"end":{"line":109,"column":5}},"35":{"start":{"line":90,"column":33},"end":{"line":92,"column":8}},"36":{"start":{"line":94,"column":6},"end":{"line":96,"column":7}},"37":{"start":{"line":95,"column":8},"end":{"line":95,"column":84}},"38":{"start":{"line":98,"column":6},"end":{"line":101,"column":7}},"39":{"start":{"line":99,"column":35},"end":{"line":99,"column":90}},"40":{"start":{"line":99,"column":73},"end":{"line":99,"column":89}},"41":{"start":{"line":100,"column":8},"end":{"line":100,"column":84}},"42":{"start":{"line":104,"column":33},"end":{"line":106,"column":8}},"43":{"start":{"line":108,"column":6},"end":{"line":108,"column":82}},"44":{"start":{"line":111,"column":4},"end":{"line":111,"column":92}},"45":{"start":{"line":115,"column":4},"end":{"line":115,"column":24}},"46":{"start":{"line":116,"column":4},"end":{"line":116,"column":33}},"47":{"start":{"line":119,"column":2},"end":{"line":194,"column":4}},"48":{"start":{"line":165,"column":14},"end":{"line":170,"column":19}},"49":{"start":{"line":197,"column":0},"end":{"line":203,"column":2}}},"fnMap":{"0":{"name":"RecipeDetails","decl":{"start":{"line":12,"column":24},"end":{"line":12,"column":37}},"loc":{"start":{"line":12,"column":45},"end":{"line":195,"column":1}},"line":12},"1":{"name":"(anonymous_1)","decl":{"start":{"line":27,"column":42},"end":{"line":27,"column":43}},"loc":{"start":{"line":27,"column":52},"end":{"line":27,"column":56}},"line":27},"2":{"name":"(anonymous_2)","decl":{"start":{"line":30,"column":12},"end":{"line":30,"column":13}},"loc":{"start":{"line":30,"column":18},"end":{"line":39,"column":3}},"line":30},"3":{"name":"(anonymous_3)","decl":{"start":{"line":34,"column":42},"end":{"line":34,"column":43}},"loc":{"start":{"line":34,"column":54},"end":{"line":34,"column":70}},"line":34},"4":{"name":"(anonymous_4)","decl":{"start":{"line":41,"column":12},"end":{"line":41,"column":13}},"loc":{"start":{"line":41,"column":18},"end":{"line":54,"column":3}},"line":41},"5":{"name":"(anonymous_5)","decl":{"start":{"line":42,"column":22},"end":{"line":42,"column":23}},"loc":{"start":{"line":42,"column":34},"end":{"line":45,"column":5}},"line":42},"6":{"name":"(anonymous_6)","decl":{"start":{"line":46,"column":22},"end":{"line":46,"column":23}},"loc":{"start":{"line":46,"column":34},"end":{"line":51,"column":5}},"line":46},"7":{"name":"onFavoriteBtnClick","decl":{"start":{"line":79,"column":11},"end":{"line":79,"column":29}},"loc":{"start":{"line":79,"column":32},"end":{"line":112,"column":3}},"line":79},"8":{"name":"(anonymous_8)","decl":{"start":{"line":99,"column":61},"end":{"line":99,"column":62}},"loc":{"start":{"line":99,"column":73},"end":{"line":99,"column":89}},"line":99},"9":{"name":"onShareBtnClick","decl":{"start":{"line":114,"column":11},"end":{"line":114,"column":26}},"loc":{"start":{"line":114,"column":29},"end":{"line":117,"column":3}},"line":114},"10":{"name":"(anonymous_10)","decl":{"start":{"line":164,"column":39},"end":{"line":164,"column":40}},"loc":{"start":{"line":165,"column":14},"end":{"line":170,"column":19}},"line":165}},"branchMap":{"0":{"loc":{"start":{"line":28,"column":18},"end":{"line":28,"column":58}},"type":"cond-expr","locations":[{"start":{"line":28,"column":40},"end":{"line":28,"column":47}},{"start":{"line":28,"column":50},"end":{"line":28,"column":58}}],"line":28},"1":{"loc":{"start":{"line":33,"column":4},"end":{"line":38,"column":5}},"type":"if","locations":[{"start":{"line":33,"column":4},"end":{"line":38,"column":5}},{"start":{},"end":{}}],"line":33},"2":{"loc":{"start":{"line":35,"column":6},"end":{"line":37,"column":7}},"type":"if","locations":[{"start":{"line":35,"column":6},"end":{"line":37,"column":7}},{"start":{},"end":{}}],"line":35},"3":{"loc":{"start":{"line":80,"column":18},"end":{"line":80,"column":63}},"type":"binary-expr","locations":[{"start":{"line":80,"column":18},"end":{"line":80,"column":38}},{"start":{"line":80,"column":42},"end":{"line":80,"column":63}}],"line":80},"4":{"loc":{"start":{"line":81,"column":17},"end":{"line":81,"column":52}},"type":"binary-expr","locations":[{"start":{"line":81,"column":17},"end":{"line":81,"column":32}},{"start":{"line":81,"column":36},"end":{"line":81,"column":52}}],"line":81},"5":{"loc":{"start":{"line":89,"column":4},"end":{"line":109,"column":5}},"type":"if","locations":[{"start":{"line":89,"column":4},"end":{"line":109,"column":5}},{"start":{"line":102,"column":11},"end":{"line":109,"column":5}}],"line":89},"6":{"loc":{"start":{"line":94,"column":6},"end":{"line":96,"column":7}},"type":"if","locations":[{"start":{"line":94,"column":6},"end":{"line":96,"column":7}},{"start":{},"end":{}}],"line":94},"7":{"loc":{"start":{"line":98,"column":6},"end":{"line":101,"column":7}},"type":"if","locations":[{"start":{"line":98,"column":6},"end":{"line":101,"column":7}},{"start":{},"end":{}}],"line":98},"8":{"loc":{"start":{"line":111,"column":4},"end":{"line":111,"column":91}},"type":"cond-expr","locations":[{"start":{"line":111,"column":34},"end":{"line":111,"column":61}},{"start":{"line":111,"column":64},"end":{"line":111,"column":91}}],"line":111},"9":{"loc":{"start":{"line":130,"column":16},"end":{"line":130,"column":61}},"type":"binary-expr","locations":[{"start":{"line":130,"column":16},"end":{"line":130,"column":37}},{"start":{"line":130,"column":41},"end":{"line":130,"column":61}}],"line":130},"10":{"loc":{"start":{"line":131,"column":16},"end":{"line":131,"column":51}},"type":"binary-expr","locations":[{"start":{"line":131,"column":16},"end":{"line":131,"column":32}},{"start":{"line":131,"column":36},"end":{"line":131,"column":51}}],"line":131},"11":{"loc":{"start":{"line":137,"column":12},"end":{"line":137,"column":47}},"type":"binary-expr","locations":[{"start":{"line":137,"column":12},"end":{"line":137,"column":28}},{"start":{"line":137,"column":32},"end":{"line":137,"column":47}}],"line":137},"12":{"loc":{"start":{"line":161,"column":43},"end":{"line":161,"column":86}},"type":"binary-expr","locations":[{"start":{"line":161,"column":43},"end":{"line":161,"column":63}},{"start":{"line":161,"column":67},"end":{"line":161,"column":86}}],"line":161},"13":{"loc":{"start":{"line":176,"column":10},"end":{"line":178,"column":18}},"type":"binary-expr","locations":[{"start":{"line":176,"column":10},"end":{"line":176,"column":29}},{"start":{"line":176,"column":33},"end":{"line":178,"column":18}}],"line":176},"14":{"loc":{"start":{"line":184,"column":10},"end":{"line":190,"column":22}},"type":"binary-expr","locations":[{"start":{"line":184,"column":10},"end":{"line":184,"column":20}},{"start":{"line":185,"column":12},"end":{"line":190,"column":21}}],"line":184}},"s":{"0":6,"1":6,"2":6,"3":6,"4":6,"5":6,"6":6,"7":6,"8":6,"9":18,"10":6,"11":6,"12":2,"13":2,"14":0,"15":0,"16":0,"17":0,"18":6,"19":2,"20":2,"21":2,"22":2,"23":2,"24":2,"25":2,"26":2,"27":0,"28":0,"29":0,"30":0,"31":0,"32":0,"33":0,"34":0,"35":0,"36":0,"37":0,"38":0,"39":0,"40":0,"41":0,"42":0,"43":0,"44":0,"45":0,"46":0,"47":6,"48":34,"49":6},"f":{"0":6,"1":18,"2":2,"3":0,"4":2,"5":2,"6":2,"7":0,"8":0,"9":0,"10":34},"b":{"0":[3,3],"1":[0,2],"2":[0,0],"3":[0,0],"4":[0,0],"5":[0,0],"6":[0,0],"7":[0,0],"8":[0,0],"9":[6,4],"10":[6,4],"11":[6,4],"12":[6,4],"13":[6,3],"14":[6,6]},"_coverageSchema":"1a1c01bbd47fc00a2c39e90264f33305004495a9","hash":"669f6dd44cadcff4d1f0c7063cf7615048704077"}
,"/home/luciano/projetos/projeto-20-App-de-Receitas/sd-021-a-project-recipes-app/src/pages/details/components/Carousel.js": {"path":"/home/luciano/projetos/projeto-20-App-de-Receitas/sd-021-a-project-recipes-app/src/pages/details/components/Carousel.js","statementMap":{"0":{"start":{"line":5,"column":36},"end":{"line":5,"column":48}},"1":{"start":{"line":7,"column":2},"end":{"line":13,"column":23}},"2":{"start":{"line":8,"column":17},"end":{"line":11,"column":5}},"3":{"start":{"line":9,"column":24},"end":{"line":9,"column":78}},"4":{"start":{"line":9,"column":64},"end":{"line":9,"column":77}},"5":{"start":{"line":10,"column":6},"end":{"line":10,"column":30}},"6":{"start":{"line":12,"column":4},"end":{"line":12,"column":11}},"7":{"start":{"line":15,"column":2},"end":{"line":53,"column":4}},"8":{"start":{"line":30,"column":12},"end":{"line":50,"column":18}},"9":{"start":{"line":56,"column":0},"end":{"line":60,"column":2}}},"fnMap":{"0":{"name":"Carousel","decl":{"start":{"line":4,"column":24},"end":{"line":4,"column":32}},"loc":{"start":{"line":4,"column":53},"end":{"line":54,"column":1}},"line":4},"1":{"name":"(anonymous_1)","decl":{"start":{"line":7,"column":12},"end":{"line":7,"column":13}},"loc":{"start":{"line":7,"column":18},"end":{"line":13,"column":3}},"line":7},"2":{"name":"(anonymous_2)","decl":{"start":{"line":8,"column":17},"end":{"line":8,"column":18}},"loc":{"start":{"line":8,"column":23},"end":{"line":11,"column":5}},"line":8},"3":{"name":"(anonymous_3)","decl":{"start":{"line":9,"column":46},"end":{"line":9,"column":47}},"loc":{"start":{"line":9,"column":64},"end":{"line":9,"column":77}},"line":9},"4":{"name":"(anonymous_4)","decl":{"start":{"line":29,"column":26},"end":{"line":29,"column":27}},"loc":{"start":{"line":30,"column":12},"end":{"line":50,"column":18}},"line":30}},"branchMap":{"0":{"loc":{"start":{"line":45,"column":22},"end":{"line":45,"column":55}},"type":"binary-expr","locations":[{"start":{"line":45,"column":22},"end":{"line":45,"column":36}},{"start":{"line":45,"column":40},"end":{"line":45,"column":55}}],"line":45},"1":{"loc":{"start":{"line":46,"column":22},"end":{"line":46,"column":45}},"type":"binary-expr","locations":[{"start":{"line":46,"column":22},"end":{"line":46,"column":31}},{"start":{"line":46,"column":35},"end":{"line":46,"column":45}}],"line":46},"2":{"loc":{"start":{"line":49,"column":20},"end":{"line":49,"column":43}},"type":"binary-expr","locations":[{"start":{"line":49,"column":20},"end":{"line":49,"column":29}},{"start":{"line":49,"column":33},"end":{"line":49,"column":43}}],"line":49}},"s":{"0":10,"1":10,"2":4,"3":4,"4":2,"5":4,"6":4,"7":10,"8":2,"9":6},"f":{"0":10,"1":4,"2":4,"3":2,"4":2},"b":{"0":[2,1],"1":[2,1],"2":[2,1]},"_coverageSchema":"1a1c01bbd47fc00a2c39e90264f33305004495a9","hash":"7dcd511c27e81f0f50c910415c5d5cd135c4c597"}
,"/home/luciano/projetos/projeto-20-App-de-Receitas/sd-021-a-project-recipes-app/src/pages/home/Recipes.js": {"path":"/home/luciano/projetos/projeto-20-App-de-Receitas/sd-021-a-project-recipes-app/src/pages/home/Recipes.js","statementMap":{"0":{"start":{"line":7,"column":22},"end":{"line":7,"column":27}},"1":{"start":{"line":8,"column":37},"end":{"line":8,"column":44}},"2":{"start":{"line":9,"column":2},"end":{"line":21,"column":4}},"3":{"start":{"line":23,"column":0},"end":{"line":30,"column":2}}},"fnMap":{"0":{"name":"Recipes","decl":{"start":{"line":6,"column":24},"end":{"line":6,"column":31}},"loc":{"start":{"line":6,"column":39},"end":{"line":22,"column":1}},"line":6}},"branchMap":{"0":{"loc":{"start":{"line":12,"column":22},"end":{"line":12,"column":64}},"type":"cond-expr","locations":[{"start":{"line":12,"column":46},"end":{"line":12,"column":53}},{"start":{"line":12,"column":56},"end":{"line":12,"column":64}}],"line":12}},"s":{"0":26,"1":24,"2":24,"3":6},"f":{"0":26},"b":{"0":[20,4]},"_coverageSchema":"1a1c01bbd47fc00a2c39e90264f33305004495a9","hash":"23445b22ea9a4d93a6909b136c804c7a5a1eaeb2"}
,"/home/luciano/projetos/projeto-20-App-de-Receitas/sd-021-a-project-recipes-app/src/pages/home/components/RecipeCards.js": {"path":"/home/luciano/projetos/projeto-20-App-de-Receitas/sd-021-a-project-recipes-app/src/pages/home/components/RecipeCards.js","statementMap":{"0":{"start":{"line":7,"column":22},"end":{"line":7,"column":44}},"1":{"start":{"line":8,"column":26},"end":{"line":8,"column":33}},"2":{"start":{"line":9,"column":37},"end":{"line":9,"column":49}},"3":{"start":{"line":10,"column":2},"end":{"line":44,"column":4}},"4":{"start":{"line":14,"column":10},"end":{"line":40,"column":17}},"5":{"start":{"line":47,"column":0},"end":{"line":49,"column":2}}},"fnMap":{"0":{"name":"RecipeCards","decl":{"start":{"line":6,"column":24},"end":{"line":6,"column":35}},"loc":{"start":{"line":6,"column":38},"end":{"line":45,"column":1}},"line":6},"1":{"name":"(anonymous_1)","decl":{"start":{"line":13,"column":24},"end":{"line":13,"column":25}},"loc":{"start":{"line":14,"column":10},"end":{"line":40,"column":17}},"line":14}},"branchMap":{"0":{"loc":{"start":{"line":15,"column":18},"end":{"line":15,"column":51}},"type":"binary-expr","locations":[{"start":{"line":15,"column":18},"end":{"line":15,"column":32}},{"start":{"line":15,"column":36},"end":{"line":15,"column":51}}],"line":15},"1":{"loc":{"start":{"line":16,"column":32},"end":{"line":16,"column":65}},"type":"binary-expr","locations":[{"start":{"line":16,"column":32},"end":{"line":16,"column":46}},{"start":{"line":16,"column":50},"end":{"line":16,"column":65}}],"line":16},"2":{"loc":{"start":{"line":24,"column":22},"end":{"line":24,"column":61}},"type":"binary-expr","locations":[{"start":{"line":24,"column":22},"end":{"line":24,"column":39}},{"start":{"line":24,"column":43},"end":{"line":24,"column":61}}],"line":24},"3":{"loc":{"start":{"line":25,"column":22},"end":{"line":25,"column":51}},"type":"binary-expr","locations":[{"start":{"line":25,"column":22},"end":{"line":25,"column":34}},{"start":{"line":25,"column":38},"end":{"line":25,"column":51}}],"line":25},"4":{"loc":{"start":{"line":32,"column":20},"end":{"line":32,"column":49}},"type":"binary-expr","locations":[{"start":{"line":32,"column":20},"end":{"line":32,"column":32}},{"start":{"line":32,"column":36},"end":{"line":32,"column":49}}],"line":32}},"s":{"0":43,"1":43,"2":43,"3":43,"4":144,"5":6},"f":{"0":43,"1":144},"b":{"0":[144,0],"1":[144,0],"2":[144,0],"3":[144,0],"4":[144,0]},"_coverageSchema":"1a1c01bbd47fc00a2c39e90264f33305004495a9","hash":"cc6d7161cc680dd961194007cafdaa3c8bee3204"}
,"/home/luciano/projetos/projeto-20-App-de-Receitas/sd-021-a-project-recipes-app/src/pages/login/Login.js": {"path":"/home/luciano/projetos/projeto-20-App-de-Receitas/sd-021-a-project-recipes-app/src/pages/login/Login.js","statementMap":{"0":{"start":{"line":5,"column":28},"end":{"line":5,"column":65}},"1":{"start":{"line":6,"column":30},"end":{"line":6,"column":35}},"2":{"start":{"line":8,"column":21},"end":{"line":14,"column":3}},"3":{"start":{"line":9,"column":22},"end":{"line":9,"column":36}},"4":{"start":{"line":10,"column":22},"end":{"line":10,"column":23}},"5":{"start":{"line":11,"column":19},"end":{"line":11,"column":76}},"6":{"start":{"line":13,"column":4},"end":{"line":13,"column":18}},"7":{"start":{"line":16,"column":26},"end":{"line":21,"column":3}},"8":{"start":{"line":17,"column":4},"end":{"line":17,"column":60}},"9":{"start":{"line":18,"column":4},"end":{"line":18,"column":42}},"10":{"start":{"line":19,"column":4},"end":{"line":19,"column":46}},"11":{"start":{"line":20,"column":4},"end":{"line":20,"column":27}},"12":{"start":{"line":23,"column":23},"end":{"line":25,"column":3}},"13":{"start":{"line":24,"column":4},"end":{"line":24,"column":51}},"14":{"start":{"line":24,"column":23},"end":{"line":24,"column":48}},"15":{"start":{"line":27,"column":2},"end":{"line":58,"column":4}},"16":{"start":{"line":61,"column":0},"end":{"line":65,"column":2}}},"fnMap":{"0":{"name":"Login","decl":{"start":{"line":4,"column":24},"end":{"line":4,"column":29}},"loc":{"start":{"line":4,"column":43},"end":{"line":59,"column":1}},"line":4},"1":{"name":"(anonymous_1)","decl":{"start":{"line":8,"column":21},"end":{"line":8,"column":22}},"loc":{"start":{"line":8,"column":27},"end":{"line":14,"column":3}},"line":8},"2":{"name":"(anonymous_2)","decl":{"start":{"line":16,"column":26},"end":{"line":16,"column":27}},"loc":{"start":{"line":16,"column":32},"end":{"line":21,"column":3}},"line":16},"3":{"name":"(anonymous_3)","decl":{"start":{"line":23,"column":23},"end":{"line":23,"column":24}},"loc":{"start":{"line":23,"column":56},"end":{"line":25,"column":3}},"line":23},"4":{"name":"(anonymous_4)","decl":{"start":{"line":24,"column":13},"end":{"line":24,"column":14}},"loc":{"start":{"line":24,"column":23},"end":{"line":24,"column":48}},"line":24}},"branchMap":{"0":{"loc":{"start":{"line":11,"column":22},"end":{"line":11,"column":74}},"type":"binary-expr","locations":[{"start":{"line":11,"column":22},"end":{"line":11,"column":43}},{"start":{"line":11,"column":47},"end":{"line":11,"column":74}}],"line":11}},"s":{"0":129,"1":129,"2":129,"3":129,"4":129,"5":129,"6":129,"7":129,"8":2,"9":2,"10":2,"11":2,"12":129,"13":105,"14":105,"15":129,"16":6},"f":{"0":129,"1":129,"2":2,"3":105,"4":105},"b":{"0":[129,48]},"_coverageSchema":"1a1c01bbd47fc00a2c39e90264f33305004495a9","hash":"7fdfe82017b36dc64ff11adb805737f7ee477c1e"}
,"/home/luciano/projetos/projeto-20-App-de-Receitas/sd-021-a-project-recipes-app/src/pages/notFound/index.js": {"path":"/home/luciano/projetos/projeto-20-App-de-Receitas/sd-021-a-project-recipes-app/src/pages/notFound/index.js","statementMap":{"0":{"start":{"line":4,"column":2},"end":{"line":4,"column":40}}},"fnMap":{"0":{"name":"NotFound","decl":{"start":{"line":3,"column":24},"end":{"line":3,"column":32}},"loc":{"start":{"line":3,"column":35},"end":{"line":5,"column":1}},"line":3}},"branchMap":{},"s":{"0":1},"f":{"0":1},"b":{},"_coverageSchema":"1a1c01bbd47fc00a2c39e90264f33305004495a9","hash":"eb845956a34e64e87ec74d5fcc6cedc8df09a564"}
,"/home/luciano/projetos/projeto-20-App-de-Receitas/sd-021-a-project-recipes-app/src/pages/profile/Profile.jsx": {"path":"/home/luciano/projetos/projeto-20-App-de-Receitas/sd-021-a-project-recipes-app/src/pages/profile/Profile.jsx","statementMap":{"0":{"start":{"line":7,"column":22},"end":{"line":7,"column":27}},"1":{"start":{"line":8,"column":2},"end":{"line":20,"column":4}},"2":{"start":{"line":23,"column":0},"end":{"line":25,"column":2}}},"fnMap":{"0":{"name":"Profile","decl":{"start":{"line":6,"column":24},"end":{"line":6,"column":31}},"loc":{"start":{"line":6,"column":39},"end":{"line":21,"column":1}},"line":6}},"branchMap":{},"s":{"0":2,"1":2,"2":6},"f":{"0":2},"b":{},"_coverageSchema":"1a1c01bbd47fc00a2c39e90264f33305004495a9","hash":"20d27a2f8a6eb7c110e9402764aef7b1ff829a37"}
,"/home/luciano/projetos/projeto-20-App-de-Receitas/sd-021-a-project-recipes-app/src/pages/progress/Progress.jsx": {"path":"/home/luciano/projetos/projeto-20-App-de-Receitas/sd-021-a-project-recipes-app/src/pages/progress/Progress.jsx","statementMap":{"0":{"start":{"line":8,"column":18},"end":{"line":8,"column":30}},"1":{"start":{"line":9,"column":37},"end":{"line":9,"column":44}},"2":{"start":{"line":10,"column":17},"end":{"line":10,"column":59}},"3":{"start":{"line":10,"column":54},"end":{"line":10,"column":58}},"4":{"start":{"line":11,"column":21},"end":{"line":11,"column":27}},"5":{"start":{"line":12,"column":18},"end":{"line":12,"column":55}},"6":{"start":{"line":13,"column":44},"end":{"line":15,"column":4}},"7":{"start":{"line":16,"column":23},"end":{"line":16,"column":36}},"8":{"start":{"line":18,"column":2},"end":{"line":28,"column":9}},"9":{"start":{"line":19,"column":23},"end":{"line":26,"column":5}},"10":{"start":{"line":20,"column":23},"end":{"line":20,"column":48}},"11":{"start":{"line":21,"column":6},"end":{"line":25,"column":7}},"12":{"start":{"line":22,"column":8},"end":{"line":22,"column":67}},"13":{"start":{"line":24,"column":8},"end":{"line":24,"column":69}},"14":{"start":{"line":27,"column":4},"end":{"line":27,"column":17}},"15":{"start":{"line":30,"column":2},"end":{"line":32,"column":3}},"16":{"start":{"line":31,"column":4},"end":{"line":31,"column":24}},"17":{"start":{"line":34,"column":2},"end":{"line":61,"column":4}}},"fnMap":{"0":{"name":"Progress","decl":{"start":{"line":7,"column":24},"end":{"line":7,"column":32}},"loc":{"start":{"line":7,"column":35},"end":{"line":62,"column":1}},"line":7},"1":{"name":"(anonymous_1)","decl":{"start":{"line":10,"column":44},"end":{"line":10,"column":45}},"loc":{"start":{"line":10,"column":54},"end":{"line":10,"column":58}},"line":10},"2":{"name":"(anonymous_2)","decl":{"start":{"line":18,"column":12},"end":{"line":18,"column":13}},"loc":{"start":{"line":18,"column":18},"end":{"line":28,"column":3}},"line":18},"3":{"name":"(anonymous_3)","decl":{"start":{"line":19,"column":23},"end":{"line":19,"column":24}},"loc":{"start":{"line":19,"column":35},"end":{"line":26,"column":5}},"line":19}},"branchMap":{"0":{"loc":{"start":{"line":12,"column":18},"end":{"line":12,"column":55}},"type":"cond-expr","locations":[{"start":{"line":12,"column":37},"end":{"line":12,"column":44}},{"start":{"line":12,"column":47},"end":{"line":12,"column":55}}],"line":12},"1":{"loc":{"start":{"line":21,"column":6},"end":{"line":25,"column":7}},"type":"if","locations":[{"start":{"line":21,"column":6},"end":{"line":25,"column":7}},{"start":{"line":23,"column":13},"end":{"line":25,"column":7}}],"line":21},"2":{"loc":{"start":{"line":30,"column":2},"end":{"line":32,"column":3}},"type":"if","locations":[{"start":{"line":30,"column":2},"end":{"line":32,"column":3}},{"start":{},"end":{}}],"line":30},"3":{"loc":{"start":{"line":37,"column":14},"end":{"line":37,"column":45}},"type":"binary-expr","locations":[{"start":{"line":37,"column":14},"end":{"line":37,"column":27}},{"start":{"line":37,"column":31},"end":{"line":37,"column":45}}],"line":37},"4":{"loc":{"start":{"line":41,"column":16},"end":{"line":41,"column":57}},"type":"binary-expr","locations":[{"start":{"line":41,"column":16},"end":{"line":41,"column":34}},{"start":{"line":41,"column":38},"end":{"line":41,"column":57}}],"line":41},"5":{"loc":{"start":{"line":42,"column":16},"end":{"line":42,"column":47}},"type":"binary-expr","locations":[{"start":{"line":42,"column":16},"end":{"line":42,"column":29}},{"start":{"line":42,"column":33},"end":{"line":42,"column":47}}],"line":42},"6":{"loc":{"start":{"line":47,"column":10},"end":{"line":57,"column":13}},"type":"cond-expr","locations":[{"start":{"line":49,"column":14},"end":{"line":51,"column":20}},{"start":{"line":54,"column":14},"end":{"line":56,"column":20}}],"line":47}},"s":{"0":0,"1":0,"2":0,"3":0,"4":0,"5":0,"6":0,"7":0,"8":0,"9":0,"10":0,"11":0,"12":0,"13":0,"14":0,"15":0,"16":0,"17":0},"f":{"0":0,"1":0,"2":0,"3":0},"b":{"0":[0,0],"1":[0,0],"2":[0,0],"3":[0,0],"4":[0,0],"5":[0,0],"6":[0,0]},"_coverageSchema":"1a1c01bbd47fc00a2c39e90264f33305004495a9","hash":"06484262b3890958d05078f92be79b4fb4314e93"}
,"/home/luciano/projetos/projeto-20-App-de-Receitas/sd-021-a-project-recipes-app/src/services/drinkAPI.js": {"path":"/home/luciano/projetos/projeto-20-App-de-Receitas/sd-021-a-project-recipes-app/src/services/drinkAPI.js","statementMap":{"0":{"start":{"line":7,"column":2},"end":{"line":9,"column":43}},"1":{"start":{"line":8,"column":19},"end":{"line":8,"column":29}},"2":{"start":{"line":9,"column":19},"end":{"line":9,"column":41}},"3":{"start":{"line":13,"column":2},"end":{"line":15,"column":43}},"4":{"start":{"line":14,"column":19},"end":{"line":14,"column":29}},"5":{"start":{"line":15,"column":19},"end":{"line":15,"column":41}},"6":{"start":{"line":19,"column":2},"end":{"line":21,"column":52}},"7":{"start":{"line":20,"column":19},"end":{"line":20,"column":29}},"8":{"start":{"line":21,"column":19},"end":{"line":21,"column":50}},"9":{"start":{"line":25,"column":2},"end":{"line":27,"column":46}},"10":{"start":{"line":26,"column":19},"end":{"line":26,"column":29}},"11":{"start":{"line":27,"column":19},"end":{"line":27,"column":44}},"12":{"start":{"line":31,"column":2},"end":{"line":33,"column":52}},"13":{"start":{"line":32,"column":19},"end":{"line":32,"column":29}},"14":{"start":{"line":33,"column":19},"end":{"line":33,"column":50}},"15":{"start":{"line":37,"column":2},"end":{"line":39,"column":46}},"16":{"start":{"line":38,"column":19},"end":{"line":38,"column":29}},"17":{"start":{"line":39,"column":19},"end":{"line":39,"column":44}},"18":{"start":{"line":43,"column":2},"end":{"line":45,"column":47}},"19":{"start":{"line":44,"column":19},"end":{"line":44,"column":29}},"20":{"start":{"line":45,"column":19},"end":{"line":45,"column":45}},"21":{"start":{"line":49,"column":19},"end":{"line":51,"column":78}},"22":{"start":{"line":52,"column":2},"end":{"line":54,"column":47}},"23":{"start":{"line":53,"column":19},"end":{"line":53,"column":29}},"24":{"start":{"line":54,"column":19},"end":{"line":54,"column":45}},"25":{"start":{"line":58,"column":2},"end":{"line":60,"column":47}},"26":{"start":{"line":59,"column":19},"end":{"line":59,"column":29}},"27":{"start":{"line":60,"column":19},"end":{"line":60,"column":45}},"28":{"start":{"line":64,"column":2},"end":{"line":66,"column":47}},"29":{"start":{"line":65,"column":19},"end":{"line":65,"column":29}},"30":{"start":{"line":66,"column":19},"end":{"line":66,"column":45}},"31":{"start":{"line":69,"column":17},"end":{"line":80,"column":1}}},"fnMap":{"0":{"name":"name","decl":{"start":{"line":6,"column":15},"end":{"line":6,"column":19}},"loc":{"start":{"line":6,"column":26},"end":{"line":10,"column":1}},"line":6},"1":{"name":"(anonymous_1)","decl":{"start":{"line":8,"column":10},"end":{"line":8,"column":11}},"loc":{"start":{"line":8,"column":19},"end":{"line":8,"column":29}},"line":8},"2":{"name":"(anonymous_2)","decl":{"start":{"line":9,"column":10},"end":{"line":9,"column":11}},"loc":{"start":{"line":9,"column":19},"end":{"line":9,"column":41}},"line":9},"3":{"name":"firstLetter","decl":{"start":{"line":12,"column":15},"end":{"line":12,"column":26}},"loc":{"start":{"line":12,"column":35},"end":{"line":16,"column":1}},"line":12},"4":{"name":"(anonymous_4)","decl":{"start":{"line":14,"column":10},"end":{"line":14,"column":11}},"loc":{"start":{"line":14,"column":19},"end":{"line":14,"column":29}},"line":14},"5":{"name":"(anonymous_5)","decl":{"start":{"line":15,"column":10},"end":{"line":15,"column":11}},"loc":{"start":{"line":15,"column":19},"end":{"line":15,"column":41}},"line":15},"6":{"name":"getIngridientByName","decl":{"start":{"line":18,"column":15},"end":{"line":18,"column":34}},"loc":{"start":{"line":18,"column":41},"end":{"line":22,"column":1}},"line":18},"7":{"name":"(anonymous_7)","decl":{"start":{"line":20,"column":10},"end":{"line":20,"column":11}},"loc":{"start":{"line":20,"column":19},"end":{"line":20,"column":29}},"line":20},"8":{"name":"(anonymous_8)","decl":{"start":{"line":21,"column":10},"end":{"line":21,"column":11}},"loc":{"start":{"line":21,"column":19},"end":{"line":21,"column":50}},"line":21},"9":{"name":"getById","decl":{"start":{"line":24,"column":15},"end":{"line":24,"column":22}},"loc":{"start":{"line":24,"column":27},"end":{"line":28,"column":1}},"line":24},"10":{"name":"(anonymous_10)","decl":{"start":{"line":26,"column":10},"end":{"line":26,"column":11}},"loc":{"start":{"line":26,"column":19},"end":{"line":26,"column":29}},"line":26},"11":{"name":"(anonymous_11)","decl":{"start":{"line":27,"column":10},"end":{"line":27,"column":11}},"loc":{"start":{"line":27,"column":19},"end":{"line":27,"column":44}},"line":27},"12":{"name":"getIngredientById","decl":{"start":{"line":30,"column":15},"end":{"line":30,"column":32}},"loc":{"start":{"line":30,"column":35},"end":{"line":34,"column":1}},"line":30},"13":{"name":"(anonymous_13)","decl":{"start":{"line":32,"column":10},"end":{"line":32,"column":11}},"loc":{"start":{"line":32,"column":19},"end":{"line":32,"column":29}},"line":32},"14":{"name":"(anonymous_14)","decl":{"start":{"line":33,"column":10},"end":{"line":33,"column":11}},"loc":{"start":{"line":33,"column":19},"end":{"line":33,"column":50}},"line":33},"15":{"name":"randomOne","decl":{"start":{"line":36,"column":15},"end":{"line":36,"column":24}},"loc":{"start":{"line":36,"column":27},"end":{"line":40,"column":1}},"line":36},"16":{"name":"(anonymous_16)","decl":{"start":{"line":38,"column":10},"end":{"line":38,"column":11}},"loc":{"start":{"line":38,"column":19},"end":{"line":38,"column":29}},"line":38},"17":{"name":"(anonymous_17)","decl":{"start":{"line":39,"column":10},"end":{"line":39,"column":11}},"loc":{"start":{"line":39,"column":19},"end":{"line":39,"column":44}},"line":39},"18":{"name":"filterByIngredient","decl":{"start":{"line":42,"column":15},"end":{"line":42,"column":33}},"loc":{"start":{"line":42,"column":46},"end":{"line":46,"column":1}},"line":42},"19":{"name":"(anonymous_19)","decl":{"start":{"line":44,"column":10},"end":{"line":44,"column":11}},"loc":{"start":{"line":44,"column":19},"end":{"line":44,"column":29}},"line":44},"20":{"name":"(anonymous_20)","decl":{"start":{"line":45,"column":10},"end":{"line":45,"column":11}},"loc":{"start":{"line":45,"column":19},"end":{"line":45,"column":45}},"line":45},"21":{"name":"filterByAlcoholic","decl":{"start":{"line":48,"column":15},"end":{"line":48,"column":32}},"loc":{"start":{"line":48,"column":46},"end":{"line":55,"column":1}},"line":48},"22":{"name":"(anonymous_22)","decl":{"start":{"line":53,"column":10},"end":{"line":53,"column":11}},"loc":{"start":{"line":53,"column":19},"end":{"line":53,"column":29}},"line":53},"23":{"name":"(anonymous_23)","decl":{"start":{"line":54,"column":10},"end":{"line":54,"column":11}},"loc":{"start":{"line":54,"column":19},"end":{"line":54,"column":45}},"line":54},"24":{"name":"filterByCategory","decl":{"start":{"line":57,"column":15},"end":{"line":57,"column":31}},"loc":{"start":{"line":57,"column":42},"end":{"line":61,"column":1}},"line":57},"25":{"name":"(anonymous_25)","decl":{"start":{"line":59,"column":10},"end":{"line":59,"column":11}},"loc":{"start":{"line":59,"column":19},"end":{"line":59,"column":29}},"line":59},"26":{"name":"(anonymous_26)","decl":{"start":{"line":60,"column":10},"end":{"line":60,"column":11}},"loc":{"start":{"line":60,"column":19},"end":{"line":60,"column":45}},"line":60},"27":{"name":"getCategories","decl":{"start":{"line":63,"column":15},"end":{"line":63,"column":28}},"loc":{"start":{"line":63,"column":31},"end":{"line":67,"column":1}},"line":63},"28":{"name":"(anonymous_28)","decl":{"start":{"line":65,"column":10},"end":{"line":65,"column":11}},"loc":{"start":{"line":65,"column":19},"end":{"line":65,"column":29}},"line":65},"29":{"name":"(anonymous_29)","decl":{"start":{"line":66,"column":10},"end":{"line":66,"column":11}},"loc":{"start":{"line":66,"column":19},"end":{"line":66,"column":45}},"line":66}},"branchMap":{"0":{"loc":{"start":{"line":49,"column":19},"end":{"line":51,"column":78}},"type":"cond-expr","locations":[{"start":{"line":50,"column":6},"end":{"line":50,"column":74}},{"start":{"line":51,"column":6},"end":{"line":51,"column":78}}],"line":49}},"s":{"0":6,"1":4,"2":4,"3":0,"4":0,"5":0,"6":0,"7":0,"8":0,"9":1,"10":1,"11":1,"12":0,"13":0,"14":0,"15":0,"16":0,"17":0,"18":0,"19":0,"20":0,"21":0,"22":0,"23":0,"24":0,"25":0,"26":0,"27":0,"28":4,"29":2,"30":2,"31":6},"f":{"0":6,"1":4,"2":4,"3":0,"4":0,"5":0,"6":0,"7":0,"8":0,"9":1,"10":1,"11":1,"12":0,"13":0,"14":0,"15":0,"16":0,"17":0,"18":0,"19":0,"20":0,"21":0,"22":0,"23":0,"24":0,"25":0,"26":0,"27":4,"28":2,"29":2},"b":{"0":[0,0]},"_coverageSchema":"1a1c01bbd47fc00a2c39e90264f33305004495a9","hash":"bfd5f0b4cfa18a1fc1853c23b46a173c1875e3c9"}
,"/home/luciano/projetos/projeto-20-App-de-Receitas/sd-021-a-project-recipes-app/src/services/mealAPI.js": {"path":"/home/luciano/projetos/projeto-20-App-de-Receitas/sd-021-a-project-recipes-app/src/services/mealAPI.js","statementMap":{"0":{"start":{"line":7,"column":2},"end":{"line":9,"column":42}},"1":{"start":{"line":8,"column":19},"end":{"line":8,"column":29}},"2":{"start":{"line":9,"column":19},"end":{"line":9,"column":40}},"3":{"start":{"line":13,"column":2},"end":{"line":15,"column":42}},"4":{"start":{"line":14,"column":19},"end":{"line":14,"column":29}},"5":{"start":{"line":15,"column":19},"end":{"line":15,"column":40}},"6":{"start":{"line":19,"column":2},"end":{"line":21,"column":45}},"7":{"start":{"line":20,"column":19},"end":{"line":20,"column":29}},"8":{"start":{"line":21,"column":19},"end":{"line":21,"column":43}},"9":{"start":{"line":25,"column":2},"end":{"line":27,"column":45}},"10":{"start":{"line":26,"column":19},"end":{"line":26,"column":29}},"11":{"start":{"line":27,"column":19},"end":{"line":27,"column":43}},"12":{"start":{"line":31,"column":2},"end":{"line":33,"column":46}},"13":{"start":{"line":32,"column":19},"end":{"line":32,"column":29}},"14":{"start":{"line":33,"column":19},"end":{"line":33,"column":44}},"15":{"start":{"line":37,"column":2},"end":{"line":39,"column":46}},"16":{"start":{"line":38,"column":19},"end":{"line":38,"column":29}},"17":{"start":{"line":39,"column":19},"end":{"line":39,"column":44}},"18":{"start":{"line":43,"column":2},"end":{"line":45,"column":46}},"19":{"start":{"line":44,"column":19},"end":{"line":44,"column":29}},"20":{"start":{"line":45,"column":19},"end":{"line":45,"column":44}},"21":{"start":{"line":49,"column":2},"end":{"line":51,"column":46}},"22":{"start":{"line":50,"column":19},"end":{"line":50,"column":29}},"23":{"start":{"line":51,"column":19},"end":{"line":51,"column":44}},"24":{"start":{"line":55,"column":2},"end":{"line":57,"column":42}},"25":{"start":{"line":56,"column":19},"end":{"line":56,"column":29}},"26":{"start":{"line":57,"column":19},"end":{"line":57,"column":40}},"27":{"start":{"line":60,"column":16},"end":{"line":70,"column":1}}},"fnMap":{"0":{"name":"name","decl":{"start":{"line":6,"column":15},"end":{"line":6,"column":19}},"loc":{"start":{"line":6,"column":26},"end":{"line":10,"column":1}},"line":6},"1":{"name":"(anonymous_1)","decl":{"start":{"line":8,"column":10},"end":{"line":8,"column":11}},"loc":{"start":{"line":8,"column":19},"end":{"line":8,"column":29}},"line":8},"2":{"name":"(anonymous_2)","decl":{"start":{"line":9,"column":10},"end":{"line":9,"column":11}},"loc":{"start":{"line":9,"column":19},"end":{"line":9,"column":40}},"line":9},"3":{"name":"firstLetter","decl":{"start":{"line":12,"column":15},"end":{"line":12,"column":26}},"loc":{"start":{"line":12,"column":35},"end":{"line":16,"column":1}},"line":12},"4":{"name":"(anonymous_4)","decl":{"start":{"line":14,"column":10},"end":{"line":14,"column":11}},"loc":{"start":{"line":14,"column":19},"end":{"line":14,"column":29}},"line":14},"5":{"name":"(anonymous_5)","decl":{"start":{"line":15,"column":10},"end":{"line":15,"column":11}},"loc":{"start":{"line":15,"column":19},"end":{"line":15,"column":40}},"line":15},"6":{"name":"getById","decl":{"start":{"line":18,"column":15},"end":{"line":18,"column":22}},"loc":{"start":{"line":18,"column":27},"end":{"line":22,"column":1}},"line":18},"7":{"name":"(anonymous_7)","decl":{"start":{"line":20,"column":10},"end":{"line":20,"column":11}},"loc":{"start":{"line":20,"column":19},"end":{"line":20,"column":29}},"line":20},"8":{"name":"(anonymous_8)","decl":{"start":{"line":21,"column":10},"end":{"line":21,"column":11}},"loc":{"start":{"line":21,"column":19},"end":{"line":21,"column":43}},"line":21},"9":{"name":"randomOne","decl":{"start":{"line":24,"column":15},"end":{"line":24,"column":24}},"loc":{"start":{"line":24,"column":27},"end":{"line":28,"column":1}},"line":24},"10":{"name":"(anonymous_10)","decl":{"start":{"line":26,"column":10},"end":{"line":26,"column":11}},"loc":{"start":{"line":26,"column":19},"end":{"line":26,"column":29}},"line":26},"11":{"name":"(anonymous_11)","decl":{"start":{"line":27,"column":10},"end":{"line":27,"column":11}},"loc":{"start":{"line":27,"column":19},"end":{"line":27,"column":43}},"line":27},"12":{"name":"getCategories","decl":{"start":{"line":30,"column":15},"end":{"line":30,"column":28}},"loc":{"start":{"line":30,"column":31},"end":{"line":34,"column":1}},"line":30},"13":{"name":"(anonymous_13)","decl":{"start":{"line":32,"column":10},"end":{"line":32,"column":11}},"loc":{"start":{"line":32,"column":19},"end":{"line":32,"column":29}},"line":32},"14":{"name":"(anonymous_14)","decl":{"start":{"line":33,"column":10},"end":{"line":33,"column":11}},"loc":{"start":{"line":33,"column":19},"end":{"line":33,"column":44}},"line":33},"15":{"name":"getAreas","decl":{"start":{"line":36,"column":15},"end":{"line":36,"column":23}},"loc":{"start":{"line":36,"column":26},"end":{"line":40,"column":1}},"line":36},"16":{"name":"(anonymous_16)","decl":{"start":{"line":38,"column":10},"end":{"line":38,"column":11}},"loc":{"start":{"line":38,"column":19},"end":{"line":38,"column":29}},"line":38},"17":{"name":"(anonymous_17)","decl":{"start":{"line":39,"column":10},"end":{"line":39,"column":11}},"loc":{"start":{"line":39,"column":19},"end":{"line":39,"column":44}},"line":39},"18":{"name":"filterByIngredient","decl":{"start":{"line":42,"column":15},"end":{"line":42,"column":33}},"loc":{"start":{"line":42,"column":46},"end":{"line":46,"column":1}},"line":42},"19":{"name":"(anonymous_19)","decl":{"start":{"line":44,"column":10},"end":{"line":44,"column":11}},"loc":{"start":{"line":44,"column":19},"end":{"line":44,"column":29}},"line":44},"20":{"name":"(anonymous_20)","decl":{"start":{"line":45,"column":10},"end":{"line":45,"column":11}},"loc":{"start":{"line":45,"column":19},"end":{"line":45,"column":44}},"line":45},"21":{"name":"filterByArea","decl":{"start":{"line":48,"column":15},"end":{"line":48,"column":27}},"loc":{"start":{"line":48,"column":34},"end":{"line":52,"column":1}},"line":48},"22":{"name":"(anonymous_22)","decl":{"start":{"line":50,"column":10},"end":{"line":50,"column":11}},"loc":{"start":{"line":50,"column":19},"end":{"line":50,"column":29}},"line":50},"23":{"name":"(anonymous_23)","decl":{"start":{"line":51,"column":10},"end":{"line":51,"column":11}},"loc":{"start":{"line":51,"column":19},"end":{"line":51,"column":44}},"line":51},"24":{"name":"filterByCategory","decl":{"start":{"line":54,"column":15},"end":{"line":54,"column":31}},"loc":{"start":{"line":54,"column":42},"end":{"line":58,"column":1}},"line":54},"25":{"name":"(anonymous_25)","decl":{"start":{"line":56,"column":10},"end":{"line":56,"column":11}},"loc":{"start":{"line":56,"column":19},"end":{"line":56,"column":29}},"line":56},"26":{"name":"(anonymous_26)","decl":{"start":{"line":57,"column":10},"end":{"line":57,"column":11}},"loc":{"start":{"line":57,"column":19},"end":{"line":57,"column":40}},"line":57}},"branchMap":{},"s":{"0":27,"1":17,"2":17,"3":1,"4":1,"5":1,"6":1,"7":1,"8":1,"9":0,"10":0,"11":0,"12":20,"13":11,"14":11,"15":0,"16":0,"17":0,"18":2,"19":2,"20":2,"21":0,"22":0,"23":0,"24":3,"25":3,"26":3,"27":6},"f":{"0":27,"1":17,"2":17,"3":1,"4":1,"5":1,"6":1,"7":1,"8":1,"9":0,"10":0,"11":0,"12":20,"13":11,"14":11,"15":0,"16":0,"17":0,"18":2,"19":2,"20":2,"21":0,"22":0,"23":0,"24":3,"25":3,"26":3},"b":{},"_coverageSchema":"1a1c01bbd47fc00a2c39e90264f33305004495a9","hash":"90c5d7fef828fa69c785b75be52f0746322fae7a"}
,"/home/luciano/projetos/projeto-20-App-de-Receitas/sd-021-a-project-recipes-app/src/services/helpers/formatCategory.js": {"path":"/home/luciano/projetos/projeto-20-App-de-Receitas/sd-021-a-project-recipes-app/src/services/helpers/formatCategory.js","statementMap":{"0":{"start":{"line":2,"column":16},"end":{"line":2,"column":17}},"1":{"start":{"line":3,"column":20},"end":{"line":3,"column":33}},"2":{"start":{"line":4,"column":2},"end":{"line":6,"column":3}},"3":{"start":{"line":5,"column":4},"end":{"line":5,"column":43}},"4":{"start":{"line":7,"column":2},"end":{"line":7,"column":28}},"5":{"start":{"line":11,"column":2},"end":{"line":11,"column":39}},"6":{"start":{"line":11,"column":29},"end":{"line":11,"column":39}},"7":{"start":{"line":12,"column":2},"end":{"line":18,"column":5}},"8":{"start":{"line":13,"column":4},"end":{"line":17,"column":10}},"9":{"start":{"line":14,"column":28},"end":{"line":14,"column":32}},"10":{"start":{"line":15,"column":6},"end":{"line":15,"column":36}},"11":{"start":{"line":16,"column":6},"end":{"line":16,"column":17}}},"fnMap":{"0":{"name":"formatName","decl":{"start":{"line":1,"column":9},"end":{"line":1,"column":19}},"loc":{"start":{"line":1,"column":25},"end":{"line":8,"column":1}},"line":1},"1":{"name":"formatCategory","decl":{"start":{"line":10,"column":9},"end":{"line":10,"column":23}},"loc":{"start":{"line":10,"column":38},"end":{"line":19,"column":1}},"line":10},"2":{"name":"(anonymous_2)","decl":{"start":{"line":12,"column":26},"end":{"line":12,"column":27}},"loc":{"start":{"line":13,"column":4},"end":{"line":17,"column":10}},"line":13},"3":{"name":"(anonymous_3)","decl":{"start":{"line":13,"column":36},"end":{"line":13,"column":37}},"loc":{"start":{"line":13,"column":51},"end":{"line":17,"column":5}},"line":13}},"branchMap":{"0":{"loc":{"start":{"line":4,"column":2},"end":{"line":6,"column":3}},"type":"if","locations":[{"start":{"line":4,"column":2},"end":{"line":6,"column":3}},{"start":{},"end":{}}],"line":4},"1":{"loc":{"start":{"line":11,"column":2},"end":{"line":11,"column":39}},"type":"if","locations":[{"start":{"line":11,"column":2},"end":{"line":11,"column":39}},{"start":{},"end":{}}],"line":11}},"s":{"0":1138,"1":1138,"2":1138,"3":1078,"4":60,"5":15,"6":4,"7":11,"8":108,"9":1138,"10":1138,"11":1138},"f":{"0":1138,"1":15,"2":108,"3":1138},"b":{"0":[1078,60],"1":[4,11]},"_coverageSchema":"1a1c01bbd47fc00a2c39e90264f33305004495a9","hash":"7b638d130a3cbab33122d0bdf04df18a8be92cfa"}
,"/home/luciano/projetos/projeto-20-App-de-Receitas/sd-021-a-project-recipes-app/src/services/helpers/mealFormat.js": {"path":"/home/luciano/projetos/projeto-20-App-de-Receitas/sd-021-a-project-recipes-app/src/services/helpers/mealFormat.js","statementMap":{"0":{"start":{"line":2,"column":16},"end":{"line":2,"column":17}},"1":{"start":{"line":3,"column":20},"end":{"line":3,"column":33}},"2":{"start":{"line":4,"column":2},"end":{"line":6,"column":3}},"3":{"start":{"line":5,"column":4},"end":{"line":5,"column":43}},"4":{"start":{"line":7,"column":2},"end":{"line":7,"column":28}},"5":{"start":{"line":11,"column":2},"end":{"line":11,"column":35}},"6":{"start":{"line":11,"column":25},"end":{"line":11,"column":35}},"7":{"start":{"line":12,"column":2},"end":{"line":39,"column":5}},"8":{"start":{"line":13,"column":24},"end":{"line":15,"column":29}},"9":{"start":{"line":14,"column":24},"end":{"line":14,"column":57}},"10":{"start":{"line":15,"column":21},"end":{"line":15,"column":28}},"11":{"start":{"line":16,"column":21},"end":{"line":18,"column":29}},"12":{"start":{"line":17,"column":24},"end":{"line":17,"column":54}},"13":{"start":{"line":18,"column":21},"end":{"line":18,"column":28}},"14":{"start":{"line":19,"column":27},"end":{"line":26,"column":10}},"15":{"start":{"line":20,"column":26},"end":{"line":23,"column":7}},"16":{"start":{"line":24,"column":6},"end":{"line":24,"column":88}},"17":{"start":{"line":24,"column":66},"end":{"line":24,"column":88}},"18":{"start":{"line":25,"column":6},"end":{"line":25,"column":17}},"19":{"start":{"line":27,"column":22},"end":{"line":34,"column":12}},"20":{"start":{"line":29,"column":8},"end":{"line":29,"column":77}},"21":{"start":{"line":31,"column":30},"end":{"line":31,"column":34}},"22":{"start":{"line":32,"column":8},"end":{"line":32,"column":38}},"23":{"start":{"line":33,"column":8},"end":{"line":33,"column":19}},"24":{"start":{"line":35,"column":4},"end":{"line":38,"column":6}}},"fnMap":{"0":{"name":"formatName","decl":{"start":{"line":1,"column":9},"end":{"line":1,"column":19}},"loc":{"start":{"line":1,"column":25},"end":{"line":8,"column":1}},"line":1},"1":{"name":"mealFormat","decl":{"start":{"line":10,"column":9},"end":{"line":10,"column":19}},"loc":{"start":{"line":10,"column":30},"end":{"line":40,"column":1}},"line":10},"2":{"name":"(anonymous_2)","decl":{"start":{"line":12,"column":22},"end":{"line":12,"column":23}},"loc":{"start":{"line":12,"column":32},"end":{"line":39,"column":3}},"line":12},"3":{"name":"(anonymous_3)","decl":{"start":{"line":14,"column":14},"end":{"line":14,"column":15}},"loc":{"start":{"line":14,"column":24},"end":{"line":14,"column":57}},"line":14},"4":{"name":"(anonymous_4)","decl":{"start":{"line":15,"column":11},"end":{"line":15,"column":12}},"loc":{"start":{"line":15,"column":21},"end":{"line":15,"column":28}},"line":15},"5":{"name":"(anonymous_5)","decl":{"start":{"line":17,"column":14},"end":{"line":17,"column":15}},"loc":{"start":{"line":17,"column":24},"end":{"line":17,"column":54}},"line":17},"6":{"name":"(anonymous_6)","decl":{"start":{"line":18,"column":11},"end":{"line":18,"column":12}},"loc":{"start":{"line":18,"column":21},"end":{"line":18,"column":28}},"line":18},"7":{"name":"(anonymous_7)","decl":{"start":{"line":19,"column":46},"end":{"line":19,"column":47}},"loc":{"start":{"line":19,"column":70},"end":{"line":26,"column":5}},"line":19},"8":{"name":"(anonymous_8)","decl":{"start":{"line":28,"column":14},"end":{"line":28,"column":15}},"loc":{"start":{"line":29,"column":8},"end":{"line":29,"column":77}},"line":29},"9":{"name":"(anonymous_9)","decl":{"start":{"line":30,"column":16},"end":{"line":30,"column":17}},"loc":{"start":{"line":30,"column":31},"end":{"line":34,"column":7}},"line":30}},"branchMap":{"0":{"loc":{"start":{"line":4,"column":2},"end":{"line":6,"column":3}},"type":"if","locations":[{"start":{"line":4,"column":2},"end":{"line":6,"column":3}},{"start":{},"end":{}}],"line":4},"1":{"loc":{"start":{"line":11,"column":2},"end":{"line":11,"column":35}},"type":"if","locations":[{"start":{"line":11,"column":2},"end":{"line":11,"column":35}},{"start":{},"end":{}}],"line":11},"2":{"loc":{"start":{"line":24,"column":6},"end":{"line":24,"column":88}},"type":"if","locations":[{"start":{"line":24,"column":6},"end":{"line":24,"column":88}},{"start":{},"end":{}}],"line":24},"3":{"loc":{"start":{"line":24,"column":10},"end":{"line":24,"column":64}},"type":"binary-expr","locations":[{"start":{"line":24,"column":10},"end":{"line":24,"column":27}},{"start":{"line":24,"column":31},"end":{"line":24,"column":50}},{"start":{"line":24,"column":54},"end":{"line":24,"column":64}}],"line":24},"4":{"loc":{"start":{"line":29,"column":8},"end":{"line":29,"column":77}},"type":"binary-expr","locations":[{"start":{"line":29,"column":8},"end":{"line":29,"column":42}},{"start":{"line":29,"column":46},"end":{"line":29,"column":77}}],"line":29}},"s":{"0":2333,"1":2333,"2":2333,"3":1957,"4":376,"5":27,"6":4,"7":23,"8":237,"9":7603,"10":2635,"11":237,"12":7603,"13":2635,"14":237,"15":2635,"16":2635,"17":1323,"18":2635,"19":237,"20":7603,"21":2333,"22":2333,"23":2333,"24":237},"f":{"0":2333,"1":27,"2":237,"3":7603,"4":2635,"5":7603,"6":2635,"7":2635,"8":7603,"9":2333},"b":{"0":[1957,376],"1":[4,23],"2":[1323,1312],"3":[2635,1669,1323],"4":[7603,4968]},"_coverageSchema":"1a1c01bbd47fc00a2c39e90264f33305004495a9","hash":"fec257106f7d89a5ae4c48abbff3a2622f91b56d"}
,"/home/luciano/projetos/projeto-20-App-de-Receitas/sd-021-a-project-recipes-app/src/store/index.js": {"path":"/home/luciano/projetos/projeto-20-App-de-Receitas/sd-021-a-project-recipes-app/src/store/index.js","statementMap":{"0":{"start":{"line":5,"column":26},"end":{"line":5,"column":41}},"1":{"start":{"line":8,"column":32},"end":{"line":8,"column":56}},"2":{"start":{"line":10,"column":24},"end":{"line":12,"column":3}},"3":{"start":{"line":11,"column":4},"end":{"line":11,"column":44}},"4":{"start":{"line":14,"column":2},"end":{"line":18,"column":4}},"5":{"start":{"line":21,"column":0},"end":{"line":26,"column":2}}},"fnMap":{"0":{"name":"AppProvider","decl":{"start":{"line":7,"column":9},"end":{"line":7,"column":20}},"loc":{"start":{"line":7,"column":35},"end":{"line":19,"column":1}},"line":7},"1":{"name":"(anonymous_1)","decl":{"start":{"line":10,"column":24},"end":{"line":10,"column":25}},"loc":{"start":{"line":10,"column":43},"end":{"line":12,"column":3}},"line":10}},"branchMap":{},"s":{"0":6,"1":47,"2":47,"3":25,"4":47,"5":6},"f":{"0":47,"1":25},"b":{},"_coverageSchema":"1a1c01bbd47fc00a2c39e90264f33305004495a9","hash":"b3b52527e14a19a1a514a4b43ccb58b9e13a29f0"}
,"/home/luciano/projetos/projeto-20-App-de-Receitas/sd-021-a-project-recipes-app/src/store/initialContext.js": {"path":"/home/luciano/projetos/projeto-20-App-de-Receitas/sd-021-a-project-recipes-app/src/store/initialContext.js","statementMap":{"0":{"start":{"line":1,"column":23},"end":{"line":3,"column":1}}},"fnMap":{},"branchMap":{},"s":{"0":6},"f":{},"b":{},"_coverageSchema":"1a1c01bbd47fc00a2c39e90264f33305004495a9","hash":"8e133b3126d275605b364723770b6aaf546a2996"}
}
