TN:
SF:src/App.js
FN:5,App
FNF:1
FNH:1
FNDA:26,App
DA:6,26
LF:1
LH:1
BRF:0
BRH:0
end_of_record
TN:
SF:src/components/CategoryBar.jsx
FN:7,CategoryBar
FN:16,(anonymous_1)
FN:17,(anonymous_2)
FN:19,(anonymous_3)
FN:25,(anonymous_4)
FN:33,(anonymous_5)
FN:46,(anonymous_6)
FN:54,(anonymous_7)
FN:60,(anonymous_8)
FNF:9
FNH:9
FNDA:142,CategoryBar
FNDA:24,(anonymous_1)
FNDA:24,(anonymous_2)
FNDA:13,(anonymous_3)
FNDA:3,(anonymous_4)
FNDA:3,(anonymous_5)
FNDA:2,(anonymous_6)
FNDA:108,(anonymous_7)
FNDA:4,(anonymous_8)
DA:8,142
DA:9,140
DA:10,140
DA:13,140
DA:14,140
DA:16,140
DA:17,24
DA:18,24
DA:19,13
DA:20,13
DA:22,24
DA:25,140
DA:26,3
DA:27,3
DA:33,140
DA:34,3
DA:35,3
DA:41,140
DA:47,2
DA:48,2
DA:55,108
DA:61,4
DA:62,1
DA:63,1
DA:65,3
DA:66,3
DA:78,6
LF:27
LH:27
BRDA:14,0,0,132
BRDA:14,0,1,8
BRDA:29,1,0,2
BRDA:29,1,1,1
BRDA:37,2,0,2
BRDA:37,2,1,1
BRDA:61,3,0,1
BRDA:61,3,1,3
BRF:8
BRH:8
end_of_record
TN:
SF:src/components/Footer.jsx
FN:7,Footer
FN:17,(anonymous_1)
FN:25,(anonymous_2)
FNF:3
FNH:3
FNDA:26,Footer
FNDA:2,(anonymous_1)
FNDA:1,(anonymous_2)
DA:8,26
DA:9,26
DA:17,2
DA:25,1
DA:34,6
LF:5
LH:5
BRF:0
BRH:0
end_of_record
TN:
SF:src/components/Header.jsx
FN:6,Header
FN:14,(anonymous_1)
FN:25,(anonymous_2)
FN:26,(anonymous_3)
FNF:4
FNH:4
FNDA:28,Header
FNDA:26,(anonymous_1)
FNDA:1,(anonymous_2)
FNDA:2,(anonymous_3)
DA:11,28
DA:13,26
DA:14,26
DA:15,26
DA:16,26
DA:17,26
DA:20,26
DA:25,1
DA:26,2
DA:44,6
LF:10
LH:10
BRDA:24,0,0,2
BRDA:24,0,1,24
BRDA:35,1,0,26
BRDA:35,1,1,24
BRF:4
BRH:4
end_of_record
TN:
SF:src/components/SearchBar.jsx
FN:10,SearchBar
FN:26,(anonymous_1)
FN:27,(anonymous_2)
FN:30,(anonymous_3)
FN:36,(anonymous_4)
FN:40,(anonymous_5)
FN:51,(anonymous_6)
FN:64,(anonymous_7)
FN:73,(anonymous_8)
FN:133,(anonymous_9)
FNF:10
FNH:10
FNDA:134,SearchBar
FNDA:24,(anonymous_1)
FNDA:24,(anonymous_2)
FNDA:12,(anonymous_3)
FNDA:65,(anonymous_4)
FNDA:7,(anonymous_5)
FNDA:7,(anonymous_6)
FNDA:14,(anonymous_7)
FNDA:10,(anonymous_8)
FNDA:8,(anonymous_9)
DA:11,134
DA:12,132
DA:18,132
DA:19,132
DA:20,132
DA:21,132
DA:26,132
DA:27,24
DA:28,24
DA:30,12
DA:33,24
DA:36,132
DA:37,65
DA:40,132
DA:41,7
DA:43,2
DA:45,4
DA:47,1
DA:51,132
DA:52,7
DA:53,7
DA:54,2
DA:56,7
DA:57,7
DA:58,7
DA:64,132
DA:65,14
DA:68,132
DA:73,10
DA:134,8
DA:135,8
DA:136,1
DA:138,7
DA:157,6
LF:34
LH:34
BRDA:41,0,0,2
BRDA:41,0,1,4
BRDA:41,0,2,1
BRDA:53,1,0,2
BRDA:53,1,1,5
BRDA:56,2,0,6
BRDA:56,2,1,1
BRDA:57,3,0,2
BRDA:57,3,1,5
BRDA:60,4,0,1
BRDA:60,4,1,6
BRDA:81,5,0,132
BRDA:81,5,1,94
BRDA:92,6,0,132
BRDA:92,6,1,94
BRDA:135,7,0,1
BRDA:135,7,1,7
BRDA:135,8,0,8
BRDA:135,8,1,7
BRF:19
BRH:19
end_of_record
TN:
SF:src/pages/details/RecipeDetails.js
FN:12,RecipeDetails
FN:27,(anonymous_1)
FN:30,(anonymous_2)
FN:34,(anonymous_3)
FN:41,(anonymous_4)
FN:42,(anonymous_5)
FN:46,(anonymous_6)
FN:79,onFavoriteBtnClick
FN:99,(anonymous_8)
FN:114,onShareBtnClick
FN:164,(anonymous_10)
FNF:11
FNH:7
FNDA:6,RecipeDetails
FNDA:18,(anonymous_1)
FNDA:2,(anonymous_2)
FNDA:0,(anonymous_3)
FNDA:2,(anonymous_4)
FNDA:2,(anonymous_5)
FNDA:2,(anonymous_6)
FNDA:0,onFavoriteBtnClick
FNDA:0,(anonymous_8)
FNDA:0,onShareBtnClick
FNDA:34,(anonymous_10)
DA:10,6
DA:13,6
DA:14,6
DA:15,6
DA:16,6
DA:17,6
DA:24,6
DA:26,6
DA:27,18
DA:28,6
DA:30,6
DA:31,2
DA:33,2
DA:34,0
DA:35,0
DA:36,0
DA:41,6
DA:42,2
DA:43,2
DA:44,2
DA:46,2
DA:47,2
DA:49,2
DA:52,2
DA:53,2
DA:80,0
DA:81,0
DA:82,0
DA:83,0
DA:84,0
DA:85,0
DA:87,0
DA:89,0
DA:90,0
DA:94,0
DA:95,0
DA:98,0
DA:99,0
DA:100,0
DA:104,0
DA:108,0
DA:111,0
DA:115,0
DA:116,0
DA:119,6
DA:165,34
DA:197,6
LF:47
LH:25
BRDA:28,0,0,3
BRDA:28,0,1,3
BRDA:33,1,0,0
BRDA:33,1,1,2
BRDA:35,2,0,0
BRDA:35,2,1,0
BRDA:80,3,0,0
BRDA:80,3,1,0
BRDA:81,4,0,0
BRDA:81,4,1,0
BRDA:89,5,0,0
BRDA:89,5,1,0
BRDA:94,6,0,0
BRDA:94,6,1,0
BRDA:98,7,0,0
BRDA:98,7,1,0
BRDA:111,8,0,0
BRDA:111,8,1,0
BRDA:130,9,0,6
BRDA:130,9,1,4
BRDA:131,10,0,6
BRDA:131,10,1,4
BRDA:137,11,0,6
BRDA:137,11,1,4
BRDA:161,12,0,6
BRDA:161,12,1,4
BRDA:176,13,0,6
BRDA:176,13,1,3
BRDA:184,14,0,6
BRDA:184,14,1,6
BRF:30
BRH:15
end_of_record
TN:
SF:src/pages/details/components/Carousel.js
FN:4,Carousel
FN:7,(anonymous_1)
FN:8,(anonymous_2)
FN:9,(anonymous_3)
FN:29,(anonymous_4)
FNF:5
FNH:5
FNDA:10,Carousel
FNDA:4,(anonymous_1)
FNDA:4,(anonymous_2)
FNDA:2,(anonymous_3)
FNDA:2,(anonymous_4)
DA:5,10
DA:7,10
DA:8,4
DA:9,4
DA:10,4
DA:12,4
DA:15,10
DA:30,2
DA:56,6
LF:9
LH:9
BRDA:45,0,0,2
BRDA:45,0,1,1
BRDA:46,1,0,2
BRDA:46,1,1,1
BRDA:49,2,0,2
BRDA:49,2,1,1
BRF:6
BRH:6
end_of_record
TN:
SF:src/pages/home/Recipes.js
FN:6,Recipes
FNF:1
FNH:1
FNDA:26,Recipes
DA:7,26
DA:8,24
DA:9,24
DA:23,6
LF:4
LH:4
BRDA:12,0,0,20
BRDA:12,0,1,4
BRF:2
BRH:2
end_of_record
TN:
SF:src/pages/home/components/RecipeCards.js
FN:6,RecipeCards
FN:13,(anonymous_1)
FNF:2
FNH:2
FNDA:43,RecipeCards
FNDA:144,(anonymous_1)
DA:7,43
DA:8,43
DA:9,43
DA:10,43
DA:14,144
DA:47,6
LF:6
LH:6
BRDA:15,0,0,144
BRDA:15,0,1,0
BRDA:16,1,0,144
BRDA:16,1,1,0
BRDA:24,2,0,144
BRDA:24,2,1,0
BRDA:25,3,0,144
BRDA:25,3,1,0
BRDA:32,4,0,144
BRDA:32,4,1,0
BRF:10
BRH:5
end_of_record
TN:
SF:src/pages/login/Login.js
FN:4,Login
FN:8,(anonymous_1)
FN:16,(anonymous_2)
FN:23,(anonymous_3)
FN:24,(anonymous_4)
FNF:5
FNH:5
FNDA:129,Login
FNDA:129,(anonymous_1)
FNDA:2,(anonymous_2)
FNDA:105,(anonymous_3)
FNDA:105,(anonymous_4)
DA:5,129
DA:6,129
DA:8,129
DA:9,129
DA:10,129
DA:11,129
DA:13,129
DA:16,129
DA:17,2
DA:18,2
DA:19,2
DA:20,2
DA:23,129
DA:24,105
DA:27,129
DA:61,6
LF:16
LH:16
BRDA:11,0,0,129
BRDA:11,0,1,48
BRF:2
BRH:2
end_of_record
TN:
SF:src/pages/notFound/index.js
FN:3,NotFound
FNF:1
FNH:1
FNDA:1,NotFound
DA:4,1
LF:1
LH:1
BRF:0
BRH:0
end_of_record
TN:
SF:src/pages/profile/Profile.jsx
FN:6,Profile
FNF:1
FNH:1
FNDA:2,Profile
DA:7,2
DA:8,2
DA:23,6
LF:3
LH:3
BRF:0
BRH:0
end_of_record
TN:
SF:src/pages/progress/Progress.jsx
FN:7,Progress
FN:10,(anonymous_1)
FN:18,(anonymous_2)
FN:19,(anonymous_3)
FNF:4
FNH:0
FNDA:0,Progress
FNDA:0,(anonymous_1)
FNDA:0,(anonymous_2)
FNDA:0,(anonymous_3)
DA:8,0
DA:9,0
DA:10,0
DA:11,0
DA:12,0
DA:13,0
DA:16,0
DA:18,0
DA:19,0
DA:20,0
DA:21,0
DA:22,0
DA:24,0
DA:27,0
DA:30,0
DA:31,0
DA:34,0
LF:17
LH:0
BRDA:12,0,0,0
BRDA:12,0,1,0
BRDA:21,1,0,0
BRDA:21,1,1,0
BRDA:30,2,0,0
BRDA:30,2,1,0
BRDA:37,3,0,0
BRDA:37,3,1,0
BRDA:41,4,0,0
BRDA:41,4,1,0
BRDA:42,5,0,0
BRDA:42,5,1,0
BRDA:47,6,0,0
BRDA:47,6,1,0
BRF:14
BRH:0
end_of_record
TN:
SF:src/services/drinkAPI.js
FN:6,name
FN:8,(anonymous_1)
FN:9,(anonymous_2)
FN:12,firstLetter
FN:14,(anonymous_4)
FN:15,(anonymous_5)
FN:18,getIngridientByName
FN:20,(anonymous_7)
FN:21,(anonymous_8)
FN:24,getById
FN:26,(anonymous_10)
FN:27,(anonymous_11)
FN:30,getIngredientById
FN:32,(anonymous_13)
FN:33,(anonymous_14)
FN:36,randomOne
FN:38,(anonymous_16)
FN:39,(anonymous_17)
FN:42,filterByIngredient
FN:44,(anonymous_19)
FN:45,(anonymous_20)
FN:48,filterByAlcoholic
FN:53,(anonymous_22)
FN:54,(anonymous_23)
FN:57,filterByCategory
FN:59,(anonymous_25)
FN:60,(anonymous_26)
FN:63,getCategories
FN:65,(anonymous_28)
FN:66,(anonymous_29)
FNF:30
FNH:9
FNDA:6,name
FNDA:4,(anonymous_1)
FNDA:4,(anonymous_2)
FNDA:0,firstLetter
FNDA:0,(anonymous_4)
FNDA:0,(anonymous_5)
FNDA:0,getIngridientByName
FNDA:0,(anonymous_7)
FNDA:0,(anonymous_8)
FNDA:1,getById
FNDA:1,(anonymous_10)
FNDA:1,(anonymous_11)
FNDA:0,getIngredientById
FNDA:0,(anonymous_13)
FNDA:0,(anonymous_14)
FNDA:0,randomOne
FNDA:0,(anonymous_16)
FNDA:0,(anonymous_17)
FNDA:0,filterByIngredient
FNDA:0,(anonymous_19)
FNDA:0,(anonymous_20)
FNDA:0,filterByAlcoholic
FNDA:0,(anonymous_22)
FNDA:0,(anonymous_23)
FNDA:0,filterByCategory
FNDA:0,(anonymous_25)
FNDA:0,(anonymous_26)
FNDA:4,getCategories
FNDA:2,(anonymous_28)
FNDA:2,(anonymous_29)
DA:7,6
DA:8,4
DA:9,4
DA:13,0
DA:14,0
DA:15,0
DA:19,0
DA:20,0
DA:21,0
DA:25,1
DA:26,1
DA:27,1
DA:31,0
DA:32,0
DA:33,0
DA:37,0
DA:38,0
DA:39,0
DA:43,0
DA:44,0
DA:45,0
DA:49,0
DA:52,0
DA:53,0
DA:54,0
DA:58,0
DA:59,0
DA:60,0
DA:64,4
DA:65,2
DA:66,2
DA:69,6
LF:32
LH:10
BRDA:49,0,0,0
BRDA:49,0,1,0
BRF:2
BRH:0
end_of_record
TN:
SF:src/services/mealAPI.js
FN:6,name
FN:8,(anonymous_1)
FN:9,(anonymous_2)
FN:12,firstLetter
FN:14,(anonymous_4)
FN:15,(anonymous_5)
FN:18,getById
FN:20,(anonymous_7)
FN:21,(anonymous_8)
FN:24,randomOne
FN:26,(anonymous_10)
FN:27,(anonymous_11)
FN:30,getCategories
FN:32,(anonymous_13)
FN:33,(anonymous_14)
FN:36,getAreas
FN:38,(anonymous_16)
FN:39,(anonymous_17)
FN:42,filterByIngredient
FN:44,(anonymous_19)
FN:45,(anonymous_20)
FN:48,filterByArea
FN:50,(anonymous_22)
FN:51,(anonymous_23)
FN:54,filterByCategory
FN:56,(anonymous_25)
FN:57,(anonymous_26)
FNF:27
FNH:18
FNDA:27,name
FNDA:17,(anonymous_1)
FNDA:17,(anonymous_2)
FNDA:1,firstLetter
FNDA:1,(anonymous_4)
FNDA:1,(anonymous_5)
FNDA:1,getById
FNDA:1,(anonymous_7)
FNDA:1,(anonymous_8)
FNDA:0,randomOne
FNDA:0,(anonymous_10)
FNDA:0,(anonymous_11)
FNDA:20,getCategories
FNDA:11,(anonymous_13)
FNDA:11,(anonymous_14)
FNDA:0,getAreas
FNDA:0,(anonymous_16)
FNDA:0,(anonymous_17)
FNDA:2,filterByIngredient
FNDA:2,(anonymous_19)
FNDA:2,(anonymous_20)
FNDA:0,filterByArea
FNDA:0,(anonymous_22)
FNDA:0,(anonymous_23)
FNDA:3,filterByCategory
FNDA:3,(anonymous_25)
FNDA:3,(anonymous_26)
DA:7,27
DA:8,17
DA:9,17
DA:13,1
DA:14,1
DA:15,1
DA:19,1
DA:20,1
DA:21,1
DA:25,0
DA:26,0
DA:27,0
DA:31,20
DA:32,11
DA:33,11
DA:37,0
DA:38,0
DA:39,0
DA:43,2
DA:44,2
DA:45,2
DA:49,0
DA:50,0
DA:51,0
DA:55,3
DA:56,3
DA:57,3
DA:60,6
LF:28
LH:19
BRF:0
BRH:0
end_of_record
TN:
SF:src/services/helpers/formatCategory.js
FN:1,formatName
FN:10,formatCategory
FN:12,(anonymous_2)
FN:13,(anonymous_3)
FNF:4
FNH:4
FNDA:1138,formatName
FNDA:15,formatCategory
FNDA:108,(anonymous_2)
FNDA:1138,(anonymous_3)
DA:2,1138
DA:3,1138
DA:4,1138
DA:5,1078
DA:7,60
DA:11,15
DA:12,11
DA:13,108
DA:14,1138
DA:15,1138
DA:16,1138
LF:11
LH:11
BRDA:4,0,0,1078
BRDA:4,0,1,60
BRDA:11,1,0,4
BRDA:11,1,1,11
BRF:4
BRH:4
end_of_record
TN:
SF:src/services/helpers/mealFormat.js
FN:1,formatName
FN:10,mealFormat
FN:12,(anonymous_2)
FN:14,(anonymous_3)
FN:15,(anonymous_4)
FN:17,(anonymous_5)
FN:18,(anonymous_6)
FN:19,(anonymous_7)
FN:28,(anonymous_8)
FN:30,(anonymous_9)
FNF:10
FNH:10
FNDA:2333,formatName
FNDA:27,mealFormat
FNDA:237,(anonymous_2)
FNDA:7603,(anonymous_3)
FNDA:2635,(anonymous_4)
FNDA:7603,(anonymous_5)
FNDA:2635,(anonymous_6)
FNDA:2635,(anonymous_7)
FNDA:7603,(anonymous_8)
FNDA:2333,(anonymous_9)
DA:2,2333
DA:3,2333
DA:4,2333
DA:5,1957
DA:7,376
DA:11,27
DA:12,23
DA:13,237
DA:14,7603
DA:15,2635
DA:16,237
DA:17,7603
DA:18,2635
DA:19,237
DA:20,2635
DA:24,2635
DA:25,2635
DA:27,237
DA:29,7603
DA:31,2333
DA:32,2333
DA:33,2333
DA:35,237
LF:23
LH:23
BRDA:4,0,0,1957
BRDA:4,0,1,376
BRDA:11,1,0,4
BRDA:11,1,1,23
BRDA:24,2,0,1323
BRDA:24,2,1,1312
BRDA:24,3,0,2635
BRDA:24,3,1,1669
BRDA:24,3,2,1323
BRDA:29,4,0,7603
BRDA:29,4,1,4968
BRF:11
BRH:11
end_of_record
TN:
SF:src/store/index.js
FN:7,AppProvider
FN:10,(anonymous_1)
FNF:2
FNH:2
FNDA:47,AppProvider
FNDA:25,(anonymous_1)
DA:5,6
DA:8,47
DA:10,47
DA:11,25
DA:14,47
DA:21,6
LF:6
LH:6
BRF:0
BRH:0
end_of_record
TN:
SF:src/store/initialContext.js
FNF:0
FNH:0
DA:1,6
LF:1
LH:1
BRF:0
BRH:0
end_of_record
