{"total": {"lines":{"total":155,"covered":62,"skipped":0,"pct":40},"statements":{"total":157,"covered":64,"skipped":0,"pct":40.76},"functions":{"total":37,"covered":24,"skipped":0,"pct":64.86},"branches":{"total":33,"covered":4,"skipped":0,"pct":12.12},"branchesTrue":{"total":0,"covered":0,"skipped":0,"pct":100}}
,"/home/luciano/projetos/projeto-31-Car-Shop/sd-021-a-project-car-shop/src/Controllers/Car.ts": {"lines":{"total":44,"covered":0,"skipped":0,"pct":0},"functions":{"total":6,"covered":0,"skipped":0,"pct":0},"statements":{"total":44,"covered":0,"skipped":0,"pct":0},"branches":{"total":12,"covered":0,"skipped":0,"pct":0}}
,"/home/luciano/projetos/projeto-31-Car-Shop/sd-021-a-project-car-shop/src/Controllers/Motorcycles.ts": {"lines":{"total":44,"covered":0,"skipped":0,"pct":0},"functions":{"total":6,"covered":0,"skipped":0,"pct":0},"statements":{"total":44,"covered":0,"skipped":0,"pct":0},"branches":{"total":12,"covered":0,"skipped":0,"pct":0}}
,"/home/luciano/projetos/projeto-31-Car-Shop/sd-021-a-project-car-shop/src/Models/AbstractODM.ts": {"lines":{"total":8,"covered":8,"skipped":0,"pct":100},"functions":{"total":4,"covered":4,"skipped":0,"pct":100},"statements":{"total":8,"covered":8,"skipped":0,"pct":100},"branches":{"total":2,"covered":2,"skipped":0,"pct":100}}
,"/home/luciano/projetos/projeto-31-Car-Shop/sd-021-a-project-car-shop/src/Models/Car.ts": {"lines":{"total":7,"covered":7,"skipped":0,"pct":100},"functions":{"total":3,"covered":3,"skipped":0,"pct":100},"statements":{"total":7,"covered":7,"skipped":0,"pct":100},"branches":{"total":0,"covered":0,"skipped":0,"pct":100}}
,"/home/luciano/projetos/projeto-31-Car-Shop/sd-021-a-project-car-shop/src/Models/Connection.ts": {"lines":{"total":3,"covered":0,"skipped":0,"pct":0},"functions":{"total":1,"covered":0,"skipped":0,"pct":0},"statements":{"total":3,"covered":0,"skipped":0,"pct":0},"branches":{"total":3,"covered":0,"skipped":0,"pct":0}}
,"/home/luciano/projetos/projeto-31-Car-Shop/sd-021-a-project-car-shop/src/Models/Motorcycle.ts": {"lines":{"total":7,"covered":7,"skipped":0,"pct":100},"functions":{"total":3,"covered":3,"skipped":0,"pct":100},"statements":{"total":7,"covered":7,"skipped":0,"pct":100},"branches":{"total":0,"covered":0,"skipped":0,"pct":100}}
,"/home/luciano/projetos/projeto-31-Car-Shop/sd-021-a-project-car-shop/src/Services/Car.ts": {"lines":{"total":21,"covered":20,"skipped":0,"pct":95.23},"functions":{"total":7,"covered":7,"skipped":0,"pct":100},"statements":{"total":22,"covered":21,"skipped":0,"pct":95.45},"branches":{"total":2,"covered":1,"skipped":0,"pct":50}}
,"/home/luciano/projetos/projeto-31-Car-Shop/sd-021-a-project-car-shop/src/Services/Motorcycle.ts": {"lines":{"total":21,"covered":20,"skipped":0,"pct":95.23},"functions":{"total":7,"covered":7,"skipped":0,"pct":100},"statements":{"total":22,"covered":21,"skipped":0,"pct":95.45},"branches":{"total":2,"covered":1,"skipped":0,"pct":50}}
}
