TN:
SF:src/Controllers/Car.ts
FN:15,(anonymous_0)
FN:22,(anonymous_1)
FN:41,(anonymous_2)
FN:50,(anonymous_3)
FN:70,(anonymous_4)
FN:99,(anonymous_5)
FNF:6
FNH:0
FNDA:0,(anonymous_0)
FNDA:0,(anonymous_1)
FNDA:0,(anonymous_2)
FNDA:0,(anonymous_3)
FNDA:0,(anonymous_4)
FNDA:0,(anonymous_5)
DA:6,0
DA:7,0
DA:16,0
DA:17,0
DA:18,0
DA:19,0
DA:23,0
DA:33,0
DA:34,0
DA:35,0
DA:37,0
DA:42,0
DA:43,0
DA:44,0
DA:46,0
DA:51,0
DA:53,0
DA:54,0
DA:55,0
DA:58,0
DA:60,0
DA:61,0
DA:64,0
DA:66,0
DA:71,0
DA:80,0
DA:82,0
DA:83,0
DA:84,0
DA:87,0
DA:89,0
DA:90,0
DA:93,0
DA:95,0
DA:100,0
DA:102,0
DA:103,0
DA:104,0
DA:107,0
DA:108,0
DA:109,0
DA:112,0
DA:114,0
DA:116,0
LF:44
LH:0
BRDA:54,0,0,0
BRDA:54,0,1,0
BRDA:60,1,0,0
BRDA:60,1,1,0
BRDA:83,2,0,0
BRDA:83,2,1,0
BRDA:89,3,0,0
BRDA:89,3,1,0
BRDA:103,4,0,0
BRDA:103,4,1,0
BRDA:108,5,0,0
BRDA:108,5,1,0
BRF:12
BRH:0
end_of_record
TN:
SF:src/Controllers/Motorcycles.ts
FN:14,(anonymous_0)
FN:21,(anonymous_1)
FN:40,(anonymous_2)
FN:49,(anonymous_3)
FN:69,(anonymous_4)
FN:98,(anonymous_5)
FNF:6
FNH:0
FNDA:0,(anonymous_0)
FNDA:0,(anonymous_1)
FNDA:0,(anonymous_2)
FNDA:0,(anonymous_3)
FNDA:0,(anonymous_4)
FNDA:0,(anonymous_5)
DA:6,0
DA:7,0
DA:15,0
DA:16,0
DA:17,0
DA:18,0
DA:22,0
DA:32,0
DA:33,0
DA:34,0
DA:36,0
DA:41,0
DA:42,0
DA:43,0
DA:45,0
DA:50,0
DA:52,0
DA:53,0
DA:54,0
DA:57,0
DA:59,0
DA:60,0
DA:63,0
DA:65,0
DA:70,0
DA:79,0
DA:81,0
DA:82,0
DA:83,0
DA:86,0
DA:88,0
DA:89,0
DA:92,0
DA:94,0
DA:99,0
DA:101,0
DA:102,0
DA:103,0
DA:106,0
DA:107,0
DA:108,0
DA:111,0
DA:113,0
DA:115,0
LF:44
LH:0
BRDA:53,0,0,0
BRDA:53,0,1,0
BRDA:59,1,0,0
BRDA:59,1,1,0
BRDA:82,2,0,0
BRDA:82,2,1,0
BRDA:88,3,0,0
BRDA:88,3,1,0
BRDA:102,4,0,0
BRDA:102,4,1,0
BRDA:107,5,0,0
BRDA:107,5,1,0
BRF:12
BRH:0
end_of_record
TN:
SF:src/Models/AbstractODM.ts
FN:14,(anonymous_0)
FN:20,(anonymous_1)
FN:24,(anonymous_2)
FN:32,(anonymous_3)
FNF:4
FNH:4
FNDA:14,(anonymous_0)
FNDA:2,(anonymous_1)
FNDA:4,(anonymous_2)
FNDA:2,(anonymous_3)
DA:1,1
DA:15,14
DA:16,14
DA:17,14
DA:21,2
DA:25,4
DA:33,2
DA:37,1
LF:8
LH:8
BRDA:17,0,0,14
BRDA:17,0,1,2
BRF:2
BRH:2
end_of_record
TN:
SF:src/Models/Car.ts
FN:6,(anonymous_1)
FN:19,(anonymous_2)
FN:23,(anonymous_3)
FNF:3
FNH:3
FNDA:7,(anonymous_1)
FNDA:1,(anonymous_2)
FNDA:2,(anonymous_3)
DA:1,1
DA:3,1
DA:7,7
DA:16,7
DA:20,1
DA:24,2
DA:28,1
LF:7
LH:7
BRF:0
BRH:0
end_of_record
TN:
SF:src/Models/Connection.ts
FN:6,(anonymous_0)
FNF:1
FNH:0
FNDA:0,(anonymous_0)
DA:4,0
DA:6,0
DA:9,0
LF:3
LH:0
BRDA:7,0,0,0
BRDA:7,1,0,0
BRDA:7,1,1,0
BRF:3
BRH:0
end_of_record
TN:
SF:src/Models/Motorcycle.ts
FN:6,(anonymous_1)
FN:19,(anonymous_2)
FN:23,(anonymous_3)
FNF:3
FNH:3
FNDA:7,(anonymous_1)
FNDA:1,(anonymous_2)
FNDA:2,(anonymous_3)
DA:1,1
DA:3,1
DA:7,7
DA:16,7
DA:20,1
DA:24,2
DA:28,1
LF:7
LH:7
BRF:0
BRH:0
end_of_record
TN:
SF:src/Services/Car.ts
FN:6,(anonymous_1)
FN:13,(anonymous_2)
FN:20,(anonymous_3)
FN:24,(anonymous_4)
FN:29,(anonymous_5)
FN:36,(anonymous_6)
FN:43,(anonymous_7)
FNF:7
FNH:7
FNDA:7,(anonymous_1)
FNDA:1,(anonymous_2)
FNDA:1,(anonymous_3)
FNDA:2,(anonymous_4)
FNDA:2,(anonymous_5)
FNDA:2,(anonymous_6)
FNDA:1,(anonymous_7)
DA:1,1
DA:3,1
DA:7,7
DA:8,7
DA:10,0
DA:14,1
DA:15,1
DA:17,1
DA:21,1
DA:22,1
DA:24,2
DA:26,1
DA:30,2
DA:31,2
DA:33,2
DA:37,2
DA:39,2
DA:40,2
DA:44,1
DA:46,1
DA:50,1
LF:21
LH:20
BRDA:7,0,0,7
BRDA:7,0,1,0
BRF:2
BRH:1
end_of_record
TN:
SF:src/Services/Motorcycle.ts
FN:6,(anonymous_1)
FN:13,(anonymous_2)
FN:20,(anonymous_3)
FN:24,(anonymous_4)
FN:29,(anonymous_5)
FN:36,(anonymous_6)
FN:43,(anonymous_7)
FNF:7
FNH:7
FNDA:7,(anonymous_1)
FNDA:1,(anonymous_2)
FNDA:1,(anonymous_3)
FNDA:2,(anonymous_4)
FNDA:2,(anonymous_5)
FNDA:2,(anonymous_6)
FNDA:1,(anonymous_7)
DA:1,1
DA:3,1
DA:7,7
DA:8,7
DA:10,0
DA:14,1
DA:15,1
DA:17,1
DA:21,1
DA:22,1
DA:24,2
DA:26,1
DA:30,2
DA:31,2
DA:33,2
DA:37,2
DA:39,2
DA:40,2
DA:44,1
DA:46,1
DA:50,1
LF:21
LH:20
BRDA:7,0,0,7
BRDA:7,0,1,0
BRF:2
BRH:1
end_of_record
